2022-05-14 23:29:11,766 13012 608450915.py[line:268] - INFO: 开始拼接日志和标签数据
2022-05-14 23:29:12,286 13012 608450915.py[line:277] - INFO: 拼接日志和标签数据结束
2022-05-14 23:29:12,286 13012 608450915.py[line:279] - INFO: 开始匹配日志和标签
2022-05-14 23:29:12,287 13012 608450915.py[line:280] - INFO: 使用报错时间截断进行划分
2022-05-14 23:34:47,412 13012 608450915.py[line:287] - INFO: 匹配日志和标签结束
2022-05-14 23:34:47,412 13012 608450915.py[line:289] - INFO: 开始计算统计特征
2022-05-14 23:35:14,013 13012 608450915.py[line:292] - INFO: 计算统计特征结束
2022-05-14 23:35:14,016 13012 608450915.py[line:298] - INFO: 开始计算词频特征
2022-05-14 23:35:18,678 13012 608450915.py[line:308] - INFO: 计算词频特征结束
2022-05-14 23:35:19,572 13012 608450915.py[line:319] - INFO: 最后3列为: label, sn, fault_time, 其余列均为特征
2022-05-14 23:35:19,573 13012 608450915.py[line:320] - INFO: 数据条数: 15879, 特征个数: 303
2022-05-14 23:37:09,853 13012 4092513637.py[line:469] - INFO: 开始第0轮训练和预测
2022-05-14 23:37:13,217 13012 4092513637.py[line:476] - INFO: 第0轮训练和预测结束
2022-05-14 23:37:13,238 13012 4092513637.py[line:469] - INFO: 开始第1轮训练和预测
2022-05-14 23:37:16,532 13012 4092513637.py[line:476] - INFO: 第1轮训练和预测结束
2022-05-14 23:37:16,554 13012 4092513637.py[line:469] - INFO: 开始第2轮训练和预测
2022-05-14 23:37:19,855 13012 4092513637.py[line:476] - INFO: 第2轮训练和预测结束
2022-05-14 23:37:19,877 13012 4092513637.py[line:469] - INFO: 开始第3轮训练和预测
2022-05-14 23:37:23,175 13012 4092513637.py[line:476] - INFO: 第3轮训练和预测结束
2022-05-14 23:37:23,197 13012 4092513637.py[line:469] - INFO: 开始第4轮训练和预测
2022-05-14 23:37:26,452 13012 4092513637.py[line:476] - INFO: 第4轮训练和预测结束
2022-05-14 23:37:26,475 13012 4092513637.py[line:469] - INFO: 开始第5轮训练和预测
2022-05-14 23:37:29,838 13012 4092513637.py[line:476] - INFO: 第5轮训练和预测结束
2022-05-14 23:37:29,860 13012 4092513637.py[line:469] - INFO: 开始第6轮训练和预测
2022-05-14 23:37:33,160 13012 4092513637.py[line:476] - INFO: 第6轮训练和预测结束
2022-05-14 23:37:33,182 13012 4092513637.py[line:469] - INFO: 开始第7轮训练和预测
2022-05-14 23:37:36,595 13012 4092513637.py[line:476] - INFO: 第7轮训练和预测结束
2022-05-14 23:37:36,618 13012 4092513637.py[line:469] - INFO: 开始第8轮训练和预测
2022-05-14 23:37:39,999 13012 4092513637.py[line:476] - INFO: 第8轮训练和预测结束
2022-05-14 23:37:40,021 13012 4092513637.py[line:469] - INFO: 开始第9轮训练和预测
2022-05-14 23:37:43,278 13012 4092513637.py[line:476] - INFO: 第9轮训练和预测结束
2022-05-14 23:37:43,299 13012 4092513637.py[line:469] - INFO: 开始第10轮训练和预测
2022-05-14 23:37:46,623 13012 4092513637.py[line:476] - INFO: 第10轮训练和预测结束
2022-05-14 23:37:46,644 13012 4092513637.py[line:469] - INFO: 开始第11轮训练和预测
2022-05-14 23:37:49,971 13012 4092513637.py[line:476] - INFO: 第11轮训练和预测结束
2022-05-14 23:37:49,992 13012 4092513637.py[line:469] - INFO: 开始第12轮训练和预测
2022-05-14 23:37:53,244 13012 4092513637.py[line:476] - INFO: 第12轮训练和预测结束
2022-05-14 23:37:53,267 13012 4092513637.py[line:469] - INFO: 开始第13轮训练和预测
2022-05-14 23:37:56,595 13012 4092513637.py[line:476] - INFO: 第13轮训练和预测结束
2022-05-14 23:37:56,618 13012 4092513637.py[line:469] - INFO: 开始第14轮训练和预测
2022-05-14 23:37:59,981 13012 4092513637.py[line:476] - INFO: 第14轮训练和预测结束
2022-05-14 23:38:00,004 13012 4092513637.py[line:469] - INFO: 开始第15轮训练和预测
2022-05-14 23:38:03,395 13012 4092513637.py[line:476] - INFO: 第15轮训练和预测结束
2022-05-14 23:38:03,417 13012 4092513637.py[line:469] - INFO: 开始第16轮训练和预测
2022-05-14 23:38:06,745 13012 4092513637.py[line:476] - INFO: 第16轮训练和预测结束
2022-05-14 23:38:06,768 13012 4092513637.py[line:469] - INFO: 开始第17轮训练和预测
2022-05-14 23:38:10,156 13012 4092513637.py[line:476] - INFO: 第17轮训练和预测结束
2022-05-14 23:38:10,180 13012 4092513637.py[line:469] - INFO: 开始第18轮训练和预测
2022-05-14 23:38:13,418 13012 4092513637.py[line:476] - INFO: 第18轮训练和预测结束
2022-05-14 23:38:13,439 13012 4092513637.py[line:469] - INFO: 开始第19轮训练和预测
2022-05-14 23:38:16,651 13012 4092513637.py[line:476] - INFO: 第19轮训练和预测结束
2022-05-14 23:38:16,682 13012 4092513637.py[line:469] - INFO: 开始第20轮训练和预测
2022-05-14 23:38:19,844 13012 4092513637.py[line:476] - INFO: 第20轮训练和预测结束
2022-05-14 23:38:19,866 13012 4092513637.py[line:469] - INFO: 开始第21轮训练和预测
2022-05-14 23:38:23,149 13012 4092513637.py[line:476] - INFO: 第21轮训练和预测结束
2022-05-14 23:38:23,171 13012 4092513637.py[line:469] - INFO: 开始第22轮训练和预测
2022-05-14 23:38:26,466 13012 4092513637.py[line:476] - INFO: 第22轮训练和预测结束
2022-05-14 23:38:26,487 13012 4092513637.py[line:469] - INFO: 开始第23轮训练和预测
2022-05-14 23:38:29,759 13012 4092513637.py[line:476] - INFO: 第23轮训练和预测结束
2022-05-14 23:38:29,780 13012 4092513637.py[line:469] - INFO: 开始第24轮训练和预测
2022-05-14 23:38:33,105 13012 4092513637.py[line:476] - INFO: 第24轮训练和预测结束
2022-05-14 23:38:33,125 13012 4092513637.py[line:469] - INFO: 开始第25轮训练和预测
2022-05-14 23:38:36,390 13012 4092513637.py[line:476] - INFO: 第25轮训练和预测结束
2022-05-14 23:38:36,420 13012 4092513637.py[line:469] - INFO: 开始第26轮训练和预测
2022-05-14 23:38:39,730 13012 4092513637.py[line:476] - INFO: 第26轮训练和预测结束
2022-05-14 23:38:39,752 13012 4092513637.py[line:469] - INFO: 开始第27轮训练和预测
2022-05-14 23:38:43,105 13012 4092513637.py[line:476] - INFO: 第27轮训练和预测结束
2022-05-14 23:38:43,125 13012 4092513637.py[line:469] - INFO: 开始第28轮训练和预测
2022-05-14 23:38:46,492 13012 4092513637.py[line:476] - INFO: 第28轮训练和预测结束
2022-05-14 23:38:46,522 13012 4092513637.py[line:469] - INFO: 开始第29轮训练和预测
2022-05-14 23:38:49,797 13012 4092513637.py[line:476] - INFO: 第29轮训练和预测结束
2022-05-14 23:38:49,819 13012 4092513637.py[line:469] - INFO: 开始第30轮训练和预测
2022-05-14 23:38:53,112 13012 4092513637.py[line:476] - INFO: 第30轮训练和预测结束
2022-05-14 23:38:53,134 13012 4092513637.py[line:469] - INFO: 开始第31轮训练和预测
2022-05-14 23:38:56,385 13012 4092513637.py[line:476] - INFO: 第31轮训练和预测结束
2022-05-14 23:38:56,405 13012 4092513637.py[line:469] - INFO: 开始第32轮训练和预测
2022-05-14 23:38:59,671 13012 4092513637.py[line:476] - INFO: 第32轮训练和预测结束
2022-05-14 23:38:59,692 13012 4092513637.py[line:469] - INFO: 开始第33轮训练和预测
2022-05-14 23:39:03,036 13012 4092513637.py[line:476] - INFO: 第33轮训练和预测结束
2022-05-14 23:39:03,056 13012 4092513637.py[line:469] - INFO: 开始第34轮训练和预测
2022-05-14 23:39:06,321 13012 4092513637.py[line:476] - INFO: 第34轮训练和预测结束
2022-05-14 23:39:06,343 13012 4092513637.py[line:469] - INFO: 开始第35轮训练和预测
2022-05-14 23:39:09,721 13012 4092513637.py[line:476] - INFO: 第35轮训练和预测结束
2022-05-14 23:39:09,744 13012 4092513637.py[line:469] - INFO: 开始第36轮训练和预测
2022-05-14 23:39:13,038 13012 4092513637.py[line:476] - INFO: 第36轮训练和预测结束
2022-05-14 23:39:13,059 13012 4092513637.py[line:469] - INFO: 开始第37轮训练和预测
2022-05-14 23:39:16,418 13012 4092513637.py[line:476] - INFO: 第37轮训练和预测结束
2022-05-14 23:39:16,440 13012 4092513637.py[line:469] - INFO: 开始第38轮训练和预测
2022-05-14 23:39:19,764 13012 4092513637.py[line:476] - INFO: 第38轮训练和预测结束
2022-05-14 23:39:19,787 13012 4092513637.py[line:469] - INFO: 开始第39轮训练和预测
2022-05-14 23:39:23,105 13012 4092513637.py[line:476] - INFO: 第39轮训练和预测结束
2022-05-14 23:39:23,127 13012 4092513637.py[line:469] - INFO: 开始第40轮训练和预测
2022-05-14 23:39:26,336 13012 4092513637.py[line:476] - INFO: 第40轮训练和预测结束
2022-05-14 23:39:26,357 13012 4092513637.py[line:469] - INFO: 开始第41轮训练和预测
2022-05-14 23:39:29,724 13012 4092513637.py[line:476] - INFO: 第41轮训练和预测结束
2022-05-14 23:39:29,746 13012 4092513637.py[line:469] - INFO: 开始第42轮训练和预测
2022-05-14 23:39:33,110 13012 4092513637.py[line:476] - INFO: 第42轮训练和预测结束
2022-05-14 23:39:33,130 13012 4092513637.py[line:469] - INFO: 开始第43轮训练和预测
2022-05-14 23:39:36,398 13012 4092513637.py[line:476] - INFO: 第43轮训练和预测结束
2022-05-14 23:39:36,420 13012 4092513637.py[line:469] - INFO: 开始第44轮训练和预测
2022-05-14 23:39:39,638 13012 4092513637.py[line:476] - INFO: 第44轮训练和预测结束
2022-05-14 23:39:39,659 13012 4092513637.py[line:469] - INFO: 开始第45轮训练和预测
2022-05-14 23:39:42,908 13012 4092513637.py[line:476] - INFO: 第45轮训练和预测结束
2022-05-14 23:39:42,928 13012 4092513637.py[line:469] - INFO: 开始第46轮训练和预测
2022-05-14 23:39:46,156 13012 4092513637.py[line:476] - INFO: 第46轮训练和预测结束
2022-05-14 23:39:46,182 13012 4092513637.py[line:469] - INFO: 开始第47轮训练和预测
2022-05-14 23:39:49,463 13012 4092513637.py[line:476] - INFO: 第47轮训练和预测结束
2022-05-14 23:39:49,484 13012 4092513637.py[line:469] - INFO: 开始第48轮训练和预测
2022-05-14 23:39:52,706 13012 4092513637.py[line:476] - INFO: 第48轮训练和预测结束
2022-05-14 23:39:52,727 13012 4092513637.py[line:469] - INFO: 开始第49轮训练和预测
2022-05-14 23:39:56,067 13012 4092513637.py[line:476] - INFO: 第49轮训练和预测结束
2022-05-14 23:39:56,087 13012 4092513637.py[line:469] - INFO: 开始第50轮训练和预测
2022-05-14 23:39:59,577 13012 4092513637.py[line:476] - INFO: 第50轮训练和预测结束
2022-05-14 23:39:59,599 13012 4092513637.py[line:469] - INFO: 开始第51轮训练和预测
2022-05-14 23:40:02,958 9860 1082040972.py[line:268] - INFO: 开始拼接日志和标签数据
2022-05-14 23:40:03,032 13012 4092513637.py[line:476] - INFO: 第51轮训练和预测结束
2022-05-14 23:40:03,055 13012 4092513637.py[line:469] - INFO: 开始第52轮训练和预测
2022-05-14 23:40:03,823 9860 1082040972.py[line:277] - INFO: 拼接日志和标签数据结束
2022-05-14 23:40:03,823 9860 1082040972.py[line:279] - INFO: 开始匹配日志和标签
2022-05-14 23:40:03,824 9860 1082040972.py[line:280] - INFO: 使用报错时间截断进行划分
2022-05-14 23:40:04,627 9860 1082040972.py[line:288] - INFO: 匹配日志和标签结束
2022-05-14 23:40:04,628 9860 1082040972.py[line:290] - INFO: 开始计算统计特征
2022-05-14 23:40:06,499 13012 4092513637.py[line:476] - INFO: 第52轮训练和预测结束
2022-05-14 23:40:06,521 13012 4092513637.py[line:469] - INFO: 开始第53轮训练和预测
2022-05-14 23:40:09,847 13012 4092513637.py[line:476] - INFO: 第53轮训练和预测结束
2022-05-14 23:40:09,869 13012 4092513637.py[line:469] - INFO: 开始第54轮训练和预测
2022-05-14 23:40:13,159 13012 4092513637.py[line:476] - INFO: 第54轮训练和预测结束
2022-05-14 23:40:13,181 13012 4092513637.py[line:469] - INFO: 开始第55轮训练和预测
2022-05-14 23:40:16,526 13012 4092513637.py[line:476] - INFO: 第55轮训练和预测结束
2022-05-14 23:40:16,547 13012 4092513637.py[line:469] - INFO: 开始第56轮训练和预测
2022-05-14 23:40:19,959 13012 4092513637.py[line:476] - INFO: 第56轮训练和预测结束
2022-05-14 23:40:19,981 13012 4092513637.py[line:469] - INFO: 开始第57轮训练和预测
2022-05-14 23:40:23,250 13012 4092513637.py[line:476] - INFO: 第57轮训练和预测结束
2022-05-14 23:40:23,271 13012 4092513637.py[line:469] - INFO: 开始第58轮训练和预测
2022-05-14 23:40:26,715 13012 4092513637.py[line:476] - INFO: 第58轮训练和预测结束
2022-05-14 23:40:26,737 13012 4092513637.py[line:469] - INFO: 开始第59轮训练和预测
2022-05-14 23:40:28,846 9860 866356591.py[line:268] - INFO: 开始拼接日志和标签数据
2022-05-14 23:40:29,782 9860 866356591.py[line:277] - INFO: 拼接日志和标签数据结束
2022-05-14 23:40:29,782 9860 866356591.py[line:279] - INFO: 开始匹配日志和标签
2022-05-14 23:40:29,783 9860 866356591.py[line:280] - INFO: 使用报错时间截断进行划分
2022-05-14 23:40:30,311 13012 4092513637.py[line:476] - INFO: 第59轮训练和预测结束
2022-05-14 23:40:30,336 13012 4092513637.py[line:469] - INFO: 开始第60轮训练和预测
2022-05-14 23:40:30,430 9860 866356591.py[line:288] - INFO: 匹配日志和标签结束
2022-05-14 23:40:30,431 9860 866356591.py[line:290] - INFO: 开始计算统计特征
2022-05-14 23:40:33,910 13012 4092513637.py[line:476] - INFO: 第60轮训练和预测结束
2022-05-14 23:40:33,933 13012 4092513637.py[line:469] - INFO: 开始第61轮训练和预测
2022-05-14 23:40:37,448 13012 4092513637.py[line:476] - INFO: 第61轮训练和预测结束
2022-05-14 23:40:37,470 13012 4092513637.py[line:469] - INFO: 开始第62轮训练和预测
2022-05-14 23:40:41,033 13012 4092513637.py[line:476] - INFO: 第62轮训练和预测结束
2022-05-14 23:40:41,054 13012 4092513637.py[line:469] - INFO: 开始第63轮训练和预测
2022-05-14 23:40:44,619 13012 4092513637.py[line:476] - INFO: 第63轮训练和预测结束
2022-05-14 23:40:44,641 13012 4092513637.py[line:469] - INFO: 开始第64轮训练和预测
2022-05-14 23:40:48,224 13012 4092513637.py[line:476] - INFO: 第64轮训练和预测结束
2022-05-14 23:40:48,247 13012 4092513637.py[line:469] - INFO: 开始第65轮训练和预测
2022-05-14 23:40:51,819 13012 4092513637.py[line:476] - INFO: 第65轮训练和预测结束
2022-05-14 23:40:51,842 13012 4092513637.py[line:469] - INFO: 开始第66轮训练和预测
2022-05-14 23:40:55,616 13012 4092513637.py[line:476] - INFO: 第66轮训练和预测结束
2022-05-14 23:40:55,639 13012 4092513637.py[line:469] - INFO: 开始第67轮训练和预测
2022-05-14 23:40:59,220 13012 4092513637.py[line:476] - INFO: 第67轮训练和预测结束
2022-05-14 23:40:59,242 13012 4092513637.py[line:469] - INFO: 开始第68轮训练和预测
2022-05-14 23:41:02,818 13012 4092513637.py[line:476] - INFO: 第68轮训练和预测结束
2022-05-14 23:41:02,841 13012 4092513637.py[line:469] - INFO: 开始第69轮训练和预测
2022-05-14 23:41:06,470 13012 4092513637.py[line:476] - INFO: 第69轮训练和预测结束
2022-05-14 23:41:06,492 13012 4092513637.py[line:469] - INFO: 开始第70轮训练和预测
2022-05-14 23:41:10,005 13012 4092513637.py[line:476] - INFO: 第70轮训练和预测结束
2022-05-14 23:41:10,027 13012 4092513637.py[line:469] - INFO: 开始第71轮训练和预测
2022-05-14 23:41:13,606 13012 4092513637.py[line:476] - INFO: 第71轮训练和预测结束
2022-05-14 23:41:13,628 13012 4092513637.py[line:469] - INFO: 开始第72轮训练和预测
2022-05-14 23:41:15,489 9860 866356591.py[line:293] - INFO: 计算统计特征结束
2022-05-14 23:41:15,494 9860 866356591.py[line:299] - INFO: 开始计算词频特征
2022-05-14 23:41:17,213 13012 4092513637.py[line:476] - INFO: 第72轮训练和预测结束
2022-05-14 23:41:17,235 13012 4092513637.py[line:469] - INFO: 开始第73轮训练和预测
2022-05-14 23:41:20,934 13012 4092513637.py[line:476] - INFO: 第73轮训练和预测结束
2022-05-14 23:41:20,956 13012 4092513637.py[line:469] - INFO: 开始第74轮训练和预测
2022-05-14 23:41:24,616 13012 4092513637.py[line:476] - INFO: 第74轮训练和预测结束
2022-05-14 23:41:24,639 13012 4092513637.py[line:469] - INFO: 开始第75轮训练和预测
2022-05-14 23:41:28,218 13012 4092513637.py[line:476] - INFO: 第75轮训练和预测结束
2022-05-14 23:41:28,240 13012 4092513637.py[line:469] - INFO: 开始第76轮训练和预测
2022-05-14 23:41:31,935 13012 4092513637.py[line:476] - INFO: 第76轮训练和预测结束
2022-05-14 23:41:31,958 13012 4092513637.py[line:469] - INFO: 开始第77轮训练和预测
2022-05-14 23:41:35,590 13012 4092513637.py[line:476] - INFO: 第77轮训练和预测结束
2022-05-14 23:41:35,613 13012 4092513637.py[line:469] - INFO: 开始第78轮训练和预测
2022-05-14 23:41:39,240 13012 4092513637.py[line:476] - INFO: 第78轮训练和预测结束
2022-05-14 23:41:39,263 13012 4092513637.py[line:469] - INFO: 开始第79轮训练和预测
2022-05-14 23:41:42,884 13012 4092513637.py[line:476] - INFO: 第79轮训练和预测结束
2022-05-14 23:41:42,907 13012 4092513637.py[line:469] - INFO: 开始第80轮训练和预测
2022-05-14 23:41:46,540 13012 4092513637.py[line:476] - INFO: 第80轮训练和预测结束
2022-05-14 23:41:46,562 13012 4092513637.py[line:469] - INFO: 开始第81轮训练和预测
2022-05-14 23:41:50,144 13012 4092513637.py[line:476] - INFO: 第81轮训练和预测结束
2022-05-14 23:41:50,166 13012 4092513637.py[line:469] - INFO: 开始第82轮训练和预测
2022-05-14 23:41:53,722 13012 4092513637.py[line:476] - INFO: 第82轮训练和预测结束
2022-05-14 23:41:53,745 13012 4092513637.py[line:469] - INFO: 开始第83轮训练和预测
2022-05-14 23:41:57,318 13012 4092513637.py[line:476] - INFO: 第83轮训练和预测结束
2022-05-14 23:41:57,340 13012 4092513637.py[line:469] - INFO: 开始第84轮训练和预测
2022-05-14 23:42:00,992 13012 4092513637.py[line:476] - INFO: 第84轮训练和预测结束
2022-05-14 23:42:01,014 13012 4092513637.py[line:469] - INFO: 开始第85轮训练和预测
2022-05-14 23:42:04,577 13012 4092513637.py[line:476] - INFO: 第85轮训练和预测结束
2022-05-14 23:42:04,599 13012 4092513637.py[line:469] - INFO: 开始第86轮训练和预测
2022-05-14 23:42:08,121 13012 4092513637.py[line:476] - INFO: 第86轮训练和预测结束
2022-05-14 23:42:08,143 13012 4092513637.py[line:469] - INFO: 开始第87轮训练和预测
2022-05-14 23:42:11,724 13012 4092513637.py[line:476] - INFO: 第87轮训练和预测结束
2022-05-14 23:42:11,746 13012 4092513637.py[line:469] - INFO: 开始第88轮训练和预测
2022-05-14 23:42:15,350 13012 4092513637.py[line:476] - INFO: 第88轮训练和预测结束
2022-05-14 23:42:15,372 13012 4092513637.py[line:469] - INFO: 开始第89轮训练和预测
2022-05-14 23:42:18,930 13012 4092513637.py[line:476] - INFO: 第89轮训练和预测结束
2022-05-14 23:42:18,952 13012 4092513637.py[line:469] - INFO: 开始第90轮训练和预测
2022-05-14 23:42:20,342 9860 866356591.py[line:309] - INFO: 计算词频特征结束
2022-05-14 23:42:22,459 13012 4092513637.py[line:476] - INFO: 第90轮训练和预测结束
2022-05-14 23:42:22,488 13012 4092513637.py[line:469] - INFO: 开始第91轮训练和预测
2022-05-14 23:42:26,139 13012 4092513637.py[line:476] - INFO: 第91轮训练和预测结束
2022-05-14 23:42:26,161 13012 4092513637.py[line:469] - INFO: 开始第92轮训练和预测
2022-05-14 23:42:29,196 9860 866356591.py[line:320] - INFO: 最后3列为: label, sn, fault_time, 其余列均为特征
2022-05-14 23:42:29,196 9860 866356591.py[line:321] - INFO: 数据条数: 16604, 特征个数: 2110
2022-05-14 23:42:29,768 13012 4092513637.py[line:476] - INFO: 第92轮训练和预测结束
2022-05-14 23:42:29,789 13012 4092513637.py[line:469] - INFO: 开始第93轮训练和预测
2022-05-14 23:42:33,343 13012 4092513637.py[line:476] - INFO: 第93轮训练和预测结束
2022-05-14 23:42:33,363 13012 4092513637.py[line:469] - INFO: 开始第94轮训练和预测
2022-05-14 23:42:36,907 13012 4092513637.py[line:476] - INFO: 第94轮训练和预测结束
2022-05-14 23:42:36,927 13012 4092513637.py[line:469] - INFO: 开始第95轮训练和预测
2022-05-14 23:42:40,250 13012 4092513637.py[line:476] - INFO: 第95轮训练和预测结束
2022-05-14 23:42:40,270 13012 4092513637.py[line:469] - INFO: 开始第96轮训练和预测
2022-05-14 23:42:43,495 13012 4092513637.py[line:476] - INFO: 第96轮训练和预测结束
2022-05-14 23:42:43,516 13012 4092513637.py[line:469] - INFO: 开始第97轮训练和预测
2022-05-14 23:42:46,702 13012 4092513637.py[line:476] - INFO: 第97轮训练和预测结束
2022-05-14 23:42:46,724 13012 4092513637.py[line:469] - INFO: 开始第98轮训练和预测
2022-05-14 23:42:49,920 13012 4092513637.py[line:476] - INFO: 第98轮训练和预测结束
2022-05-14 23:42:49,940 13012 4092513637.py[line:469] - INFO: 开始第99轮训练和预测
2022-05-14 23:42:53,225 13012 4092513637.py[line:476] - INFO: 第99轮训练和预测结束
2022-05-14 23:42:53,264 13012 4092513637.py[line:482] - INFO: 训练集评估效果: 
2022-05-14 23:42:53,273 13012 4092513637.py[line:369] - INFO: Label 0:   Precision  0.47, Recall  0.60, F1  0.53
2022-05-14 23:42:53,275 13012 4092513637.py[line:369] - INFO: Label 1:   Precision  0.77, Recall  0.69, F1  0.73
2022-05-14 23:42:53,278 13012 4092513637.py[line:369] - INFO: Label 2:   Precision  0.97, Recall  0.94, F1  0.95
2022-05-14 23:42:53,280 13012 4092513637.py[line:369] - INFO: Label 3:   Precision  0.88, Recall  0.95, F1  0.91
2022-05-14 23:42:53,280 13012 4092513637.py[line:370] - INFO: macro_f1: 0.6745257012142057

2022-05-14 23:47:12,635 13912 1233114567.py[line:236] - INFO: 开始拼接日志和标签数据
2022-05-14 23:47:13,180 13912 1233114567.py[line:245] - INFO: 拼接日志和标签数据结束
2022-05-14 23:47:13,181 13912 1233114567.py[line:247] - INFO: 开始匹配日志和标签
2022-05-14 23:47:13,181 13912 1233114567.py[line:248] - INFO: 使用报错时间截断进行划分
2022-05-14 23:47:13,651 13912 1233114567.py[line:253] - INFO: 匹配日志和标签结束
2022-05-14 23:47:13,652 13912 1233114567.py[line:255] - INFO: 开始计算统计特征
2022-05-14 23:47:41,080 13912 1233114567.py[line:258] - INFO: 计算统计特征结束
2022-05-14 23:47:41,083 13912 1233114567.py[line:264] - INFO: 开始计算词频特征
2022-05-14 23:47:45,921 13912 1233114567.py[line:274] - INFO: 计算词频特征结束
2022-05-14 23:47:46,793 13912 1233114567.py[line:285] - INFO: 最后3列为: label, sn, fault_time, 其余列均为特征
2022-05-14 23:47:46,794 13912 1233114567.py[line:286] - INFO: 数据条数: 16604, 特征个数: 303
2022-05-14 23:47:57,342 9860 937479387.py[line:268] - INFO: 开始拼接日志和标签数据
2022-05-14 23:47:57,870 9860 937479387.py[line:277] - INFO: 拼接日志和标签数据结束
2022-05-14 23:47:57,871 9860 937479387.py[line:279] - INFO: 开始匹配日志和标签
2022-05-14 23:47:57,872 9860 937479387.py[line:280] - INFO: 使用报错时间截断进行划分
2022-05-14 23:47:58,343 9860 937479387.py[line:288] - INFO: 匹配日志和标签结束
2022-05-14 23:47:58,344 9860 937479387.py[line:290] - INFO: 开始计算统计特征
2022-05-14 23:48:13,351 9860 4092513637.py[line:268] - INFO: 开始拼接日志和标签数据
2022-05-14 23:48:13,897 9860 4092513637.py[line:277] - INFO: 拼接日志和标签数据结束
2022-05-14 23:48:13,898 9860 4092513637.py[line:279] - INFO: 开始匹配日志和标签
2022-05-14 23:48:13,898 9860 4092513637.py[line:280] - INFO: 使用报错时间截断进行划分
2022-05-14 23:48:14,375 9860 4092513637.py[line:288] - INFO: 匹配日志和标签结束
2022-05-14 23:48:14,375 9860 4092513637.py[line:290] - INFO: 开始计算统计特征
2022-05-14 23:48:41,199 9860 4092513637.py[line:293] - INFO: 计算统计特征结束
2022-05-14 23:48:41,202 9860 4092513637.py[line:299] - INFO: 开始计算词频特征
2022-05-14 23:49:15,925 9860 4092513637.py[line:309] - INFO: 计算词频特征结束
2022-05-14 23:49:20,653 9860 4092513637.py[line:320] - INFO: 最后3列为: label, sn, fault_time, 其余列均为特征
2022-05-14 23:49:20,654 9860 4092513637.py[line:321] - INFO: 数据条数: 15879, 特征个数: 2110
2022-05-15 00:05:40,541 13912 1233114567.py[line:434] - INFO: 开始第0轮训练和预测
2022-05-15 00:05:43,910 13912 1233114567.py[line:441] - INFO: 第0轮训练和预测结束
2022-05-15 00:05:43,931 13912 1233114567.py[line:434] - INFO: 开始第1轮训练和预测
2022-05-15 00:05:47,304 13912 1233114567.py[line:441] - INFO: 第1轮训练和预测结束
2022-05-15 00:05:47,324 13912 1233114567.py[line:434] - INFO: 开始第2轮训练和预测
2022-05-15 00:05:50,671 13912 1233114567.py[line:441] - INFO: 第2轮训练和预测结束
2022-05-15 00:05:50,691 13912 1233114567.py[line:434] - INFO: 开始第3轮训练和预测
2022-05-15 00:05:53,996 13912 1233114567.py[line:441] - INFO: 第3轮训练和预测结束
2022-05-15 00:05:54,017 13912 1233114567.py[line:434] - INFO: 开始第4轮训练和预测
2022-05-15 00:05:57,261 13912 1233114567.py[line:441] - INFO: 第4轮训练和预测结束
2022-05-15 00:05:57,282 13912 1233114567.py[line:434] - INFO: 开始第5轮训练和预测
2022-05-15 00:06:00,548 13912 1233114567.py[line:441] - INFO: 第5轮训练和预测结束
2022-05-15 00:06:00,568 13912 1233114567.py[line:434] - INFO: 开始第6轮训练和预测
2022-05-15 00:06:03,899 13912 1233114567.py[line:441] - INFO: 第6轮训练和预测结束
2022-05-15 00:06:03,921 13912 1233114567.py[line:434] - INFO: 开始第7轮训练和预测
2022-05-15 00:06:07,172 13912 1233114567.py[line:441] - INFO: 第7轮训练和预测结束
2022-05-15 00:06:07,192 13912 1233114567.py[line:434] - INFO: 开始第8轮训练和预测
2022-05-15 00:06:10,521 13912 1233114567.py[line:441] - INFO: 第8轮训练和预测结束
2022-05-15 00:06:10,542 13912 1233114567.py[line:434] - INFO: 开始第9轮训练和预测
2022-05-15 00:06:13,926 13912 1233114567.py[line:441] - INFO: 第9轮训练和预测结束
2022-05-15 00:06:13,946 13912 1233114567.py[line:434] - INFO: 开始第10轮训练和预测
2022-05-15 00:06:17,202 13912 1233114567.py[line:441] - INFO: 第10轮训练和预测结束
2022-05-15 00:06:17,223 13912 1233114567.py[line:434] - INFO: 开始第11轮训练和预测
2022-05-15 00:06:20,498 13912 1233114567.py[line:441] - INFO: 第11轮训练和预测结束
2022-05-15 00:06:20,518 13912 1233114567.py[line:434] - INFO: 开始第12轮训练和预测
2022-05-15 00:06:23,828 13912 1233114567.py[line:441] - INFO: 第12轮训练和预测结束
2022-05-15 00:06:23,849 13912 1233114567.py[line:434] - INFO: 开始第13轮训练和预测
2022-05-15 00:06:27,090 13912 1233114567.py[line:441] - INFO: 第13轮训练和预测结束
2022-05-15 00:06:27,110 13912 1233114567.py[line:434] - INFO: 开始第14轮训练和预测
2022-05-15 00:06:30,598 13912 1233114567.py[line:441] - INFO: 第14轮训练和预测结束
2022-05-15 00:06:30,619 13912 1233114567.py[line:434] - INFO: 开始第15轮训练和预测
2022-05-15 00:06:33,873 13912 1233114567.py[line:441] - INFO: 第15轮训练和预测结束
2022-05-15 00:06:33,893 13912 1233114567.py[line:434] - INFO: 开始第16轮训练和预测
2022-05-15 00:06:37,137 13912 1233114567.py[line:441] - INFO: 第16轮训练和预测结束
2022-05-15 00:06:37,158 13912 1233114567.py[line:434] - INFO: 开始第17轮训练和预测
2022-05-15 00:06:40,458 13912 1233114567.py[line:441] - INFO: 第17轮训练和预测结束
2022-05-15 00:06:40,479 13912 1233114567.py[line:434] - INFO: 开始第18轮训练和预测
2022-05-15 00:06:43,809 13912 1233114567.py[line:441] - INFO: 第18轮训练和预测结束
2022-05-15 00:06:43,830 13912 1233114567.py[line:434] - INFO: 开始第19轮训练和预测
2022-05-15 00:06:47,122 13912 1233114567.py[line:441] - INFO: 第19轮训练和预测结束
2022-05-15 00:06:47,142 13912 1233114567.py[line:434] - INFO: 开始第20轮训练和预测
2022-05-15 00:06:50,428 13912 1233114567.py[line:441] - INFO: 第20轮训练和预测结束
2022-05-15 00:06:50,448 13912 1233114567.py[line:434] - INFO: 开始第21轮训练和预测
2022-05-15 00:06:53,728 13912 1233114567.py[line:441] - INFO: 第21轮训练和预测结束
2022-05-15 00:06:53,749 13912 1233114567.py[line:434] - INFO: 开始第22轮训练和预测
2022-05-15 00:06:57,085 13912 1233114567.py[line:441] - INFO: 第22轮训练和预测结束
2022-05-15 00:06:57,106 13912 1233114567.py[line:434] - INFO: 开始第23轮训练和预测
2022-05-15 00:07:00,456 13912 1233114567.py[line:441] - INFO: 第23轮训练和预测结束
2022-05-15 00:07:00,477 13912 1233114567.py[line:434] - INFO: 开始第24轮训练和预测
2022-05-15 00:07:03,763 13912 1233114567.py[line:441] - INFO: 第24轮训练和预测结束
2022-05-15 00:07:03,783 13912 1233114567.py[line:434] - INFO: 开始第25轮训练和预测
2022-05-15 00:07:07,042 13912 1233114567.py[line:441] - INFO: 第25轮训练和预测结束
2022-05-15 00:07:07,062 13912 1233114567.py[line:434] - INFO: 开始第26轮训练和预测
2022-05-15 00:07:10,332 13912 1233114567.py[line:441] - INFO: 第26轮训练和预测结束
2022-05-15 00:07:10,353 13912 1233114567.py[line:434] - INFO: 开始第27轮训练和预测
2022-05-15 00:07:13,616 13912 1233114567.py[line:441] - INFO: 第27轮训练和预测结束
2022-05-15 00:07:13,636 13912 1233114567.py[line:434] - INFO: 开始第28轮训练和预测
2022-05-15 00:07:16,958 13912 1233114567.py[line:441] - INFO: 第28轮训练和预测结束
2022-05-15 00:07:16,979 13912 1233114567.py[line:434] - INFO: 开始第29轮训练和预测
2022-05-15 00:07:20,201 13912 1233114567.py[line:441] - INFO: 第29轮训练和预测结束
2022-05-15 00:07:20,228 13912 1233114567.py[line:434] - INFO: 开始第30轮训练和预测
2022-05-15 00:07:23,475 13912 1233114567.py[line:441] - INFO: 第30轮训练和预测结束
2022-05-15 00:07:23,496 13912 1233114567.py[line:434] - INFO: 开始第31轮训练和预测
2022-05-15 00:07:26,837 13912 1233114567.py[line:441] - INFO: 第31轮训练和预测结束
2022-05-15 00:07:26,858 13912 1233114567.py[line:434] - INFO: 开始第32轮训练和预测
2022-05-15 00:07:30,207 13912 1233114567.py[line:441] - INFO: 第32轮训练和预测结束
2022-05-15 00:07:30,229 13912 1233114567.py[line:434] - INFO: 开始第33轮训练和预测
2022-05-15 00:07:33,513 13912 1233114567.py[line:441] - INFO: 第33轮训练和预测结束
2022-05-15 00:07:33,536 13912 1233114567.py[line:434] - INFO: 开始第34轮训练和预测
2022-05-15 00:07:36,880 13912 1233114567.py[line:441] - INFO: 第34轮训练和预测结束
2022-05-15 00:07:36,903 13912 1233114567.py[line:434] - INFO: 开始第35轮训练和预测
2022-05-15 00:07:40,272 13912 1233114567.py[line:441] - INFO: 第35轮训练和预测结束
2022-05-15 00:07:40,292 13912 1233114567.py[line:434] - INFO: 开始第36轮训练和预测
2022-05-15 00:07:43,533 13912 1233114567.py[line:441] - INFO: 第36轮训练和预测结束
2022-05-15 00:07:43,554 13912 1233114567.py[line:434] - INFO: 开始第37轮训练和预测
2022-05-15 00:07:46,944 13912 1233114567.py[line:441] - INFO: 第37轮训练和预测结束
2022-05-15 00:07:46,965 13912 1233114567.py[line:434] - INFO: 开始第38轮训练和预测
2022-05-15 00:07:50,328 13912 1233114567.py[line:441] - INFO: 第38轮训练和预测结束
2022-05-15 00:07:50,350 13912 1233114567.py[line:434] - INFO: 开始第39轮训练和预测
2022-05-15 00:07:53,634 13912 1233114567.py[line:441] - INFO: 第39轮训练和预测结束
2022-05-15 00:07:53,655 13912 1233114567.py[line:434] - INFO: 开始第40轮训练和预测
2022-05-15 00:07:56,899 13912 1233114567.py[line:441] - INFO: 第40轮训练和预测结束
2022-05-15 00:07:56,919 13912 1233114567.py[line:434] - INFO: 开始第41轮训练和预测
2022-05-15 00:08:00,190 13912 1233114567.py[line:441] - INFO: 第41轮训练和预测结束
2022-05-15 00:08:00,212 13912 1233114567.py[line:434] - INFO: 开始第42轮训练和预测
2022-05-15 00:08:03,550 13912 1233114567.py[line:441] - INFO: 第42轮训练和预测结束
2022-05-15 00:08:03,571 13912 1233114567.py[line:434] - INFO: 开始第43轮训练和预测
2022-05-15 00:08:06,874 13912 1233114567.py[line:441] - INFO: 第43轮训练和预测结束
2022-05-15 00:08:06,896 13912 1233114567.py[line:434] - INFO: 开始第44轮训练和预测
2022-05-15 00:08:10,242 13912 1233114567.py[line:441] - INFO: 第44轮训练和预测结束
2022-05-15 00:08:10,263 13912 1233114567.py[line:434] - INFO: 开始第45轮训练和预测
2022-05-15 00:08:13,568 13912 1233114567.py[line:441] - INFO: 第45轮训练和预测结束
2022-05-15 00:08:13,589 13912 1233114567.py[line:434] - INFO: 开始第46轮训练和预测
2022-05-15 00:08:16,908 13912 1233114567.py[line:441] - INFO: 第46轮训练和预测结束
2022-05-15 00:08:16,929 13912 1233114567.py[line:434] - INFO: 开始第47轮训练和预测
2022-05-15 00:08:20,150 13912 1233114567.py[line:441] - INFO: 第47轮训练和预测结束
2022-05-15 00:08:20,170 13912 1233114567.py[line:434] - INFO: 开始第48轮训练和预测
2022-05-15 00:08:23,419 13912 1233114567.py[line:441] - INFO: 第48轮训练和预测结束
2022-05-15 00:08:23,440 13912 1233114567.py[line:434] - INFO: 开始第49轮训练和预测
2022-05-15 00:08:26,664 13912 1233114567.py[line:441] - INFO: 第49轮训练和预测结束
2022-05-15 00:08:26,684 13912 1233114567.py[line:434] - INFO: 开始第50轮训练和预测
2022-05-15 00:08:29,977 13912 1233114567.py[line:441] - INFO: 第50轮训练和预测结束
2022-05-15 00:08:29,998 13912 1233114567.py[line:434] - INFO: 开始第51轮训练和预测
2022-05-15 00:08:33,253 13912 1233114567.py[line:441] - INFO: 第51轮训练和预测结束
2022-05-15 00:08:33,273 13912 1233114567.py[line:434] - INFO: 开始第52轮训练和预测
2022-05-15 00:08:36,494 13912 1233114567.py[line:441] - INFO: 第52轮训练和预测结束
2022-05-15 00:08:36,514 13912 1233114567.py[line:434] - INFO: 开始第53轮训练和预测
2022-05-15 00:08:39,815 13912 1233114567.py[line:441] - INFO: 第53轮训练和预测结束
2022-05-15 00:08:39,836 13912 1233114567.py[line:434] - INFO: 开始第54轮训练和预测
2022-05-15 00:08:43,124 13912 1233114567.py[line:441] - INFO: 第54轮训练和预测结束
2022-05-15 00:08:43,144 13912 1233114567.py[line:434] - INFO: 开始第55轮训练和预测
2022-05-15 00:08:46,444 13912 1233114567.py[line:441] - INFO: 第55轮训练和预测结束
2022-05-15 00:08:46,465 13912 1233114567.py[line:434] - INFO: 开始第56轮训练和预测
2022-05-15 00:08:49,750 13912 1233114567.py[line:441] - INFO: 第56轮训练和预测结束
2022-05-15 00:08:49,772 13912 1233114567.py[line:434] - INFO: 开始第57轮训练和预测
2022-05-15 00:08:53,055 13912 1233114567.py[line:441] - INFO: 第57轮训练和预测结束
2022-05-15 00:08:53,075 13912 1233114567.py[line:434] - INFO: 开始第58轮训练和预测
2022-05-15 00:08:56,351 13912 1233114567.py[line:441] - INFO: 第58轮训练和预测结束
2022-05-15 00:08:56,372 13912 1233114567.py[line:434] - INFO: 开始第59轮训练和预测
2022-05-15 00:08:59,566 13912 1233114567.py[line:441] - INFO: 第59轮训练和预测结束
2022-05-15 00:08:59,587 13912 1233114567.py[line:434] - INFO: 开始第60轮训练和预测
2022-05-15 00:09:02,879 13912 1233114567.py[line:441] - INFO: 第60轮训练和预测结束
2022-05-15 00:09:02,899 13912 1233114567.py[line:434] - INFO: 开始第61轮训练和预测
2022-05-15 00:09:06,163 13912 1233114567.py[line:441] - INFO: 第61轮训练和预测结束
2022-05-15 00:09:06,184 13912 1233114567.py[line:434] - INFO: 开始第62轮训练和预测
2022-05-15 00:09:09,458 13912 1233114567.py[line:441] - INFO: 第62轮训练和预测结束
2022-05-15 00:09:09,479 13912 1233114567.py[line:434] - INFO: 开始第63轮训练和预测
2022-05-15 00:09:12,749 13912 1233114567.py[line:441] - INFO: 第63轮训练和预测结束
2022-05-15 00:09:12,770 13912 1233114567.py[line:434] - INFO: 开始第64轮训练和预测
2022-05-15 00:09:16,017 13912 1233114567.py[line:441] - INFO: 第64轮训练和预测结束
2022-05-15 00:09:16,037 13912 1233114567.py[line:434] - INFO: 开始第65轮训练和预测
2022-05-15 00:09:19,286 13912 1233114567.py[line:441] - INFO: 第65轮训练和预测结束
2022-05-15 00:09:19,308 13912 1233114567.py[line:434] - INFO: 开始第66轮训练和预测
2022-05-15 00:09:22,627 13912 1233114567.py[line:441] - INFO: 第66轮训练和预测结束
2022-05-15 00:09:22,648 13912 1233114567.py[line:434] - INFO: 开始第67轮训练和预测
2022-05-15 00:09:26,001 13912 1233114567.py[line:441] - INFO: 第67轮训练和预测结束
2022-05-15 00:09:26,023 13912 1233114567.py[line:434] - INFO: 开始第68轮训练和预测
2022-05-15 00:09:29,298 13912 1233114567.py[line:441] - INFO: 第68轮训练和预测结束
2022-05-15 00:09:29,318 13912 1233114567.py[line:434] - INFO: 开始第69轮训练和预测
2022-05-15 00:09:32,649 13912 1233114567.py[line:441] - INFO: 第69轮训练和预测结束
2022-05-15 00:09:32,669 13912 1233114567.py[line:434] - INFO: 开始第70轮训练和预测
2022-05-15 00:09:35,979 13912 1233114567.py[line:441] - INFO: 第70轮训练和预测结束
2022-05-15 00:09:36,000 13912 1233114567.py[line:434] - INFO: 开始第71轮训练和预测
2022-05-15 00:09:39,306 13912 1233114567.py[line:441] - INFO: 第71轮训练和预测结束
2022-05-15 00:09:39,327 13912 1233114567.py[line:434] - INFO: 开始第72轮训练和预测
2022-05-15 00:09:42,708 13912 1233114567.py[line:441] - INFO: 第72轮训练和预测结束
2022-05-15 00:09:42,729 13912 1233114567.py[line:434] - INFO: 开始第73轮训练和预测
2022-05-15 00:09:45,983 13912 1233114567.py[line:441] - INFO: 第73轮训练和预测结束
2022-05-15 00:09:46,004 13912 1233114567.py[line:434] - INFO: 开始第74轮训练和预测
2022-05-15 00:09:49,277 13912 1233114567.py[line:441] - INFO: 第74轮训练和预测结束
2022-05-15 00:09:49,298 13912 1233114567.py[line:434] - INFO: 开始第75轮训练和预测
2022-05-15 00:09:52,629 13912 1233114567.py[line:441] - INFO: 第75轮训练和预测结束
2022-05-15 00:09:52,649 13912 1233114567.py[line:434] - INFO: 开始第76轮训练和预测
2022-05-15 00:09:55,960 13912 1233114567.py[line:441] - INFO: 第76轮训练和预测结束
2022-05-15 00:09:55,980 13912 1233114567.py[line:434] - INFO: 开始第77轮训练和预测
2022-05-15 00:09:59,265 13912 1233114567.py[line:441] - INFO: 第77轮训练和预测结束
2022-05-15 00:09:59,285 13912 1233114567.py[line:434] - INFO: 开始第78轮训练和预测
2022-05-15 00:10:02,586 13912 1233114567.py[line:441] - INFO: 第78轮训练和预测结束
2022-05-15 00:10:02,607 13912 1233114567.py[line:434] - INFO: 开始第79轮训练和预测
2022-05-15 00:10:05,898 13912 1233114567.py[line:441] - INFO: 第79轮训练和预测结束
2022-05-15 00:10:05,919 13912 1233114567.py[line:434] - INFO: 开始第80轮训练和预测
2022-05-15 00:10:09,139 13912 1233114567.py[line:441] - INFO: 第80轮训练和预测结束
2022-05-15 00:10:09,160 13912 1233114567.py[line:434] - INFO: 开始第81轮训练和预测
2022-05-15 00:10:12,494 13912 1233114567.py[line:441] - INFO: 第81轮训练和预测结束
2022-05-15 00:10:12,514 13912 1233114567.py[line:434] - INFO: 开始第82轮训练和预测
2022-05-15 00:10:15,810 13912 1233114567.py[line:441] - INFO: 第82轮训练和预测结束
2022-05-15 00:10:15,832 13912 1233114567.py[line:434] - INFO: 开始第83轮训练和预测
2022-05-15 00:10:19,157 13912 1233114567.py[line:441] - INFO: 第83轮训练和预测结束
2022-05-15 00:10:19,178 13912 1233114567.py[line:434] - INFO: 开始第84轮训练和预测
2022-05-15 00:10:22,462 13912 1233114567.py[line:441] - INFO: 第84轮训练和预测结束
2022-05-15 00:10:22,483 13912 1233114567.py[line:434] - INFO: 开始第85轮训练和预测
2022-05-15 00:10:25,751 13912 1233114567.py[line:441] - INFO: 第85轮训练和预测结束
2022-05-15 00:10:25,772 13912 1233114567.py[line:434] - INFO: 开始第86轮训练和预测
2022-05-15 00:10:29,020 13912 1233114567.py[line:441] - INFO: 第86轮训练和预测结束
2022-05-15 00:10:29,041 13912 1233114567.py[line:434] - INFO: 开始第87轮训练和预测
2022-05-15 00:10:32,385 13912 1233114567.py[line:441] - INFO: 第87轮训练和预测结束
2022-05-15 00:10:32,406 13912 1233114567.py[line:434] - INFO: 开始第88轮训练和预测
2022-05-15 00:10:35,689 13912 1233114567.py[line:441] - INFO: 第88轮训练和预测结束
2022-05-15 00:10:35,710 13912 1233114567.py[line:434] - INFO: 开始第89轮训练和预测
2022-05-15 00:10:38,982 13912 1233114567.py[line:441] - INFO: 第89轮训练和预测结束
2022-05-15 00:10:39,002 13912 1233114567.py[line:434] - INFO: 开始第90轮训练和预测
2022-05-15 00:10:42,258 13912 1233114567.py[line:441] - INFO: 第90轮训练和预测结束
2022-05-15 00:10:42,279 13912 1233114567.py[line:434] - INFO: 开始第91轮训练和预测
2022-05-15 00:10:45,601 13912 1233114567.py[line:441] - INFO: 第91轮训练和预测结束
2022-05-15 00:10:45,622 13912 1233114567.py[line:434] - INFO: 开始第92轮训练和预测
2022-05-15 00:10:48,911 13912 1233114567.py[line:441] - INFO: 第92轮训练和预测结束
2022-05-15 00:10:48,932 13912 1233114567.py[line:434] - INFO: 开始第93轮训练和预测
2022-05-15 00:10:52,266 13912 1233114567.py[line:441] - INFO: 第93轮训练和预测结束
2022-05-15 00:10:52,286 13912 1233114567.py[line:434] - INFO: 开始第94轮训练和预测
2022-05-15 00:10:55,562 13912 1233114567.py[line:441] - INFO: 第94轮训练和预测结束
2022-05-15 00:10:55,584 13912 1233114567.py[line:434] - INFO: 开始第95轮训练和预测
2022-05-15 00:10:58,898 13912 1233114567.py[line:441] - INFO: 第95轮训练和预测结束
2022-05-15 00:10:58,921 13912 1233114567.py[line:434] - INFO: 开始第96轮训练和预测
2022-05-15 00:11:02,169 13912 1233114567.py[line:441] - INFO: 第96轮训练和预测结束
2022-05-15 00:11:02,190 13912 1233114567.py[line:434] - INFO: 开始第97轮训练和预测
2022-05-15 00:11:05,525 13912 1233114567.py[line:441] - INFO: 第97轮训练和预测结束
2022-05-15 00:11:05,546 13912 1233114567.py[line:434] - INFO: 开始第98轮训练和预测
2022-05-15 00:11:08,890 13912 1233114567.py[line:441] - INFO: 第98轮训练和预测结束
2022-05-15 00:11:08,911 13912 1233114567.py[line:434] - INFO: 开始第99轮训练和预测
2022-05-15 00:11:12,184 13912 1233114567.py[line:441] - INFO: 第99轮训练和预测结束
2022-05-15 00:11:12,472 13912 1233114567.py[line:447] - INFO: 训练集评估效果: 
