2022-05-07 00:39:33,245 4424 main.py[line:289] - INFO: 开始读取复赛测试集数据
2022-05-07 00:42:07,344 20456 xgb_v2_feature.py[line:272] - INFO: 开始匹配训练集日志和标签
2022-05-07 00:42:07,344 20456 xgb_v2_feature.py[line:273] - INFO: 使用报错时间截断进行划分
2022-05-07 00:45:28,741 20456 xgb_v2_feature.py[line:276] - INFO: 匹配训练集日志和标签结束
2022-05-07 00:45:28,741 20456 xgb_v2_feature.py[line:284] - INFO: 开始计算统计特征
2022-05-07 00:46:45,082 20456 xgb_v2_feature.py[line:287] - INFO: 计算统计特征结束
2022-05-07 00:46:45,090 20456 xgb_v2_feature.py[line:301] - INFO: 开始计算词频特征
2022-05-07 00:48:03,004 10300 main.py[line:289] - INFO: 开始读取复赛测试集数据
2022-05-07 00:48:03,051 10300 main.py[line:303] - INFO: 读取复赛测试集数据结束！
2022-05-07 00:48:08,408 20456 xgb_v2_feature.py[line:311] - INFO: 计算词频特征结束
2022-05-07 00:57:22,188 19124 xgb_v2_feature.py[line:272] - INFO: 开始匹配训练集日志和标签
2022-05-07 00:57:22,189 19124 xgb_v2_feature.py[line:273] - INFO: 使用报错时间截断进行划分
2022-05-07 00:57:29,348 16568 main.py[line:289] - INFO: 开始读取复赛测试集数据
2022-05-07 00:58:09,175 16568 main.py[line:303] - INFO: 读取复赛测试集数据结束！
2022-05-07 00:59:40,476 19124 xgb_v2_feature.py[line:276] - INFO: 匹配训练集日志和标签结束
2022-05-07 00:59:40,476 19124 xgb_v2_feature.py[line:284] - INFO: 开始计算统计特征
2022-05-07 00:59:56,784 6576 main.py[line:289] - INFO: 开始读取复赛测试集数据
2022-05-07 00:59:56,837 6576 main.py[line:303] - INFO: 读取复赛测试集数据结束！
2022-05-07 01:00:06,996 6576 main.py[line:323] - INFO: 开始匹配测试集日志和标签
2022-05-07 01:00:07,295 6576 main.py[line:324] - INFO: 使用报错时间截断进行划分
2022-05-07 01:00:08,445 19124 xgb_v2_feature.py[line:287] - INFO: 计算统计特征结束
2022-05-07 01:00:08,450 19124 xgb_v2_feature.py[line:301] - INFO: 开始计算词频特征
2022-05-07 01:00:45,269 19124 xgb_v2_feature.py[line:311] - INFO: 计算词频特征结束
2022-05-07 01:00:50,286 6576 main.py[line:327] - INFO: 匹配测试集日志和标签结束
2022-05-07 01:00:52,768 6576 main.py[line:335] - INFO: 开始计算统计特征
2022-05-07 01:00:53,482 19124 xgb_v2_feature.py[line:333] - INFO: 特征结果保存在: ./user_data/feature_data/xgb_model_v2_2022-05-07.csv
2022-05-07 01:01:08,027 6576 main.py[line:338] - INFO: 计算统计特征结束
2022-05-07 01:02:56,612 6576 main.py[line:353] - INFO: 开始计算词频特征
2022-05-07 01:03:28,679 6576 main.py[line:363] - INFO: 计算词频特征结束
2022-05-07 01:04:33,638 22392 xgb_model_v2.py[line:128] - INFO: 开始训练验证集模型
2022-05-07 01:06:04,815 22392 xgb_model_v2.py[line:130] - INFO: 训练验证集模型结束
2022-05-07 01:06:04,871 22392 xgb_model_v2.py[line:134] - INFO: 验证集 macro_f1 为: 0.6625336650816831
2022-05-07 01:06:05,012 22392 xgb_model_v2.py[line:144] - INFO: 开始训练验证集模型
2022-05-07 01:08:17,449 22392 xgb_model_v2.py[line:146] - INFO: 训练验证集模型结束
2022-05-07 01:08:17,619 22392 xgb_model_v2.py[line:149] - INFO: 模型文件保存在: ./user_data/model_data/xgb_model_v2_2022-05-07.model
2022-05-07 01:09:21,410 3300 main.py[line:289] - INFO: 开始读取复赛测试集数据
2022-05-07 01:09:21,465 3300 main.py[line:303] - INFO: 读取复赛测试集数据结束！
2022-05-07 01:09:21,489 3300 main.py[line:323] - INFO: 开始匹配测试集日志和标签
2022-05-07 01:09:21,490 3300 main.py[line:324] - INFO: 使用报错时间截断进行划分
2022-05-07 01:09:59,948 3300 main.py[line:327] - INFO: 匹配测试集日志和标签结束
2022-05-07 01:09:59,948 3300 main.py[line:335] - INFO: 开始计算统计特征
2022-05-07 01:10:13,748 3300 main.py[line:338] - INFO: 计算统计特征结束
2022-05-07 01:10:13,754 3300 main.py[line:353] - INFO: 开始计算词频特征
2022-05-07 01:10:43,690 3300 main.py[line:363] - INFO: 计算词频特征结束
2022-05-07 01:20:44,067 16472 main.py[line:289] - INFO: 开始读取复赛测试集数据
2022-05-07 01:20:44,121 16472 main.py[line:303] - INFO: 读取复赛测试集数据结束！
2022-05-07 01:20:44,146 16472 main.py[line:323] - INFO: 开始匹配测试集日志和标签
2022-05-07 01:20:44,146 16472 main.py[line:324] - INFO: 使用报错时间截断进行划分
2022-05-07 01:21:22,330 16472 main.py[line:327] - INFO: 匹配测试集日志和标签结束
2022-05-07 01:21:22,330 16472 main.py[line:335] - INFO: 开始计算统计特征
2022-05-07 01:21:35,750 16472 main.py[line:338] - INFO: 计算统计特征结束
2022-05-07 01:21:35,756 16472 main.py[line:353] - INFO: 开始计算词频特征
2022-05-07 01:22:05,336 16472 main.py[line:363] - INFO: 计算词频特征结束
2022-05-07 01:27:28,964 19436 xgb_model_v2.py[line:128] - INFO: 开始训练验证集模型
2022-05-07 01:28:57,956 19436 xgb_model_v2.py[line:130] - INFO: 训练验证集模型结束
2022-05-07 01:28:58,013 19436 xgb_model_v2.py[line:134] - INFO: 验证集 macro_f1 为: 0.6625336650816831
2022-05-07 01:28:58,122 19436 xgb_model_v2.py[line:144] - INFO: 开始训练验证集模型
2022-05-07 01:31:05,178 19436 xgb_model_v2.py[line:146] - INFO: 训练验证集模型结束
2022-05-07 01:31:05,353 19436 xgb_model_v2.py[line:149] - INFO: 模型文件保存在: ./user_data/model_data/xgb_model_v2.json
2022-05-07 01:33:47,633 18248 xgb_model_v2.py[line:128] - INFO: 开始训练验证集模型
2022-05-07 01:35:17,099 18248 xgb_model_v2.py[line:130] - INFO: 训练验证集模型结束
2022-05-07 01:35:17,156 18248 xgb_model_v2.py[line:134] - INFO: 验证集 macro_f1 为: 0.6625336650816831
2022-05-07 01:35:17,281 18248 xgb_model_v2.py[line:144] - INFO: 开始训练验证集模型
2022-05-07 01:37:24,849 18248 xgb_model_v2.py[line:146] - INFO: 训练验证集模型结束
2022-05-07 01:37:25,026 18248 xgb_model_v2.py[line:149] - INFO: 模型文件保存在: ./user_data/model_data/xgb_model_v2.json
2022-05-07 01:44:23,814 14128 xgb_model_v2.py[line:128] - INFO: 开始训练验证集模型
2022-05-07 01:45:56,396 14128 xgb_model_v2.py[line:130] - INFO: 训练验证集模型结束
2022-05-07 01:45:56,466 14128 xgb_model_v2.py[line:134] - INFO: 验证集 macro_f1 为: 0.6625336650816831
2022-05-07 01:45:56,598 14128 xgb_model_v2.py[line:144] - INFO: 开始训练验证集模型
2022-05-07 01:48:36,329 25320 main.py[line:290] - INFO: 开始读取复赛测试集数据
2022-05-07 01:48:36,410 25320 main.py[line:304] - INFO: 读取复赛测试集数据结束！
2022-05-07 01:48:36,438 25320 main.py[line:324] - INFO: 开始匹配测试集日志和标签
2022-05-07 01:48:36,438 25320 main.py[line:325] - INFO: 使用报错时间截断进行划分
2022-05-07 01:48:52,961 25320 main.py[line:328] - INFO: 匹配测试集日志和标签结束
2022-05-07 01:48:52,961 25320 main.py[line:336] - INFO: 开始计算统计特征
2022-05-07 01:48:58,181 25320 main.py[line:339] - INFO: 计算统计特征结束
2022-05-07 01:48:58,186 25320 main.py[line:354] - INFO: 开始计算词频特征
2022-05-07 01:49:10,650 25320 main.py[line:364] - INFO: 计算词频特征结束
2022-05-07 01:49:12,798 25320 main.py[line:390] - INFO: 读取模型文件成功！
2022-05-07 01:49:12,798 25320 main.py[line:398] - INFO: 开始预测
2022-05-07 01:49:12,997 25320 main.py[line:407] - INFO: 预测成功！
2022-05-07 14:34:20,246 12920 xgb_v2_feature.py[line:272] - INFO: 开始匹配训练集日志和标签
2022-05-07 14:34:20,247 12920 xgb_v2_feature.py[line:273] - INFO: 使用报错时间截断进行划分
2022-05-07 14:36:38,748 12920 xgb_v2_feature.py[line:276] - INFO: 匹配训练集日志和标签结束
2022-05-07 14:36:38,749 12920 xgb_v2_feature.py[line:284] - INFO: 开始计算统计特征
2022-05-07 14:37:09,859 12920 xgb_v2_feature.py[line:287] - INFO: 计算统计特征结束
2022-05-07 14:37:09,865 12920 xgb_v2_feature.py[line:301] - INFO: 开始计算词频特征
2022-05-07 14:37:46,327 12920 xgb_v2_feature.py[line:311] - INFO: 计算词频特征结束
2022-05-07 14:37:54,464 12920 xgb_v2_feature.py[line:333] - INFO: 特征结果保存在: ./user_data/feature_data/xgb_model_v2.csv
2022-05-07 14:38:24,279 2716 xgb_model_v2.py[line:128] - INFO: 开始训练验证集模型
2022-05-07 14:39:58,963 2716 xgb_model_v2.py[line:130] - INFO: 训练验证集模型结束
2022-05-07 14:39:59,020 2716 xgb_model_v2.py[line:134] - INFO: 验证集 macro_f1 为: 0.663321045005821
2022-05-07 14:39:59,133 2716 xgb_model_v2.py[line:144] - INFO: 开始训练验证集模型
2022-05-07 14:42:14,412 2716 xgb_model_v2.py[line:146] - INFO: 训练验证集模型结束
2022-05-07 14:42:14,583 2716 xgb_model_v2.py[line:149] - INFO: 模型文件保存在: ./user_data/model_data/xgb_model_v2.json
2022-05-07 14:42:25,590 15448 main.py[line:291] - INFO: 开始读取复赛测试集数据
2022-05-07 14:42:25,638 15448 main.py[line:305] - INFO: 读取复赛测试集数据结束！
2022-05-07 14:42:25,659 15448 main.py[line:324] - INFO: 开始匹配测试集日志和标签
2022-05-07 14:42:25,659 15448 main.py[line:325] - INFO: 使用报错时间截断进行划分
2022-05-07 14:42:41,913 15448 main.py[line:328] - INFO: 匹配测试集日志和标签结束
2022-05-07 14:42:41,913 15448 main.py[line:336] - INFO: 开始计算统计特征
2022-05-07 14:42:48,313 15448 main.py[line:339] - INFO: 计算统计特征结束
2022-05-07 14:42:48,317 15448 main.py[line:354] - INFO: 开始计算词频特征
2022-05-07 14:43:00,998 15448 main.py[line:364] - INFO: 计算词频特征结束
2022-05-07 14:43:03,096 15448 main.py[line:390] - INFO: 读取模型文件成功！
2022-05-07 14:43:03,097 15448 main.py[line:398] - INFO: 开始预测
2022-05-07 14:43:03,314 15448 main.py[line:407] - INFO: 预测成功！
2022-05-07 19:19:29,515 10152 main.py[line:291] - INFO: 开始读取复赛测试集数据
2022-05-07 19:20:14,632 11528 main.py[line:291] - INFO: 开始读取复赛测试集数据
2022-05-07 19:20:14,660 11528 main.py[line:305] - INFO: 读取复赛测试集数据结束！
2022-05-07 19:20:14,674 11528 main.py[line:324] - INFO: 开始匹配测试集日志和标签
2022-05-07 19:20:14,674 11528 main.py[line:325] - INFO: 使用报错时间截断进行划分
2022-05-07 19:20:34,380 11528 main.py[line:328] - INFO: 匹配测试集日志和标签结束
2022-05-07 19:22:28,262 11528 main.py[line:336] - INFO: 开始计算统计特征
2022-05-07 19:22:35,089 11528 main.py[line:339] - INFO: 计算统计特征结束
2022-05-07 19:22:35,095 11528 main.py[line:354] - INFO: 开始计算词频特征
2022-05-07 19:22:50,584 11528 main.py[line:364] - INFO: 计算词频特征结束
2022-05-07 19:22:51,674 11528 main.py[line:390] - INFO: 读取模型文件成功！
2022-05-07 19:22:51,674 11528 main.py[line:398] - INFO: 开始预测
2022-05-07 19:23:45,328 11528 main.py[line:407] - INFO: 预测成功！
