2022-05-08 23:48:27,790 19180 xgb_model_v2.py[line:118] - INFO: 开始训练xgb模型
2022-05-08 23:50:35,902 19180 xgb_model_v2.py[line:120] - INFO: 训练xgb模型结束
2022-05-08 23:50:36,139 19180 xgb_model_v2.py[line:124] - INFO: 训练集评估效果: 
2022-05-08 23:50:36,148 19180 xgb_model_v2.py[line:95] - INFO: Label 0:   Precision  1.00, Recall  1.00, F1  1.00
2022-05-08 23:50:36,149 19180 xgb_model_v2.py[line:95] - INFO: Label 1:   Precision  1.00, Recall  0.99, F1  1.00
2022-05-08 23:50:36,150 19180 xgb_model_v2.py[line:95] - INFO: Label 2:   Precision  1.00, Recall  1.00, F1  1.00
2022-05-08 23:50:36,152 19180 xgb_model_v2.py[line:95] - INFO: Label 3:   Precision  1.00, Recall  0.99, F1  1.00
2022-05-08 23:50:36,152 19180 xgb_model_v2.py[line:96] - INFO: macro_f1: 0.9981160125433628

2022-05-08 23:50:36,574 19180 xgb_model_v2.py[line:118] - INFO: 开始训练xgb模型
2022-05-08 23:52:09,393 19180 xgb_model_v2.py[line:120] - INFO: 训练xgb模型结束
2022-05-08 23:52:09,434 19180 xgb_model_v2.py[line:124] - INFO: 训练集评估效果: 
2022-05-08 23:52:09,479 19180 xgb_model_v2.py[line:95] - INFO: Label 0:   Precision  1.00, Recall  1.00, F1  1.00
2022-05-08 23:52:09,480 19180 xgb_model_v2.py[line:95] - INFO: Label 1:   Precision  1.00, Recall  1.00, F1  1.00
2022-05-08 23:52:09,482 19180 xgb_model_v2.py[line:95] - INFO: Label 2:   Precision  1.00, Recall  1.00, F1  1.00
2022-05-08 23:52:09,483 19180 xgb_model_v2.py[line:95] - INFO: Label 3:   Precision  1.00, Recall  0.99, F1  1.00
2022-05-08 23:52:09,483 19180 xgb_model_v2.py[line:96] - INFO: macro_f1: 0.9984988568855998

2022-05-08 23:52:09,949 19180 xgb_model_v2.py[line:156] - INFO: 开始xgb模型预测
2022-05-08 23:52:10,013 19180 xgb_model_v2.py[line:158] - INFO: xgb模型预测结束
2022-05-08 23:52:10,023 19180 xgb_model_v2.py[line:162] - INFO: 测试集评估效果: 
2022-05-08 23:52:10,036 19180 xgb_model_v2.py[line:95] - INFO: Label 0:   Precision  1.00, Recall  1.00, F1  1.00
2022-05-08 23:52:10,037 19180 xgb_model_v2.py[line:95] - INFO: Label 1:   Precision  1.00, Recall  0.99, F1  1.00
2022-05-08 23:52:10,039 19180 xgb_model_v2.py[line:95] - INFO: Label 2:   Precision  1.00, Recall  1.00, F1  1.00
2022-05-08 23:52:10,040 19180 xgb_model_v2.py[line:95] - INFO: Label 3:   Precision  1.00, Recall  0.99, F1  1.00
2022-05-08 23:52:10,040 19180 xgb_model_v2.py[line:96] - INFO: macro_f1: 0.9981160125433628

2022-05-08 23:52:10,301 19180 xgb_model_v2.py[line:156] - INFO: 开始xgb模型预测
2022-05-08 23:52:10,348 19180 xgb_model_v2.py[line:158] - INFO: xgb模型预测结束
2022-05-08 23:52:10,356 19180 xgb_model_v2.py[line:162] - INFO: 测试集评估效果: 
2022-05-08 23:52:10,366 19180 xgb_model_v2.py[line:95] - INFO: Label 0:   Precision  1.00, Recall  1.00, F1  1.00
2022-05-08 23:52:10,368 19180 xgb_model_v2.py[line:95] - INFO: Label 1:   Precision  1.00, Recall  1.00, F1  1.00
2022-05-08 23:52:10,369 19180 xgb_model_v2.py[line:95] - INFO: Label 2:   Precision  1.00, Recall  1.00, F1  1.00
2022-05-08 23:52:10,371 19180 xgb_model_v2.py[line:95] - INFO: Label 3:   Precision  1.00, Recall  0.99, F1  1.00
2022-05-08 23:52:10,371 19180 xgb_model_v2.py[line:96] - INFO: macro_f1: 0.9982984843600997

2022-05-08 23:52:10,488 19180 xgb_model_v2.py[line:156] - INFO: 开始xgb模型预测
2022-05-08 23:52:10,510 19180 xgb_model_v2.py[line:158] - INFO: xgb模型预测结束
2022-05-08 23:52:10,515 19180 xgb_model_v2.py[line:162] - INFO: 测试集评估效果: 
2022-05-08 23:52:10,522 19180 xgb_model_v2.py[line:95] - INFO: Label 0:   Precision  1.00, Recall  1.00, F1  1.00
2022-05-08 23:52:10,523 19180 xgb_model_v2.py[line:95] - INFO: Label 1:   Precision  1.00, Recall  0.99, F1  0.99
2022-05-08 23:52:10,524 19180 xgb_model_v2.py[line:95] - INFO: Label 2:   Precision  1.00, Recall  1.00, F1  1.00
2022-05-08 23:52:10,525 19180 xgb_model_v2.py[line:95] - INFO: Label 3:   Precision  1.00, Recall  1.00, F1  1.00
2022-05-08 23:52:10,526 19180 xgb_model_v2.py[line:96] - INFO: macro_f1: 0.9976798170437745

2022-05-08 23:52:10,605 19180 xgb_model_v2.py[line:156] - INFO: 开始xgb模型预测
2022-05-08 23:52:10,622 19180 xgb_model_v2.py[line:158] - INFO: xgb模型预测结束
2022-05-08 23:52:10,627 19180 xgb_model_v2.py[line:162] - INFO: 测试集评估效果: 
2022-05-08 23:52:10,675 19180 xgb_model_v2.py[line:95] - INFO: Label 0:   Precision  0.00, Recall  0.00, F1  0.00
2022-05-08 23:52:10,676 19180 xgb_model_v2.py[line:95] - INFO: Label 1:   Precision  0.58, Recall  0.07, F1  0.13
2022-05-08 23:52:10,678 19180 xgb_model_v2.py[line:95] - INFO: Label 2:   Precision  0.66, Recall  0.45, F1  0.53
2022-05-08 23:52:10,679 19180 xgb_model_v2.py[line:95] - INFO: Label 3:   Precision  0.23, Recall  0.74, F1  0.35
2022-05-08 23:52:10,679 19180 xgb_model_v2.py[line:96] - INFO: macro_f1: 0.12767486728052546

2022-05-08 23:52:10,754 19180 xgb_model_v2.py[line:156] - INFO: 开始xgb模型预测
2022-05-08 23:52:10,769 19180 xgb_model_v2.py[line:158] - INFO: xgb模型预测结束
2022-05-08 23:52:10,773 19180 xgb_model_v2.py[line:162] - INFO: 测试集评估效果: 
2022-05-08 23:52:10,780 19180 xgb_model_v2.py[line:95] - INFO: Label 0:   Precision  0.60, Recall  0.02, F1  0.04
2022-05-08 23:52:10,781 19180 xgb_model_v2.py[line:95] - INFO: Label 1:   Precision  0.63, Recall  0.07, F1  0.12
2022-05-08 23:52:10,783 19180 xgb_model_v2.py[line:95] - INFO: Label 2:   Precision  0.68, Recall  0.46, F1  0.55
2022-05-08 23:52:10,784 19180 xgb_model_v2.py[line:95] - INFO: Label 3:   Precision  0.25, Recall  0.79, F1  0.38
2022-05-08 23:52:10,784 19180 xgb_model_v2.py[line:96] - INFO: macro_f1: 0.14827531248609

2022-05-08 23:52:11,102 19180 xgb_model_v2.py[line:156] - INFO: 开始xgb模型预测
2022-05-08 23:52:11,157 19180 xgb_model_v2.py[line:158] - INFO: xgb模型预测结束
2022-05-08 23:52:11,172 19180 xgb_model_v2.py[line:162] - INFO: 测试集评估效果: 
2022-05-08 23:52:11,188 19180 xgb_model_v2.py[line:95] - INFO: Label 0:   Precision  0.91, Recall  0.81, F1  0.86
2022-05-08 23:52:11,189 19180 xgb_model_v2.py[line:95] - INFO: Label 1:   Precision  0.91, Recall  0.94, F1  0.92
2022-05-08 23:52:11,191 19180 xgb_model_v2.py[line:95] - INFO: Label 2:   Precision  0.98, Recall  0.99, F1  0.99
2022-05-08 23:52:11,192 19180 xgb_model_v2.py[line:95] - INFO: Label 3:   Precision  0.97, Recall  0.97, F1  0.97
2022-05-08 23:52:11,192 19180 xgb_model_v2.py[line:96] - INFO: macro_f1: 0.9042283250366199

2022-05-08 23:52:11,406 19180 xgb_model_v2.py[line:156] - INFO: 开始xgb模型预测
2022-05-08 23:52:11,445 19180 xgb_model_v2.py[line:158] - INFO: xgb模型预测结束
2022-05-08 23:52:11,453 19180 xgb_model_v2.py[line:162] - INFO: 测试集评估效果: 
2022-05-08 23:52:11,464 19180 xgb_model_v2.py[line:95] - INFO: Label 0:   Precision  1.00, Recall  1.00, F1  1.00
2022-05-08 23:52:11,465 19180 xgb_model_v2.py[line:95] - INFO: Label 1:   Precision  1.00, Recall  1.00, F1  1.00
2022-05-08 23:52:11,466 19180 xgb_model_v2.py[line:95] - INFO: Label 2:   Precision  1.00, Recall  1.00, F1  1.00
2022-05-08 23:52:11,468 19180 xgb_model_v2.py[line:95] - INFO: Label 3:   Precision  1.00, Recall  0.99, F1  1.00
2022-05-08 23:52:11,468 19180 xgb_model_v2.py[line:96] - INFO: macro_f1: 0.9984988568855998

2022-05-08 23:52:11,587 19180 xgb_model_v2.py[line:156] - INFO: 开始xgb模型预测
2022-05-08 23:52:11,606 19180 xgb_model_v2.py[line:158] - INFO: xgb模型预测结束
2022-05-08 23:52:11,611 19180 xgb_model_v2.py[line:162] - INFO: 测试集评估效果: 
2022-05-08 23:52:11,618 19180 xgb_model_v2.py[line:95] - INFO: Label 0:   Precision  0.62, Recall  0.39, F1  0.48
2022-05-08 23:52:11,619 19180 xgb_model_v2.py[line:95] - INFO: Label 1:   Precision  0.73, Recall  0.79, F1  0.76
2022-05-08 23:52:11,620 19180 xgb_model_v2.py[line:95] - INFO: Label 2:   Precision  0.94, Recall  0.97, F1  0.95
2022-05-08 23:52:11,621 19180 xgb_model_v2.py[line:95] - INFO: Label 3:   Precision  0.90, Recall  0.91, F1  0.90
2022-05-08 23:52:11,622 19180 xgb_model_v2.py[line:96] - INFO: macro_f1: 0.6637126268420901

2022-05-08 23:52:11,697 19180 xgb_model_v2.py[line:156] - INFO: 开始xgb模型预测
2022-05-08 23:52:11,709 19180 xgb_model_v2.py[line:158] - INFO: xgb模型预测结束
2022-05-08 23:52:11,714 19180 xgb_model_v2.py[line:162] - INFO: 测试集评估效果: 
2022-05-08 23:52:11,719 19180 xgb_model_v2.py[line:95] - INFO: Label 0:   Precision  0.00, Recall  0.00, F1  0.00
2022-05-08 23:52:11,721 19180 xgb_model_v2.py[line:95] - INFO: Label 1:   Precision  0.28, Recall  0.02, F1  0.03
2022-05-08 23:52:11,722 19180 xgb_model_v2.py[line:95] - INFO: Label 2:   Precision  0.58, Recall  0.73, F1  0.65
2022-05-08 23:52:11,723 19180 xgb_model_v2.py[line:95] - INFO: Label 3:   Precision  0.26, Recall  0.42, F1  0.33
2022-05-08 23:52:11,723 19180 xgb_model_v2.py[line:96] - INFO: macro_f1: 0.10044634827658197

2022-05-08 23:52:11,793 19180 xgb_model_v2.py[line:156] - INFO: 开始xgb模型预测
2022-05-08 23:52:11,804 19180 xgb_model_v2.py[line:158] - INFO: xgb模型预测结束
2022-05-08 23:52:11,808 19180 xgb_model_v2.py[line:162] - INFO: 测试集评估效果: 
2022-05-08 23:52:11,814 19180 xgb_model_v2.py[line:95] - INFO: Label 0:   Precision  0.83, Recall  0.04, F1  0.07
2022-05-08 23:52:11,815 19180 xgb_model_v2.py[line:95] - INFO: Label 1:   Precision  0.50, Recall  0.02, F1  0.05
2022-05-08 23:52:11,817 19180 xgb_model_v2.py[line:95] - INFO: Label 2:   Precision  0.58, Recall  0.73, F1  0.65
2022-05-08 23:52:11,818 19180 xgb_model_v2.py[line:95] - INFO: Label 3:   Precision  0.28, Recall  0.46, F1  0.35
2022-05-08 23:52:11,818 19180 xgb_model_v2.py[line:96] - INFO: macro_f1: 0.13817727565139226

2022-05-08 23:58:34,941 11268 xgb_model_v2.py[line:118] - INFO: 开始训练xgb模型
