2022-05-12 00:12:23,650 16928 main.py[line:239] - INFO: 开始拼接日志和标签数据
2022-05-12 00:12:24,166 16928 main.py[line:248] - INFO: 拼接日志和标签数据结束
2022-05-12 00:12:24,166 16928 main.py[line:250] - INFO: 开始匹配日志和标签
2022-05-12 00:12:24,166 16928 main.py[line:251] - INFO: 使用报错时间截断进行划分
2022-05-12 00:16:01,044 16928 main.py[line:254] - INFO: 匹配日志和标签结束
2022-05-12 00:16:01,044 16928 main.py[line:256] - INFO: 开始计算统计特征
2022-05-12 00:17:20,755 16928 main.py[line:259] - INFO: 计算统计特征结束
2022-05-12 00:17:20,758 16928 main.py[line:265] - INFO: 开始计算词频特征
2022-05-12 00:18:47,495 16928 main.py[line:275] - INFO: 计算词频特征结束
2022-05-12 00:18:53,006 16928 main.py[line:286] - INFO: 最后3列为: label, sn, fault_time, 其余列均为特征
2022-05-12 00:18:53,006 16928 main.py[line:287] - INFO: 数据条数: 16604, 特征个数: 2110
2022-05-12 00:34:04,767 19440 2281365420.py[line:355] - INFO: 开始训练xgb模型
2022-05-12 00:37:03,518 19440 2281365420.py[line:357] - INFO: 训练xgb模型结束
2022-05-12 00:37:03,603 19440 2281365420.py[line:361] - INFO: 训练集评估效果: 
2022-05-12 00:37:03,622 19440 2281365420.py[line:333] - INFO: Label 0:   Precision  1.00, Recall  1.00, F1  1.00
2022-05-12 00:37:03,624 19440 2281365420.py[line:333] - INFO: Label 1:   Precision  1.00, Recall  0.99, F1  1.00
2022-05-12 00:37:03,627 19440 2281365420.py[line:333] - INFO: Label 2:   Precision  1.00, Recall  1.00, F1  1.00
2022-05-12 00:37:03,630 19440 2281365420.py[line:333] - INFO: Label 3:   Precision  1.00, Recall  0.99, F1  1.00
2022-05-12 00:37:03,630 19440 2281365420.py[line:334] - INFO: macro_f1: 0.9980335422327866

2022-05-12 00:39:10,285 19440 2281365420.py[line:393] - INFO: 开始xgb模型预测
2022-05-12 00:39:10,361 19440 2281365420.py[line:395] - INFO: xgb模型预测结束
2022-05-12 00:39:10,395 19440 2281365420.py[line:399] - INFO: 测试集评估效果: 
2022-05-12 00:39:10,409 19440 2281365420.py[line:333] - INFO: Label 0:   Precision  0.93, Recall  0.06, F1  0.11
2022-05-12 00:39:10,411 19440 2281365420.py[line:333] - INFO: Label 1:   Precision  0.49, Recall  0.22, F1  0.31
2022-05-12 00:39:10,414 19440 2281365420.py[line:333] - INFO: Label 2:   Precision  0.60, Recall  0.58, F1  0.59
2022-05-12 00:39:10,417 19440 2281365420.py[line:333] - INFO: Label 3:   Precision  0.21, Recall  0.51, F1  0.30
2022-05-12 00:39:10,417 19440 2281365420.py[line:334] - INFO: macro_f1: 0.24173740905884014

2022-05-12 00:39:47,854 19440 2281365420.py[line:393] - INFO: 开始xgb模型预测
2022-05-12 00:39:47,918 19440 2281365420.py[line:395] - INFO: xgb模型预测结束
2022-05-12 00:39:47,950 19440 2281365420.py[line:399] - INFO: 测试集评估效果: 
2022-05-12 00:39:47,985 19440 2281365420.py[line:333] - INFO: Label 0:   Precision  1.00, Recall  1.00, F1  1.00
2022-05-12 00:39:47,988 19440 2281365420.py[line:333] - INFO: Label 1:   Precision  1.00, Recall  0.99, F1  1.00
2022-05-12 00:39:47,991 19440 2281365420.py[line:333] - INFO: Label 2:   Precision  1.00, Recall  1.00, F1  1.00
2022-05-12 00:39:47,995 19440 2281365420.py[line:333] - INFO: Label 3:   Precision  1.00, Recall  0.99, F1  1.00
2022-05-12 00:39:47,996 19440 2281365420.py[line:334] - INFO: macro_f1: 0.9980335422327866

2022-05-12 00:40:31,807 19440 2281365420.py[line:393] - INFO: 开始xgb模型预测
2022-05-12 00:40:31,879 19440 2281365420.py[line:395] - INFO: xgb模型预测结束
2022-05-12 00:40:31,912 19440 2281365420.py[line:399] - INFO: 测试集评估效果: 
2022-05-12 00:40:31,926 19440 2281365420.py[line:333] - INFO: Label 0:   Precision  0.96, Recall  0.01, F1  0.03
2022-05-12 00:40:31,929 19440 2281365420.py[line:333] - INFO: Label 1:   Precision  0.50, Recall  0.20, F1  0.29
2022-05-12 00:40:31,931 19440 2281365420.py[line:333] - INFO: Label 2:   Precision  0.81, Recall  0.36, F1  0.50
2022-05-12 00:40:31,934 19440 2281365420.py[line:333] - INFO: Label 3:   Precision  0.18, Recall  0.82, F1  0.30
2022-05-12 00:40:31,935 19440 2281365420.py[line:334] - INFO: macro_f1: 0.191219143060124

2022-05-12 00:40:42,073 19440 2281365420.py[line:393] - INFO: 开始xgb模型预测
2022-05-12 00:40:42,146 19440 2281365420.py[line:395] - INFO: xgb模型预测结束
2022-05-12 00:40:42,180 19440 2281365420.py[line:399] - INFO: 测试集评估效果: 
2022-05-12 00:40:42,193 19440 2281365420.py[line:333] - INFO: Label 0:   Precision  1.00, Recall  1.00, F1  1.00
2022-05-12 00:40:42,196 19440 2281365420.py[line:333] - INFO: Label 1:   Precision  1.00, Recall  1.00, F1  1.00
2022-05-12 00:40:42,198 19440 2281365420.py[line:333] - INFO: Label 2:   Precision  1.00, Recall  1.00, F1  1.00
2022-05-12 00:40:42,200 19440 2281365420.py[line:333] - INFO: Label 3:   Precision  1.00, Recall  0.99, F1  1.00
2022-05-12 00:40:42,201 19440 2281365420.py[line:334] - INFO: macro_f1: 0.9983509563194598

2022-05-12 00:41:19,424 19440 2281365420.py[line:393] - INFO: 开始xgb模型预测
2022-05-12 00:41:19,505 19440 2281365420.py[line:395] - INFO: xgb模型预测结束
2022-05-12 00:41:19,537 19440 2281365420.py[line:399] - INFO: 测试集评估效果: 
2022-05-12 00:41:19,552 19440 2281365420.py[line:333] - INFO: Label 0:   Precision  0.96, Recall  0.01, F1  0.03
2022-05-12 00:41:19,596 19440 2281365420.py[line:333] - INFO: Label 1:   Precision  0.50, Recall  0.20, F1  0.29
2022-05-12 00:41:19,599 19440 2281365420.py[line:333] - INFO: Label 2:   Precision  0.81, Recall  0.36, F1  0.50
2022-05-12 00:41:19,602 19440 2281365420.py[line:333] - INFO: Label 3:   Precision  0.18, Recall  0.82, F1  0.30
2022-05-12 00:41:19,603 19440 2281365420.py[line:334] - INFO: macro_f1: 0.191219143060124

2022-05-12 01:03:50,417 19440 2281365420.py[line:393] - INFO: 开始xgb模型预测
2022-05-12 01:03:50,487 19440 2281365420.py[line:395] - INFO: xgb模型预测结束
2022-05-12 01:03:50,519 19440 2281365420.py[line:399] - INFO: 测试集评估效果: 
2022-05-12 01:03:50,535 19440 2281365420.py[line:333] - INFO: Label 0:   Precision  1.00, Recall  1.00, F1  1.00
2022-05-12 01:03:50,538 19440 2281365420.py[line:333] - INFO: Label 1:   Precision  1.00, Recall  0.99, F1  1.00
2022-05-12 01:03:50,540 19440 2281365420.py[line:333] - INFO: Label 2:   Precision  1.00, Recall  1.00, F1  1.00
2022-05-12 01:03:50,542 19440 2281365420.py[line:333] - INFO: Label 3:   Precision  1.00, Recall  0.99, F1  1.00
2022-05-12 01:03:50,543 19440 2281365420.py[line:334] - INFO: macro_f1: 0.9980335422327866

2022-05-12 01:04:11,298 19440 2281365420.py[line:393] - INFO: 开始xgb模型预测
2022-05-12 01:04:11,382 19440 2281365420.py[line:395] - INFO: xgb模型预测结束
2022-05-12 01:04:11,414 19440 2281365420.py[line:399] - INFO: 测试集评估效果: 
2022-05-12 01:04:11,464 19440 2281365420.py[line:333] - INFO: Label 0:   Precision  1.00, Recall  1.00, F1  1.00
2022-05-12 01:04:11,466 19440 2281365420.py[line:333] - INFO: Label 1:   Precision  1.00, Recall  1.00, F1  1.00
2022-05-12 01:04:11,469 19440 2281365420.py[line:333] - INFO: Label 2:   Precision  1.00, Recall  1.00, F1  1.00
2022-05-12 01:04:11,471 19440 2281365420.py[line:333] - INFO: Label 3:   Precision  1.00, Recall  0.99, F1  1.00
2022-05-12 01:04:11,472 19440 2281365420.py[line:334] - INFO: macro_f1: 0.9983509563194598

2022-05-12 01:04:22,195 19440 2281365420.py[line:393] - INFO: 开始xgb模型预测
2022-05-12 01:04:22,265 19440 2281365420.py[line:395] - INFO: xgb模型预测结束
2022-05-12 01:04:22,296 19440 2281365420.py[line:399] - INFO: 测试集评估效果: 
2022-05-12 01:04:22,310 19440 2281365420.py[line:333] - INFO: Label 0:   Precision  0.96, Recall  0.01, F1  0.03
2022-05-12 01:04:22,313 19440 2281365420.py[line:333] - INFO: Label 1:   Precision  0.50, Recall  0.20, F1  0.29
2022-05-12 01:04:22,316 19440 2281365420.py[line:333] - INFO: Label 2:   Precision  0.81, Recall  0.36, F1  0.50
2022-05-12 01:04:22,319 19440 2281365420.py[line:333] - INFO: Label 3:   Precision  0.18, Recall  0.82, F1  0.30
2022-05-12 01:04:22,319 19440 2281365420.py[line:334] - INFO: macro_f1: 0.191219143060124

2022-05-12 01:04:36,822 19440 2281365420.py[line:393] - INFO: 开始xgb模型预测
2022-05-12 01:04:36,895 19440 2281365420.py[line:395] - INFO: xgb模型预测结束
2022-05-12 01:04:36,928 19440 2281365420.py[line:399] - INFO: 测试集评估效果: 
2022-05-12 01:04:36,944 19440 2281365420.py[line:333] - INFO: Label 0:   Precision  1.00, Recall  1.00, F1  1.00
2022-05-12 01:04:36,946 19440 2281365420.py[line:333] - INFO: Label 1:   Precision  1.00, Recall  1.00, F1  1.00
2022-05-12 01:04:36,949 19440 2281365420.py[line:333] - INFO: Label 2:   Precision  1.00, Recall  1.00, F1  1.00
2022-05-12 01:04:36,951 19440 2281365420.py[line:333] - INFO: Label 3:   Precision  1.00, Recall  0.99, F1  1.00
2022-05-12 01:04:36,952 19440 2281365420.py[line:334] - INFO: macro_f1: 0.9983509563194598

2022-05-12 01:11:02,291 19440 2281365420.py[line:393] - INFO: 开始xgb模型预测
2022-05-12 01:11:02,354 19440 2281365420.py[line:395] - INFO: xgb模型预测结束
2022-05-12 01:11:02,387 19440 2281365420.py[line:399] - INFO: 测试集评估效果: 
2022-05-12 01:11:02,403 19440 2281365420.py[line:333] - INFO: Label 0:   Precision  0.93, Recall  0.06, F1  0.11
2022-05-12 01:11:02,406 19440 2281365420.py[line:333] - INFO: Label 1:   Precision  0.49, Recall  0.22, F1  0.31
2022-05-12 01:11:02,409 19440 2281365420.py[line:333] - INFO: Label 2:   Precision  0.60, Recall  0.58, F1  0.59
2022-05-12 01:11:02,411 19440 2281365420.py[line:333] - INFO: Label 3:   Precision  0.21, Recall  0.51, F1  0.30
2022-05-12 01:11:02,412 19440 2281365420.py[line:334] - INFO: macro_f1: 0.24173740905884014

2022-05-12 01:13:23,506 19440 2281365420.py[line:393] - INFO: 开始xgb模型预测
2022-05-12 01:13:23,532 19440 2281365420.py[line:395] - INFO: xgb模型预测结束
2022-05-12 01:13:23,565 19440 2281365420.py[line:399] - INFO: 测试集评估效果: 
2022-05-12 01:13:23,579 19440 2281365420.py[line:333] - INFO: Label 0:   Precision  0.00, Recall  0.00, F1  0.00
2022-05-12 01:13:23,582 19440 2281365420.py[line:333] - INFO: Label 1:   Precision  0.00, Recall  0.00, F1  0.00
2022-05-12 01:13:23,585 19440 2281365420.py[line:333] - INFO: Label 2:   Precision  0.56, Recall  1.00, F1  0.72
2022-05-12 01:13:23,587 19440 2281365420.py[line:333] - INFO: Label 3:   Precision  0.00, Recall  0.00, F1  0.00
2022-05-12 01:13:23,588 19440 2281365420.py[line:334] - INFO: macro_f1: 0.0653440850040827

2022-05-12 01:14:15,667 19440 2281365420.py[line:393] - INFO: 开始xgb模型预测
2022-05-12 01:14:15,697 19440 2281365420.py[line:395] - INFO: xgb模型预测结束
2022-05-12 01:14:15,731 19440 2281365420.py[line:399] - INFO: 测试集评估效果: 
2022-05-12 01:14:15,745 19440 2281365420.py[line:333] - INFO: Label 0:   Precision  0.00, Recall  0.00, F1  0.00
2022-05-12 01:14:15,747 19440 2281365420.py[line:333] - INFO: Label 1:   Precision  0.00, Recall  0.00, F1  0.00
2022-05-12 01:14:15,750 19440 2281365420.py[line:333] - INFO: Label 2:   Precision  0.56, Recall  1.00, F1  0.72
2022-05-12 01:14:15,752 19440 2281365420.py[line:333] - INFO: Label 3:   Precision  0.00, Recall  0.00, F1  0.00
2022-05-12 01:14:15,752 19440 2281365420.py[line:334] - INFO: macro_f1: 0.0653440850040827

2022-05-12 01:19:34,301 19440 2281365420.py[line:393] - INFO: 开始xgb模型预测
2022-05-12 01:19:34,374 19440 2281365420.py[line:395] - INFO: xgb模型预测结束
2022-05-12 01:19:34,406 19440 2281365420.py[line:399] - INFO: 测试集评估效果: 
2022-05-12 01:19:34,419 19440 2281365420.py[line:333] - INFO: Label 0:   Precision  1.00, Recall  1.00, F1  1.00
2022-05-12 01:19:34,422 19440 2281365420.py[line:333] - INFO: Label 1:   Precision  1.00, Recall  0.99, F1  1.00
2022-05-12 01:19:34,424 19440 2281365420.py[line:333] - INFO: Label 2:   Precision  1.00, Recall  1.00, F1  1.00
2022-05-12 01:19:34,427 19440 2281365420.py[line:333] - INFO: Label 3:   Precision  1.00, Recall  0.99, F1  1.00
2022-05-12 01:19:34,427 19440 2281365420.py[line:334] - INFO: macro_f1: 0.9980335422327866

2022-05-12 01:23:43,184 19440 2281365420.py[line:393] - INFO: 开始xgb模型预测
2022-05-12 01:23:43,255 19440 2281365420.py[line:395] - INFO: xgb模型预测结束
2022-05-12 01:23:43,288 19440 2281365420.py[line:399] - INFO: 测试集评估效果: 
2022-05-12 01:23:43,302 19440 2281365420.py[line:333] - INFO: Label 0:   Precision  1.00, Recall  1.00, F1  1.00
2022-05-12 01:23:43,304 19440 2281365420.py[line:333] - INFO: Label 1:   Precision  1.00, Recall  1.00, F1  1.00
2022-05-12 01:23:43,307 19440 2281365420.py[line:333] - INFO: Label 2:   Precision  1.00, Recall  1.00, F1  1.00
2022-05-12 01:23:43,309 19440 2281365420.py[line:333] - INFO: Label 3:   Precision  1.00, Recall  0.99, F1  1.00
2022-05-12 01:23:43,309 19440 2281365420.py[line:334] - INFO: macro_f1: 0.9983509563194598

2022-05-12 01:26:56,849 19440 2281365420.py[line:237] - INFO: 开始拼接日志和标签数据
2022-05-12 01:26:56,921 19440 2281365420.py[line:246] - INFO: 拼接日志和标签数据结束
2022-05-12 01:26:56,922 19440 2281365420.py[line:248] - INFO: 开始匹配日志和标签
2022-05-12 01:26:56,923 19440 2281365420.py[line:249] - INFO: 使用报错时间截断进行划分
2022-05-12 01:27:55,733 19440 2281365420.py[line:252] - INFO: 匹配日志和标签结束
2022-05-12 01:27:55,733 19440 2281365420.py[line:254] - INFO: 开始计算统计特征
2022-05-12 01:27:58,477 19440 2281365420.py[line:257] - INFO: 计算统计特征结束
2022-05-12 01:27:58,478 19440 2281365420.py[line:263] - INFO: 开始计算词频特征
2022-05-12 01:28:04,909 19440 2281365420.py[line:273] - INFO: 计算词频特征结束
2022-05-12 01:28:05,789 19440 2281365420.py[line:284] - INFO: 最后3列为: label, sn, fault_time, 其余列均为特征
2022-05-12 01:28:05,790 19440 2281365420.py[line:285] - INFO: 数据条数: 3030, 特征个数: 2110
2022-05-12 01:33:45,992 19440 2281365420.py[line:381] - INFO: 开始xgb模型预测
2022-05-12 01:33:46,006 19440 2281365420.py[line:383] - INFO: xgb模型预测结束
2022-05-12 01:36:05,073 19440 2281365420.py[line:393] - INFO: 开始xgb模型预测
2022-05-12 01:36:05,087 19440 2281365420.py[line:395] - INFO: xgb模型预测结束
2022-05-12 01:36:05,113 19440 2281365420.py[line:399] - INFO: 测试集评估效果: 
2022-05-12 01:36:05,120 19440 2281365420.py[line:333] - INFO: Label 0:   Precision  0.83, Recall  0.79, F1  0.81
2022-05-12 01:36:05,122 19440 2281365420.py[line:333] - INFO: Label 1:   Precision  0.95, Recall  0.95, F1  0.95
2022-05-12 01:36:05,124 19440 2281365420.py[line:333] - INFO: Label 2:   Precision  0.99, Recall  0.99, F1  0.99
2022-05-12 01:36:05,126 19440 2281365420.py[line:333] - INFO: Label 3:   Precision  0.98, Recall  0.98, F1  0.98
2022-05-12 01:36:05,127 19440 2281365420.py[line:334] - INFO: macro_f1: 0.892644639309273

2022-05-12 01:37:31,777 19440 2281365420.py[line:393] - INFO: 开始xgb模型预测
2022-05-12 01:37:31,795 19440 2281365420.py[line:395] - INFO: xgb模型预测结束
2022-05-12 01:37:31,822 19440 2281365420.py[line:399] - INFO: 测试集评估效果: 
2022-05-12 01:37:31,829 19440 2281365420.py[line:333] - INFO: Label 0:   Precision  0.81, Recall  0.68, F1  0.74
2022-05-12 01:37:31,831 19440 2281365420.py[line:333] - INFO: Label 1:   Precision  0.92, Recall  0.96, F1  0.94
2022-05-12 01:37:31,833 19440 2281365420.py[line:333] - INFO: Label 2:   Precision  1.00, Recall  0.99, F1  0.99
2022-05-12 01:37:31,835 19440 2281365420.py[line:333] - INFO: Label 3:   Precision  0.97, Recall  0.98, F1  0.98
2022-05-12 01:37:31,836 19440 2281365420.py[line:334] - INFO: macro_f1: 0.8565725545320657

2022-05-12 01:38:57,970 16928 main.py[line:239] - INFO: 开始拼接日志和标签数据
2022-05-12 01:38:57,987 16928 main.py[line:248] - INFO: 拼接日志和标签数据结束
2022-05-12 01:38:57,987 16928 main.py[line:250] - INFO: 开始匹配日志和标签
2022-05-12 01:38:57,987 16928 main.py[line:251] - INFO: 使用报错时间截断进行划分
2022-05-12 01:39:31,592 16928 main.py[line:254] - INFO: 匹配日志和标签结束
2022-05-12 01:39:31,592 16928 main.py[line:256] - INFO: 开始计算统计特征
2022-05-12 01:39:34,649 16928 main.py[line:259] - INFO: 计算统计特征结束
2022-05-12 01:39:34,650 16928 main.py[line:265] - INFO: 开始计算词频特征
2022-05-12 01:39:41,918 16928 main.py[line:275] - INFO: 计算词频特征结束
2022-05-12 01:39:42,775 16928 main.py[line:286] - INFO: 最后3列为: label, sn, fault_time, 其余列均为特征
2022-05-12 01:39:42,775 16928 main.py[line:287] - INFO: 数据条数: 3030, 特征个数: 2110
2022-05-12 01:40:53,872 16928 main.py[line:357] - INFO: 开始训练xgb模型
2022-05-12 01:43:04,052 16928 main.py[line:359] - INFO: 训练xgb模型结束
2022-05-12 01:43:04,142 16928 main.py[line:363] - INFO: 训练集评估效果: 
2022-05-12 01:43:04,156 16928 main.py[line:335] - INFO: Label 0:   Precision  1.00, Recall  1.00, F1  1.00
2022-05-12 01:43:04,158 16928 main.py[line:335] - INFO: Label 1:   Precision  1.00, Recall  0.99, F1  1.00
2022-05-12 01:43:04,160 16928 main.py[line:335] - INFO: Label 2:   Precision  1.00, Recall  1.00, F1  1.00
2022-05-12 01:43:04,161 16928 main.py[line:335] - INFO: Label 3:   Precision  1.00, Recall  0.99, F1  1.00
2022-05-12 01:43:04,161 16928 main.py[line:336] - INFO: macro_f1: 0.9981160125433628

2022-05-12 01:43:04,297 16928 main.py[line:395] - INFO: 开始xgb模型预测
2022-05-12 01:43:04,313 16928 main.py[line:397] - INFO: xgb模型预测结束
2022-05-12 01:43:04,330 16928 main.py[line:401] - INFO: 测试集评估效果: 
2022-05-12 01:43:04,337 16928 main.py[line:335] - INFO: Label 0:   Precision  0.86, Recall  0.87, F1  0.86
2022-05-12 01:43:04,339 16928 main.py[line:335] - INFO: Label 1:   Precision  0.97, Recall  0.96, F1  0.96
2022-05-12 01:43:04,340 16928 main.py[line:335] - INFO: Label 2:   Precision  0.99, Recall  1.00, F1  0.99
2022-05-12 01:43:04,341 16928 main.py[line:335] - INFO: Label 3:   Precision  0.99, Recall  0.99, F1  0.99
2022-05-12 01:43:04,341 16928 main.py[line:336] - INFO: macro_f1: 0.9230635538068384

2022-05-12 01:53:01,571 23096 main.py[line:239] - INFO: 开始拼接日志和标签数据
2022-05-12 01:53:01,583 23096 main.py[line:248] - INFO: 拼接日志和标签数据结束
2022-05-12 01:53:01,583 23096 main.py[line:250] - INFO: 开始匹配日志和标签
2022-05-12 01:53:01,583 23096 main.py[line:251] - INFO: 使用报错时间截断进行划分
2022-05-12 01:53:10,101 23096 main.py[line:254] - INFO: 匹配日志和标签结束
2022-05-12 01:53:10,101 23096 main.py[line:256] - INFO: 开始计算统计特征
2022-05-12 01:53:12,687 23096 main.py[line:259] - INFO: 计算统计特征结束
2022-05-12 01:53:12,688 23096 main.py[line:265] - INFO: 开始计算词频特征
2022-05-12 01:53:18,878 23096 main.py[line:275] - INFO: 计算词频特征结束
2022-05-12 01:53:19,735 23096 main.py[line:286] - INFO: 最后3列为: label, sn, fault_time, 其余列均为特征
2022-05-12 01:53:19,736 23096 main.py[line:287] - INFO: 数据条数: 3011, 特征个数: 2110
2022-05-12 01:53:22,180 23096 main.py[line:383] - INFO: 开始xgb模型预测
2022-05-12 01:53:22,195 23096 main.py[line:385] - INFO: xgb模型预测结束
