2022-05-13 00:36:46,999 20284 main.py[line:239] - INFO: 开始拼接日志和标签数据
2022-05-13 00:36:47,517 20284 main.py[line:248] - INFO: 拼接日志和标签数据结束
2022-05-13 00:36:47,517 20284 main.py[line:250] - INFO: 开始匹配日志和标签
2022-05-13 00:36:47,517 20284 main.py[line:251] - INFO: 使用报错时间截断进行划分
2022-05-13 00:40:25,197 20284 main.py[line:255] - INFO: 匹配日志和标签结束
2022-05-13 00:40:25,198 20284 main.py[line:257] - INFO: 开始计算统计特征
2022-05-13 00:41:43,982 20284 main.py[line:260] - INFO: 计算统计特征结束
2022-05-13 00:41:43,985 20284 main.py[line:266] - INFO: 开始计算词频特征
2022-05-13 00:43:12,081 20284 main.py[line:276] - INFO: 计算词频特征结束
2022-05-13 00:43:17,629 20284 main.py[line:287] - INFO: 最后3列为: label, sn, fault_time, 其余列均为特征
2022-05-13 00:43:17,629 20284 main.py[line:288] - INFO: 数据条数: 16604, 特征个数: 2110
2022-05-13 01:09:25,041 13032 main.py[line:239] - INFO: 开始拼接日志和标签数据
2022-05-13 01:09:25,549 13032 main.py[line:248] - INFO: 拼接日志和标签数据结束
2022-05-13 01:09:25,549 13032 main.py[line:250] - INFO: 开始匹配日志和标签
2022-05-13 01:09:25,549 13032 main.py[line:251] - INFO: 使用报错时间截断进行划分
2022-05-13 01:09:25,997 13032 main.py[line:256] - INFO: 匹配日志和标签结束
2022-05-13 01:09:25,997 13032 main.py[line:258] - INFO: 开始计算统计特征
2022-05-13 01:10:07,110 3156 main.py[line:239] - INFO: 开始拼接日志和标签数据
2022-05-13 01:10:07,615 3156 main.py[line:248] - INFO: 拼接日志和标签数据结束
2022-05-13 01:10:07,616 3156 main.py[line:250] - INFO: 开始匹配日志和标签
2022-05-13 01:10:07,616 3156 main.py[line:251] - INFO: 使用报错时间截断进行划分
2022-05-13 01:10:08,073 3156 main.py[line:256] - INFO: 匹配日志和标签结束
2022-05-13 01:10:08,073 3156 main.py[line:258] - INFO: 开始计算统计特征
2022-05-13 01:10:35,686 3156 main.py[line:261] - INFO: 计算统计特征结束
2022-05-13 01:10:35,688 3156 main.py[line:267] - INFO: 开始计算词频特征
2022-05-13 01:10:40,680 3156 main.py[line:277] - INFO: 计算词频特征结束
2022-05-13 01:10:41,550 3156 main.py[line:288] - INFO: 最后3列为: label, sn, fault_time, 其余列均为特征
2022-05-13 01:10:41,550 3156 main.py[line:289] - INFO: 数据条数: 16604, 特征个数: 303
2022-05-13 01:10:43,595 3156 main.py[line:359] - INFO: 开始训练xgb模型
2022-05-13 01:12:52,192 3156 main.py[line:361] - INFO: 训练xgb模型结束
2022-05-13 01:12:52,433 3156 main.py[line:365] - INFO: 训练集评估效果: 
2022-05-13 01:12:52,444 3156 main.py[line:337] - INFO: Label 0:   Precision  1.00, Recall  1.00, F1  1.00
2022-05-13 01:12:52,445 3156 main.py[line:337] - INFO: Label 1:   Precision  1.00, Recall  0.99, F1  1.00
2022-05-13 01:12:52,447 3156 main.py[line:337] - INFO: Label 2:   Precision  1.00, Recall  1.00, F1  1.00
2022-05-13 01:12:52,448 3156 main.py[line:337] - INFO: Label 3:   Precision  1.00, Recall  0.99, F1  1.00
2022-05-13 01:12:52,448 3156 main.py[line:338] - INFO: macro_f1: 0.9981160125433628

2022-05-13 01:12:52,619 3156 main.py[line:397] - INFO: 开始xgb模型预测
2022-05-13 01:12:52,670 3156 main.py[line:399] - INFO: xgb模型预测结束
2022-05-13 01:12:52,679 3156 main.py[line:403] - INFO: 测试集评估效果: 
2022-05-13 01:12:52,690 3156 main.py[line:337] - INFO: Label 0:   Precision  1.00, Recall  1.00, F1  1.00
2022-05-13 01:12:52,691 3156 main.py[line:337] - INFO: Label 1:   Precision  1.00, Recall  0.99, F1  1.00
2022-05-13 01:12:52,693 3156 main.py[line:337] - INFO: Label 2:   Precision  1.00, Recall  1.00, F1  1.00
2022-05-13 01:12:52,694 3156 main.py[line:337] - INFO: Label 3:   Precision  1.00, Recall  1.00, F1  1.00
2022-05-13 01:12:52,694 3156 main.py[line:338] - INFO: macro_f1: 0.9980655783552969

2022-05-13 01:12:52,894 3156 main.py[line:397] - INFO: 开始xgb模型预测
2022-05-13 01:12:52,920 3156 main.py[line:399] - INFO: xgb模型预测结束
2022-05-13 01:12:52,925 3156 main.py[line:403] - INFO: 测试集评估效果: 
2022-05-13 01:12:52,935 3156 main.py[line:337] - INFO: Label 0:   Precision  1.00, Recall  1.00, F1  1.00
2022-05-13 01:12:52,936 3156 main.py[line:337] - INFO: Label 1:   Precision  1.00, Recall  1.00, F1  1.00
2022-05-13 01:12:52,939 3156 main.py[line:337] - INFO: Label 2:   Precision  1.00, Recall  1.00, F1  1.00
2022-05-13 01:12:52,941 3156 main.py[line:337] - INFO: Label 3:   Precision  1.00, Recall  1.00, F1  1.00
2022-05-13 01:12:52,941 3156 main.py[line:338] - INFO: macro_f1: 0.9993626352279371

2022-05-13 01:13:36,485 16580 2281365420.py[line:237] - INFO: 开始拼接日志和标签数据
2022-05-13 01:13:36,996 16580 2281365420.py[line:246] - INFO: 拼接日志和标签数据结束
2022-05-13 01:13:36,996 16580 2281365420.py[line:248] - INFO: 开始匹配日志和标签
2022-05-13 01:13:36,997 16580 2281365420.py[line:249] - INFO: 使用报错时间截断进行划分
2022-05-13 01:17:16,433 16580 2029871450.py[line:237] - INFO: 开始拼接日志和标签数据
2022-05-13 01:17:16,930 16580 2029871450.py[line:246] - INFO: 拼接日志和标签数据结束
2022-05-13 01:17:16,930 16580 2029871450.py[line:248] - INFO: 开始匹配日志和标签
2022-05-13 01:17:16,931 16580 2029871450.py[line:249] - INFO: 使用报错时间截断进行划分
2022-05-13 01:17:17,382 16580 2029871450.py[line:254] - INFO: 匹配日志和标签结束
2022-05-13 01:17:17,382 16580 2029871450.py[line:256] - INFO: 开始计算统计特征
2022-05-13 01:17:44,738 16580 2029871450.py[line:259] - INFO: 计算统计特征结束
2022-05-13 01:17:44,742 16580 2029871450.py[line:265] - INFO: 开始计算词频特征
2022-05-13 01:17:49,659 16580 2029871450.py[line:275] - INFO: 计算词频特征结束
2022-05-13 01:17:50,503 16580 2029871450.py[line:286] - INFO: 最后3列为: label, sn, fault_time, 其余列均为特征
2022-05-13 01:17:50,504 16580 2029871450.py[line:287] - INFO: 数据条数: 16604, 特征个数: 303
2022-05-13 01:17:50,618 16580 2029871450.py[line:357] - INFO: 开始训练xgb模型
2022-05-13 01:18:12,232 16580 2029871450.py[line:359] - INFO: 训练xgb模型结束
2022-05-13 01:18:12,289 16580 2029871450.py[line:363] - INFO: 训练集评估效果: 
2022-05-13 01:18:12,304 16580 2029871450.py[line:335] - INFO: Label 0:   Precision  1.00, Recall  1.00, F1  1.00
2022-05-13 01:18:12,306 16580 2029871450.py[line:335] - INFO: Label 1:   Precision  1.00, Recall  1.00, F1  1.00
2022-05-13 01:18:12,308 16580 2029871450.py[line:335] - INFO: Label 2:   Precision  1.00, Recall  1.00, F1  1.00
2022-05-13 01:18:12,310 16580 2029871450.py[line:335] - INFO: Label 3:   Precision  1.00, Recall  0.99, F1  1.00
2022-05-13 01:18:12,311 16580 2029871450.py[line:336] - INFO: macro_f1: 0.9982922434479221

2022-05-13 01:18:12,345 16580 2029871450.py[line:395] - INFO: 开始xgb模型预测
2022-05-13 01:18:12,376 16580 2029871450.py[line:397] - INFO: xgb模型预测结束
2022-05-13 01:18:12,404 16580 2029871450.py[line:401] - INFO: 测试集评估效果: 
2022-05-13 01:18:12,415 16580 2029871450.py[line:335] - INFO: Label 0:   Precision  1.00, Recall  1.00, F1  1.00
2022-05-13 01:18:12,417 16580 2029871450.py[line:335] - INFO: Label 1:   Precision  1.00, Recall  1.00, F1  1.00
2022-05-13 01:18:12,419 16580 2029871450.py[line:335] - INFO: Label 2:   Precision  1.00, Recall  1.00, F1  1.00
2022-05-13 01:18:12,422 16580 2029871450.py[line:335] - INFO: Label 3:   Precision  1.00, Recall  1.00, F1  1.00
2022-05-13 01:18:12,422 16580 2029871450.py[line:336] - INFO: macro_f1: 0.9984007895996476

2022-05-13 01:18:12,471 16580 2029871450.py[line:395] - INFO: 开始xgb模型预测
2022-05-13 01:18:12,486 16580 2029871450.py[line:397] - INFO: xgb模型预测结束
2022-05-13 01:18:12,512 16580 2029871450.py[line:401] - INFO: 测试集评估效果: 
2022-05-13 01:18:12,519 16580 2029871450.py[line:335] - INFO: Label 0:   Precision  1.00, Recall  1.00, F1  1.00
2022-05-13 01:18:12,521 16580 2029871450.py[line:335] - INFO: Label 1:   Precision  1.00, Recall  1.00, F1  1.00
2022-05-13 01:18:12,524 16580 2029871450.py[line:335] - INFO: Label 2:   Precision  1.00, Recall  1.00, F1  1.00
2022-05-13 01:18:12,526 16580 2029871450.py[line:335] - INFO: Label 3:   Precision  1.00, Recall  1.00, F1  1.00
2022-05-13 01:18:12,526 16580 2029871450.py[line:336] - INFO: macro_f1: 0.9991661708820261

2022-05-13 01:19:18,116 16580 2029871450.py[line:237] - INFO: 开始拼接日志和标签数据
2022-05-13 01:19:18,626 16580 2029871450.py[line:246] - INFO: 拼接日志和标签数据结束
2022-05-13 01:19:18,627 16580 2029871450.py[line:248] - INFO: 开始匹配日志和标签
2022-05-13 01:19:18,627 16580 2029871450.py[line:249] - INFO: 使用报错时间截断进行划分
2022-05-13 01:19:19,088 16580 2029871450.py[line:254] - INFO: 匹配日志和标签结束
2022-05-13 01:19:19,088 16580 2029871450.py[line:256] - INFO: 开始计算统计特征
2022-05-13 01:19:46,440 16580 2029871450.py[line:259] - INFO: 计算统计特征结束
2022-05-13 01:19:46,443 16580 2029871450.py[line:265] - INFO: 开始计算词频特征
2022-05-13 01:19:51,279 16580 2029871450.py[line:275] - INFO: 计算词频特征结束
2022-05-13 01:19:52,125 16580 2029871450.py[line:286] - INFO: 最后3列为: label, sn, fault_time, 其余列均为特征
2022-05-13 01:19:52,125 16580 2029871450.py[line:287] - INFO: 数据条数: 16604, 特征个数: 303
2022-05-13 01:19:52,219 16580 2029871450.py[line:357] - INFO: 开始训练xgb模型
2022-05-13 01:20:07,825 16580 2029871450.py[line:359] - INFO: 训练xgb模型结束
2022-05-13 01:20:07,864 16580 2029871450.py[line:363] - INFO: 训练集评估效果: 
2022-05-13 01:20:07,877 16580 2029871450.py[line:335] - INFO: Label 0:   Precision  1.00, Recall  1.00, F1  1.00
2022-05-13 01:20:07,880 16580 2029871450.py[line:335] - INFO: Label 1:   Precision  1.00, Recall  1.00, F1  1.00
2022-05-13 01:20:07,882 16580 2029871450.py[line:335] - INFO: Label 2:   Precision  1.00, Recall  1.00, F1  1.00
2022-05-13 01:20:07,884 16580 2029871450.py[line:335] - INFO: Label 3:   Precision  1.00, Recall  1.00, F1  1.00
2022-05-13 01:20:07,885 16580 2029871450.py[line:336] - INFO: macro_f1: 0.9986011371473663

2022-05-13 01:20:07,920 16580 2029871450.py[line:395] - INFO: 开始xgb模型预测
2022-05-13 01:20:07,947 16580 2029871450.py[line:397] - INFO: xgb模型预测结束
2022-05-13 01:20:07,978 16580 2029871450.py[line:401] - INFO: 测试集评估效果: 
2022-05-13 01:20:07,990 16580 2029871450.py[line:335] - INFO: Label 0:   Precision  1.00, Recall  1.00, F1  1.00
2022-05-13 01:20:07,993 16580 2029871450.py[line:335] - INFO: Label 1:   Precision  1.00, Recall  1.00, F1  1.00
2022-05-13 01:20:07,995 16580 2029871450.py[line:335] - INFO: Label 2:   Precision  1.00, Recall  1.00, F1  1.00
2022-05-13 01:20:07,997 16580 2029871450.py[line:335] - INFO: Label 3:   Precision  1.00, Recall  1.00, F1  1.00
2022-05-13 01:20:07,998 16580 2029871450.py[line:336] - INFO: macro_f1: 0.9986011371473663

2022-05-13 01:20:08,038 16580 2029871450.py[line:395] - INFO: 开始xgb模型预测
2022-05-13 01:20:08,050 16580 2029871450.py[line:397] - INFO: xgb模型预测结束
2022-05-13 01:20:08,076 16580 2029871450.py[line:401] - INFO: 测试集评估效果: 
2022-05-13 01:20:08,084 16580 2029871450.py[line:335] - INFO: Label 0:   Precision  0.58, Recall  0.34, F1  0.43
2022-05-13 01:20:08,086 16580 2029871450.py[line:335] - INFO: Label 1:   Precision  0.71, Recall  0.80, F1  0.75
2022-05-13 01:20:08,088 16580 2029871450.py[line:335] - INFO: Label 2:   Precision  0.95, Recall  0.96, F1  0.95
2022-05-13 01:20:08,090 16580 2029871450.py[line:335] - INFO: Label 3:   Precision  0.89, Recall  0.91, F1  0.90
2022-05-13 01:20:08,091 16580 2029871450.py[line:336] - INFO: macro_f1: 0.6372511554084912

2022-05-13 01:24:15,433 16580 2029871450.py[line:357] - INFO: 开始训练xgb模型
2022-05-13 01:25:45,387 16580 2029871450.py[line:359] - INFO: 训练xgb模型结束
2022-05-13 01:25:45,439 16580 2029871450.py[line:363] - INFO: 训练集评估效果: 
2022-05-13 01:25:45,451 16580 2029871450.py[line:335] - INFO: Label 0:   Precision  1.00, Recall  1.00, F1  1.00
2022-05-13 01:25:45,453 16580 2029871450.py[line:335] - INFO: Label 1:   Precision  1.00, Recall  1.00, F1  1.00
2022-05-13 01:25:45,456 16580 2029871450.py[line:335] - INFO: Label 2:   Precision  1.00, Recall  1.00, F1  1.00
2022-05-13 01:25:45,458 16580 2029871450.py[line:335] - INFO: Label 3:   Precision  1.00, Recall  1.00, F1  1.00
2022-05-13 01:25:45,459 16580 2029871450.py[line:336] - INFO: macro_f1: 0.9985677719067496

2022-05-13 01:25:45,637 16580 2029871450.py[line:395] - INFO: 开始xgb模型预测
2022-05-13 01:25:45,678 16580 2029871450.py[line:397] - INFO: xgb模型预测结束
2022-05-13 01:25:45,707 16580 2029871450.py[line:401] - INFO: 测试集评估效果: 
2022-05-13 01:25:45,719 16580 2029871450.py[line:335] - INFO: Label 0:   Precision  1.00, Recall  1.00, F1  1.00
2022-05-13 01:25:45,722 16580 2029871450.py[line:335] - INFO: Label 1:   Precision  1.00, Recall  1.00, F1  1.00
2022-05-13 01:25:45,724 16580 2029871450.py[line:335] - INFO: Label 2:   Precision  1.00, Recall  1.00, F1  1.00
2022-05-13 01:25:45,726 16580 2029871450.py[line:335] - INFO: Label 3:   Precision  1.00, Recall  1.00, F1  1.00
2022-05-13 01:25:45,726 16580 2029871450.py[line:336] - INFO: macro_f1: 0.9985677719067496

2022-05-13 01:25:45,814 16580 2029871450.py[line:395] - INFO: 开始xgb模型预测
2022-05-13 01:25:45,833 16580 2029871450.py[line:397] - INFO: xgb模型预测结束
2022-05-13 01:25:45,859 16580 2029871450.py[line:401] - INFO: 测试集评估效果: 
2022-05-13 01:25:45,867 16580 2029871450.py[line:335] - INFO: Label 0:   Precision  0.57, Recall  0.32, F1  0.41
2022-05-13 01:25:45,869 16580 2029871450.py[line:335] - INFO: Label 1:   Precision  0.71, Recall  0.80, F1  0.75
2022-05-13 01:25:45,871 16580 2029871450.py[line:335] - INFO: Label 2:   Precision  0.94, Recall  0.97, F1  0.96
2022-05-13 01:25:45,873 16580 2029871450.py[line:335] - INFO: Label 3:   Precision  0.89, Recall  0.90, F1  0.90
2022-05-13 01:25:45,874 16580 2029871450.py[line:336] - INFO: macro_f1: 0.6289675653542

2022-05-13 01:26:13,969 15968 1226758592.py[line:236] - INFO: 开始拼接日志和标签数据
2022-05-13 01:26:14,483 15968 1226758592.py[line:245] - INFO: 拼接日志和标签数据结束
2022-05-13 01:26:14,484 15968 1226758592.py[line:247] - INFO: 开始匹配日志和标签
2022-05-13 01:26:14,484 15968 1226758592.py[line:248] - INFO: 使用报错时间截断进行划分
2022-05-13 01:26:14,949 15968 1226758592.py[line:253] - INFO: 匹配日志和标签结束
2022-05-13 01:26:14,950 15968 1226758592.py[line:255] - INFO: 开始计算统计特征
2022-05-13 01:26:42,276 15968 1226758592.py[line:258] - INFO: 计算统计特征结束
2022-05-13 01:26:42,279 15968 1226758592.py[line:264] - INFO: 开始计算词频特征
2022-05-13 01:26:47,160 15968 1226758592.py[line:274] - INFO: 计算词频特征结束
2022-05-13 01:26:48,009 15968 1226758592.py[line:285] - INFO: 最后3列为: label, sn, fault_time, 其余列均为特征
2022-05-13 01:26:48,010 15968 1226758592.py[line:286] - INFO: 数据条数: 16604, 特征个数: 303
2022-05-13 01:39:19,899 15968 999523125.py[line:35] - INFO: 开始第0轮训练和预测
2022-05-13 01:39:23,126 15968 999523125.py[line:42] - INFO: 第0轮训练和预测结束
2022-05-13 01:39:23,146 15968 999523125.py[line:35] - INFO: 开始第1轮训练和预测
2022-05-13 01:39:26,423 15968 999523125.py[line:42] - INFO: 第1轮训练和预测结束
2022-05-13 01:39:26,442 15968 999523125.py[line:35] - INFO: 开始第2轮训练和预测
2022-05-13 01:39:29,788 15968 999523125.py[line:42] - INFO: 第2轮训练和预测结束
2022-05-13 01:39:29,809 15968 999523125.py[line:35] - INFO: 开始第3轮训练和预测
2022-05-13 01:39:33,090 15968 999523125.py[line:42] - INFO: 第3轮训练和预测结束
2022-05-13 01:39:33,110 15968 999523125.py[line:35] - INFO: 开始第4轮训练和预测
2022-05-13 01:39:36,368 15968 999523125.py[line:42] - INFO: 第4轮训练和预测结束
2022-05-13 01:39:36,389 15968 999523125.py[line:35] - INFO: 开始第5轮训练和预测
2022-05-13 01:39:39,673 15968 999523125.py[line:42] - INFO: 第5轮训练和预测结束
2022-05-13 01:39:39,693 15968 999523125.py[line:35] - INFO: 开始第6轮训练和预测
2022-05-13 01:39:42,998 15968 999523125.py[line:42] - INFO: 第6轮训练和预测结束
2022-05-13 01:39:43,018 15968 999523125.py[line:35] - INFO: 开始第7轮训练和预测
2022-05-13 01:39:46,310 15968 999523125.py[line:42] - INFO: 第7轮训练和预测结束
2022-05-13 01:39:46,330 15968 999523125.py[line:35] - INFO: 开始第8轮训练和预测
2022-05-13 01:39:49,630 15968 999523125.py[line:42] - INFO: 第8轮训练和预测结束
2022-05-13 01:39:49,653 15968 999523125.py[line:35] - INFO: 开始第9轮训练和预测
2022-05-13 01:39:52,983 15968 999523125.py[line:42] - INFO: 第9轮训练和预测结束
2022-05-13 01:39:53,004 15968 999523125.py[line:35] - INFO: 开始第10轮训练和预测
2022-05-13 01:39:56,260 15968 999523125.py[line:42] - INFO: 第10轮训练和预测结束
2022-05-13 01:39:56,281 15968 999523125.py[line:35] - INFO: 开始第11轮训练和预测
2022-05-13 01:39:59,572 15968 999523125.py[line:42] - INFO: 第11轮训练和预测结束
2022-05-13 01:39:59,592 15968 999523125.py[line:35] - INFO: 开始第12轮训练和预测
2022-05-13 01:40:02,952 15968 999523125.py[line:42] - INFO: 第12轮训练和预测结束
2022-05-13 01:40:02,972 15968 999523125.py[line:35] - INFO: 开始第13轮训练和预测
2022-05-13 01:40:06,261 15968 999523125.py[line:42] - INFO: 第13轮训练和预测结束
2022-05-13 01:40:06,282 15968 999523125.py[line:35] - INFO: 开始第14轮训练和预测
2022-05-13 01:40:09,540 15968 999523125.py[line:42] - INFO: 第14轮训练和预测结束
2022-05-13 01:40:09,560 15968 999523125.py[line:35] - INFO: 开始第15轮训练和预测
2022-05-13 01:40:12,755 15968 999523125.py[line:42] - INFO: 第15轮训练和预测结束
2022-05-13 01:40:12,776 15968 999523125.py[line:35] - INFO: 开始第16轮训练和预测
2022-05-13 01:40:16,031 15968 999523125.py[line:42] - INFO: 第16轮训练和预测结束
2022-05-13 01:40:16,051 15968 999523125.py[line:35] - INFO: 开始第17轮训练和预测
2022-05-13 01:40:19,416 15968 999523125.py[line:42] - INFO: 第17轮训练和预测结束
2022-05-13 01:40:19,435 15968 999523125.py[line:35] - INFO: 开始第18轮训练和预测
2022-05-13 01:40:22,789 15968 999523125.py[line:42] - INFO: 第18轮训练和预测结束
2022-05-13 01:40:22,809 15968 999523125.py[line:35] - INFO: 开始第19轮训练和预测
2022-05-13 01:40:26,088 15968 999523125.py[line:42] - INFO: 第19轮训练和预测结束
2022-05-13 01:40:26,109 15968 999523125.py[line:35] - INFO: 开始第20轮训练和预测
2022-05-13 01:40:29,429 15968 999523125.py[line:42] - INFO: 第20轮训练和预测结束
2022-05-13 01:40:29,449 15968 999523125.py[line:35] - INFO: 开始第21轮训练和预测
2022-05-13 01:40:32,744 15968 999523125.py[line:42] - INFO: 第21轮训练和预测结束
2022-05-13 01:40:32,765 15968 999523125.py[line:35] - INFO: 开始第22轮训练和预测
2022-05-13 01:40:36,114 15968 999523125.py[line:42] - INFO: 第22轮训练和预测结束
2022-05-13 01:40:36,135 15968 999523125.py[line:35] - INFO: 开始第23轮训练和预测
2022-05-13 01:40:39,456 15968 999523125.py[line:42] - INFO: 第23轮训练和预测结束
2022-05-13 01:40:39,477 15968 999523125.py[line:35] - INFO: 开始第24轮训练和预测
2022-05-13 01:40:42,752 15968 999523125.py[line:42] - INFO: 第24轮训练和预测结束
2022-05-13 01:40:42,771 15968 999523125.py[line:35] - INFO: 开始第25轮训练和预测
2022-05-13 01:40:46,025 15968 999523125.py[line:42] - INFO: 第25轮训练和预测结束
2022-05-13 01:40:46,045 15968 999523125.py[line:35] - INFO: 开始第26轮训练和预测
2022-05-13 01:40:49,307 15968 999523125.py[line:42] - INFO: 第26轮训练和预测结束
2022-05-13 01:40:49,327 15968 999523125.py[line:35] - INFO: 开始第27轮训练和预测
2022-05-13 01:40:52,614 15968 999523125.py[line:42] - INFO: 第27轮训练和预测结束
2022-05-13 01:40:52,634 15968 999523125.py[line:35] - INFO: 开始第28轮训练和预测
2022-05-13 01:40:55,947 15968 999523125.py[line:42] - INFO: 第28轮训练和预测结束
2022-05-13 01:40:55,968 15968 999523125.py[line:35] - INFO: 开始第29轮训练和预测
2022-05-13 01:40:59,247 15968 999523125.py[line:42] - INFO: 第29轮训练和预测结束
2022-05-13 01:40:59,266 15968 999523125.py[line:35] - INFO: 开始第30轮训练和预测
2022-05-13 01:41:02,487 15968 999523125.py[line:42] - INFO: 第30轮训练和预测结束
2022-05-13 01:41:02,506 15968 999523125.py[line:35] - INFO: 开始第31轮训练和预测
2022-05-13 01:41:05,846 15968 999523125.py[line:42] - INFO: 第31轮训练和预测结束
2022-05-13 01:41:05,866 15968 999523125.py[line:35] - INFO: 开始第32轮训练和预测
2022-05-13 01:41:09,176 15968 999523125.py[line:42] - INFO: 第32轮训练和预测结束
2022-05-13 01:41:09,196 15968 999523125.py[line:35] - INFO: 开始第33轮训练和预测
2022-05-13 01:41:12,471 15968 999523125.py[line:42] - INFO: 第33轮训练和预测结束
2022-05-13 01:41:12,492 15968 999523125.py[line:35] - INFO: 开始第34轮训练和预测
2022-05-13 01:41:15,881 15968 999523125.py[line:42] - INFO: 第34轮训练和预测结束
2022-05-13 01:41:15,900 15968 999523125.py[line:35] - INFO: 开始第35轮训练和预测
2022-05-13 01:41:19,223 15968 999523125.py[line:42] - INFO: 第35轮训练和预测结束
2022-05-13 01:41:19,245 15968 999523125.py[line:35] - INFO: 开始第36轮训练和预测
2022-05-13 01:41:22,535 15968 999523125.py[line:42] - INFO: 第36轮训练和预测结束
2022-05-13 01:41:22,555 15968 999523125.py[line:35] - INFO: 开始第37轮训练和预测
2022-05-13 01:41:25,826 15968 999523125.py[line:42] - INFO: 第37轮训练和预测结束
2022-05-13 01:41:25,846 15968 999523125.py[line:35] - INFO: 开始第38轮训练和预测
2022-05-13 01:41:29,213 15968 999523125.py[line:42] - INFO: 第38轮训练和预测结束
2022-05-13 01:41:29,232 15968 999523125.py[line:35] - INFO: 开始第39轮训练和预测
2022-05-13 01:41:32,633 15968 999523125.py[line:42] - INFO: 第39轮训练和预测结束
2022-05-13 01:41:32,653 15968 999523125.py[line:35] - INFO: 开始第40轮训练和预测
2022-05-13 01:41:36,052 15968 999523125.py[line:42] - INFO: 第40轮训练和预测结束
2022-05-13 01:41:36,073 15968 999523125.py[line:35] - INFO: 开始第41轮训练和预测
2022-05-13 01:41:39,384 15968 999523125.py[line:42] - INFO: 第41轮训练和预测结束
2022-05-13 01:41:39,403 15968 999523125.py[line:35] - INFO: 开始第42轮训练和预测
2022-05-13 01:41:43,138 15968 999523125.py[line:42] - INFO: 第42轮训练和预测结束
2022-05-13 01:41:43,158 15968 999523125.py[line:35] - INFO: 开始第43轮训练和预测
2022-05-13 01:41:46,584 15968 999523125.py[line:42] - INFO: 第43轮训练和预测结束
2022-05-13 01:41:46,603 15968 999523125.py[line:35] - INFO: 开始第44轮训练和预测
2022-05-13 01:41:49,932 15968 999523125.py[line:42] - INFO: 第44轮训练和预测结束
2022-05-13 01:41:49,951 15968 999523125.py[line:35] - INFO: 开始第45轮训练和预测
2022-05-13 01:41:53,350 15968 999523125.py[line:42] - INFO: 第45轮训练和预测结束
2022-05-13 01:41:53,370 15968 999523125.py[line:35] - INFO: 开始第46轮训练和预测
2022-05-13 01:41:56,706 15968 999523125.py[line:42] - INFO: 第46轮训练和预测结束
2022-05-13 01:41:56,725 15968 999523125.py[line:35] - INFO: 开始第47轮训练和预测
2022-05-13 01:42:00,125 15968 999523125.py[line:42] - INFO: 第47轮训练和预测结束
2022-05-13 01:42:00,144 15968 999523125.py[line:35] - INFO: 开始第48轮训练和预测
2022-05-13 01:42:03,516 15968 999523125.py[line:42] - INFO: 第48轮训练和预测结束
2022-05-13 01:42:03,536 15968 999523125.py[line:35] - INFO: 开始第49轮训练和预测
2022-05-13 01:42:06,928 15968 999523125.py[line:42] - INFO: 第49轮训练和预测结束
2022-05-13 01:42:06,949 15968 999523125.py[line:35] - INFO: 开始第50轮训练和预测
2022-05-13 01:42:10,355 15968 999523125.py[line:42] - INFO: 第50轮训练和预测结束
2022-05-13 01:42:10,374 15968 999523125.py[line:35] - INFO: 开始第51轮训练和预测
2022-05-13 01:42:13,809 15968 999523125.py[line:42] - INFO: 第51轮训练和预测结束
2022-05-13 01:42:13,829 15968 999523125.py[line:35] - INFO: 开始第52轮训练和预测
2022-05-13 01:42:17,142 15968 999523125.py[line:42] - INFO: 第52轮训练和预测结束
2022-05-13 01:42:17,167 15968 999523125.py[line:35] - INFO: 开始第53轮训练和预测
2022-05-13 01:42:20,673 15968 999523125.py[line:42] - INFO: 第53轮训练和预测结束
2022-05-13 01:42:20,692 15968 999523125.py[line:35] - INFO: 开始第54轮训练和预测
2022-05-13 01:42:24,247 15968 999523125.py[line:42] - INFO: 第54轮训练和预测结束
2022-05-13 01:42:24,268 15968 999523125.py[line:35] - INFO: 开始第55轮训练和预测
2022-05-13 01:42:27,729 15968 999523125.py[line:42] - INFO: 第55轮训练和预测结束
2022-05-13 01:42:27,749 15968 999523125.py[line:35] - INFO: 开始第56轮训练和预测
2022-05-13 01:42:31,042 15968 999523125.py[line:42] - INFO: 第56轮训练和预测结束
2022-05-13 01:42:31,062 15968 999523125.py[line:35] - INFO: 开始第57轮训练和预测
2022-05-13 01:42:34,399 15968 999523125.py[line:42] - INFO: 第57轮训练和预测结束
2022-05-13 01:42:34,418 15968 999523125.py[line:35] - INFO: 开始第58轮训练和预测
2022-05-13 01:42:38,016 15968 999523125.py[line:42] - INFO: 第58轮训练和预测结束
2022-05-13 01:42:38,035 15968 999523125.py[line:35] - INFO: 开始第59轮训练和预测
2022-05-13 01:42:41,617 15968 999523125.py[line:42] - INFO: 第59轮训练和预测结束
2022-05-13 01:42:41,637 15968 999523125.py[line:35] - INFO: 开始第60轮训练和预测
2022-05-13 01:42:45,372 15968 999523125.py[line:42] - INFO: 第60轮训练和预测结束
2022-05-13 01:42:45,392 15968 999523125.py[line:35] - INFO: 开始第61轮训练和预测
2022-05-13 01:42:48,964 15968 999523125.py[line:42] - INFO: 第61轮训练和预测结束
2022-05-13 01:42:48,984 15968 999523125.py[line:35] - INFO: 开始第62轮训练和预测
2022-05-13 01:42:52,317 15968 999523125.py[line:42] - INFO: 第62轮训练和预测结束
2022-05-13 01:42:52,337 15968 999523125.py[line:35] - INFO: 开始第63轮训练和预测
2022-05-13 01:42:55,667 15968 999523125.py[line:42] - INFO: 第63轮训练和预测结束
2022-05-13 01:42:55,686 15968 999523125.py[line:35] - INFO: 开始第64轮训练和预测
2022-05-13 01:42:59,008 15968 999523125.py[line:42] - INFO: 第64轮训练和预测结束
2022-05-13 01:42:59,029 15968 999523125.py[line:35] - INFO: 开始第65轮训练和预测
2022-05-13 01:43:02,357 15968 999523125.py[line:42] - INFO: 第65轮训练和预测结束
2022-05-13 01:43:02,377 15968 999523125.py[line:35] - INFO: 开始第66轮训练和预测
2022-05-13 01:43:05,736 15968 999523125.py[line:42] - INFO: 第66轮训练和预测结束
2022-05-13 01:43:05,756 15968 999523125.py[line:35] - INFO: 开始第67轮训练和预测
2022-05-13 01:43:09,053 15968 999523125.py[line:42] - INFO: 第67轮训练和预测结束
2022-05-13 01:43:09,074 15968 999523125.py[line:35] - INFO: 开始第68轮训练和预测
2022-05-13 01:43:12,399 15968 999523125.py[line:42] - INFO: 第68轮训练和预测结束
2022-05-13 01:43:12,419 15968 999523125.py[line:35] - INFO: 开始第69轮训练和预测
2022-05-13 01:43:15,743 15968 999523125.py[line:42] - INFO: 第69轮训练和预测结束
2022-05-13 01:43:15,765 15968 999523125.py[line:35] - INFO: 开始第70轮训练和预测
2022-05-13 01:43:19,408 15968 999523125.py[line:42] - INFO: 第70轮训练和预测结束
2022-05-13 01:43:19,427 15968 999523125.py[line:35] - INFO: 开始第71轮训练和预测
2022-05-13 01:43:23,109 15968 999523125.py[line:42] - INFO: 第71轮训练和预测结束
2022-05-13 01:43:23,128 15968 999523125.py[line:35] - INFO: 开始第72轮训练和预测
2022-05-13 01:43:26,801 15968 999523125.py[line:42] - INFO: 第72轮训练和预测结束
2022-05-13 01:43:26,822 15968 999523125.py[line:35] - INFO: 开始第73轮训练和预测
2022-05-13 01:43:30,262 15968 999523125.py[line:42] - INFO: 第73轮训练和预测结束
2022-05-13 01:43:30,281 15968 999523125.py[line:35] - INFO: 开始第74轮训练和预测
2022-05-13 01:43:33,701 15968 999523125.py[line:42] - INFO: 第74轮训练和预测结束
2022-05-13 01:43:33,720 15968 999523125.py[line:35] - INFO: 开始第75轮训练和预测
2022-05-13 01:43:37,048 15968 999523125.py[line:42] - INFO: 第75轮训练和预测结束
2022-05-13 01:43:37,068 15968 999523125.py[line:35] - INFO: 开始第76轮训练和预测
2022-05-13 01:43:40,422 15968 999523125.py[line:42] - INFO: 第76轮训练和预测结束
2022-05-13 01:43:40,442 15968 999523125.py[line:35] - INFO: 开始第77轮训练和预测
2022-05-13 01:43:43,987 15968 999523125.py[line:42] - INFO: 第77轮训练和预测结束
2022-05-13 01:43:44,007 15968 999523125.py[line:35] - INFO: 开始第78轮训练和预测
2022-05-13 01:43:47,716 15968 999523125.py[line:42] - INFO: 第78轮训练和预测结束
2022-05-13 01:43:47,736 15968 999523125.py[line:35] - INFO: 开始第79轮训练和预测
2022-05-13 01:43:51,094 15968 999523125.py[line:42] - INFO: 第79轮训练和预测结束
2022-05-13 01:43:51,113 15968 999523125.py[line:35] - INFO: 开始第80轮训练和预测
2022-05-13 01:43:54,856 15968 999523125.py[line:42] - INFO: 第80轮训练和预测结束
2022-05-13 01:43:54,877 15968 999523125.py[line:35] - INFO: 开始第81轮训练和预测
2022-05-13 01:43:58,323 15968 999523125.py[line:42] - INFO: 第81轮训练和预测结束
2022-05-13 01:43:58,343 15968 999523125.py[line:35] - INFO: 开始第82轮训练和预测
2022-05-13 01:44:01,431 7744 main.py[line:236] - INFO: 开始拼接日志和标签数据
2022-05-13 01:44:02,123 15968 999523125.py[line:42] - INFO: 第82轮训练和预测结束
2022-05-13 01:44:02,145 15968 999523125.py[line:35] - INFO: 开始第83轮训练和预测
2022-05-13 01:44:02,214 7744 main.py[line:245] - INFO: 拼接日志和标签数据结束
2022-05-13 01:44:02,215 7744 main.py[line:247] - INFO: 开始匹配日志和标签
2022-05-13 01:44:02,215 7744 main.py[line:248] - INFO: 使用报错时间截断进行划分
2022-05-13 01:44:02,989 7744 main.py[line:253] - INFO: 匹配日志和标签结束
2022-05-13 01:44:02,989 7744 main.py[line:255] - INFO: 开始计算统计特征
2022-05-13 01:44:05,840 15968 999523125.py[line:42] - INFO: 第83轮训练和预测结束
2022-05-13 01:44:05,861 15968 999523125.py[line:35] - INFO: 开始第84轮训练和预测
2022-05-13 01:44:09,543 15968 999523125.py[line:42] - INFO: 第84轮训练和预测结束
2022-05-13 01:44:09,564 15968 999523125.py[line:35] - INFO: 开始第85轮训练和预测
2022-05-13 01:44:13,179 15968 999523125.py[line:42] - INFO: 第85轮训练和预测结束
2022-05-13 01:44:13,201 15968 999523125.py[line:35] - INFO: 开始第86轮训练和预测
2022-05-13 01:44:16,879 15968 999523125.py[line:42] - INFO: 第86轮训练和预测结束
2022-05-13 01:44:16,899 15968 999523125.py[line:35] - INFO: 开始第87轮训练和预测
2022-05-13 01:44:20,573 15968 999523125.py[line:42] - INFO: 第87轮训练和预测结束
2022-05-13 01:44:20,593 15968 999523125.py[line:35] - INFO: 开始第88轮训练和预测
2022-05-13 01:44:24,181 15968 999523125.py[line:42] - INFO: 第88轮训练和预测结束
2022-05-13 01:44:24,201 15968 999523125.py[line:35] - INFO: 开始第89轮训练和预测
2022-05-13 01:44:27,773 15968 999523125.py[line:42] - INFO: 第89轮训练和预测结束
2022-05-13 01:44:27,793 15968 999523125.py[line:35] - INFO: 开始第90轮训练和预测
2022-05-13 01:44:31,355 15968 999523125.py[line:42] - INFO: 第90轮训练和预测结束
2022-05-13 01:44:31,375 15968 999523125.py[line:35] - INFO: 开始第91轮训练和预测
2022-05-13 01:44:34,982 15968 999523125.py[line:42] - INFO: 第91轮训练和预测结束
2022-05-13 01:44:35,002 15968 999523125.py[line:35] - INFO: 开始第92轮训练和预测
2022-05-13 01:44:38,648 15968 999523125.py[line:42] - INFO: 第92轮训练和预测结束
2022-05-13 01:44:38,668 15968 999523125.py[line:35] - INFO: 开始第93轮训练和预测
2022-05-13 01:44:42,303 15968 999523125.py[line:42] - INFO: 第93轮训练和预测结束
2022-05-13 01:44:42,323 15968 999523125.py[line:35] - INFO: 开始第94轮训练和预测
2022-05-13 01:44:45,916 15968 999523125.py[line:42] - INFO: 第94轮训练和预测结束
2022-05-13 01:44:45,936 15968 999523125.py[line:35] - INFO: 开始第95轮训练和预测
2022-05-13 01:44:47,207 7744 main.py[line:258] - INFO: 计算统计特征结束
2022-05-13 01:44:47,211 7744 main.py[line:264] - INFO: 开始计算词频特征
2022-05-13 01:44:49,607 15968 999523125.py[line:42] - INFO: 第95轮训练和预测结束
2022-05-13 01:44:49,628 15968 999523125.py[line:35] - INFO: 开始第96轮训练和预测
2022-05-13 01:44:53,199 15968 999523125.py[line:42] - INFO: 第96轮训练和预测结束
2022-05-13 01:44:53,218 15968 999523125.py[line:35] - INFO: 开始第97轮训练和预测
2022-05-13 01:44:55,988 7744 main.py[line:274] - INFO: 计算词频特征结束
2022-05-13 01:44:56,843 15968 999523125.py[line:42] - INFO: 第97轮训练和预测结束
2022-05-13 01:44:56,863 15968 999523125.py[line:35] - INFO: 开始第98轮训练和预测
2022-05-13 01:44:57,421 7744 main.py[line:285] - INFO: 最后3列为: label, sn, fault_time, 其余列均为特征
2022-05-13 01:44:57,421 7744 main.py[line:286] - INFO: 数据条数: 16604, 特征个数: 303
2022-05-13 01:44:57,554 7744 main.py[line:435] - INFO: 开始第0轮训练和预测
2022-05-13 01:45:02,714 15968 999523125.py[line:42] - INFO: 第98轮训练和预测结束
2022-05-13 01:45:02,735 15968 999523125.py[line:35] - INFO: 开始第99轮训练和预测
2022-05-13 01:45:03,238 7744 main.py[line:442] - INFO: 第0轮训练和预测结束
2022-05-13 01:45:03,258 7744 main.py[line:435] - INFO: 开始第1轮训练和预测
2022-05-13 01:45:08,532 15968 999523125.py[line:42] - INFO: 第99轮训练和预测结束
2022-05-13 01:45:08,848 15968 999523125.py[line:48] - INFO: 训练集评估效果: 
2022-05-13 01:45:08,855 15968 419325705.py[line:334] - INFO: Label 0:   Precision  0.42, Recall  0.57, F1  0.48
2022-05-13 01:45:08,856 15968 419325705.py[line:334] - INFO: Label 1:   Precision  0.71, Recall  0.64, F1  0.67
2022-05-13 01:45:08,858 15968 419325705.py[line:334] - INFO: Label 2:   Precision  0.97, Recall  0.92, F1  0.94
2022-05-13 01:45:08,860 15968 419325705.py[line:334] - INFO: Label 3:   Precision  0.86, Recall  0.93, F1  0.89
2022-05-13 01:45:08,860 15968 419325705.py[line:335] - INFO: macro_f1: 0.630914823906414

2022-05-13 01:45:08,914 7744 main.py[line:442] - INFO: 第1轮训练和预测结束
2022-05-13 01:45:08,933 7744 main.py[line:435] - INFO: 开始第2轮训练和预测
2022-05-13 01:45:12,431 7744 main.py[line:442] - INFO: 第2轮训练和预测结束
2022-05-13 01:45:12,450 7744 main.py[line:435] - INFO: 开始第3轮训练和预测
2022-05-13 01:45:15,829 7744 main.py[line:442] - INFO: 第3轮训练和预测结束
2022-05-13 01:45:15,848 7744 main.py[line:435] - INFO: 开始第4轮训练和预测
2022-05-13 01:45:19,106 7744 main.py[line:442] - INFO: 第4轮训练和预测结束
2022-05-13 01:45:19,125 7744 main.py[line:435] - INFO: 开始第5轮训练和预测
2022-05-13 01:45:22,437 7744 main.py[line:442] - INFO: 第5轮训练和预测结束
2022-05-13 01:45:22,455 7744 main.py[line:435] - INFO: 开始第6轮训练和预测
2022-05-13 01:45:25,759 7744 main.py[line:442] - INFO: 第6轮训练和预测结束
2022-05-13 01:45:25,778 7744 main.py[line:435] - INFO: 开始第7轮训练和预测
2022-05-13 01:45:29,100 7744 main.py[line:442] - INFO: 第7轮训练和预测结束
2022-05-13 01:45:29,119 7744 main.py[line:435] - INFO: 开始第8轮训练和预测
2022-05-13 01:45:32,492 7744 main.py[line:442] - INFO: 第8轮训练和预测结束
2022-05-13 01:45:32,511 7744 main.py[line:435] - INFO: 开始第9轮训练和预测
2022-05-13 01:45:35,839 7744 main.py[line:442] - INFO: 第9轮训练和预测结束
2022-05-13 01:45:35,858 7744 main.py[line:435] - INFO: 开始第10轮训练和预测
2022-05-13 01:45:39,193 7744 main.py[line:442] - INFO: 第10轮训练和预测结束
2022-05-13 01:45:39,212 7744 main.py[line:435] - INFO: 开始第11轮训练和预测
2022-05-13 01:45:40,780 15968 3915516630.py[line:34] - INFO: 开始第0轮训练和预测
2022-05-13 01:45:43,878 7744 main.py[line:442] - INFO: 第11轮训练和预测结束
2022-05-13 01:45:43,898 7744 main.py[line:435] - INFO: 开始第12轮训练和预测
2022-05-13 01:45:46,567 15968 3915516630.py[line:41] - INFO: 第0轮训练和预测结束
2022-05-13 01:45:46,590 15968 3915516630.py[line:34] - INFO: 开始第1轮训练和预测
2022-05-13 01:45:49,880 7744 main.py[line:442] - INFO: 第12轮训练和预测结束
2022-05-13 01:45:49,899 7744 main.py[line:435] - INFO: 开始第13轮训练和预测
2022-05-13 01:45:54,278 7744 main.py[line:442] - INFO: 第13轮训练和预测结束
2022-05-13 01:45:54,297 7744 main.py[line:435] - INFO: 开始第14轮训练和预测
2022-05-13 01:45:57,636 7744 main.py[line:442] - INFO: 第14轮训练和预测结束
2022-05-13 01:45:57,655 7744 main.py[line:435] - INFO: 开始第15轮训练和预测
2022-05-13 01:46:00,936 7744 main.py[line:442] - INFO: 第15轮训练和预测结束
2022-05-13 01:46:00,955 7744 main.py[line:435] - INFO: 开始第16轮训练和预测
2022-05-13 01:46:04,274 7744 main.py[line:442] - INFO: 第16轮训练和预测结束
2022-05-13 01:46:04,293 7744 main.py[line:435] - INFO: 开始第17轮训练和预测
2022-05-13 01:46:07,458 15968 1233114567.py[line:236] - INFO: 开始拼接日志和标签数据
2022-05-13 01:46:07,750 7744 main.py[line:442] - INFO: 第17轮训练和预测结束
2022-05-13 01:46:07,771 7744 main.py[line:435] - INFO: 开始第18轮训练和预测
2022-05-13 01:46:08,246 15968 1233114567.py[line:245] - INFO: 拼接日志和标签数据结束
2022-05-13 01:46:08,247 15968 1233114567.py[line:247] - INFO: 开始匹配日志和标签
2022-05-13 01:46:08,248 15968 1233114567.py[line:248] - INFO: 使用报错时间截断进行划分
2022-05-13 01:46:09,022 15968 1233114567.py[line:253] - INFO: 匹配日志和标签结束
2022-05-13 01:46:09,023 15968 1233114567.py[line:255] - INFO: 开始计算统计特征
2022-05-13 01:46:11,465 7744 main.py[line:442] - INFO: 第18轮训练和预测结束
2022-05-13 01:46:11,485 7744 main.py[line:435] - INFO: 开始第19轮训练和预测
2022-05-13 01:46:15,118 7744 main.py[line:442] - INFO: 第19轮训练和预测结束
2022-05-13 01:46:15,138 7744 main.py[line:435] - INFO: 开始第20轮训练和预测
2022-05-13 01:46:18,809 7744 main.py[line:442] - INFO: 第20轮训练和预测结束
2022-05-13 01:46:18,829 7744 main.py[line:435] - INFO: 开始第21轮训练和预测
2022-05-13 01:46:22,501 7744 main.py[line:442] - INFO: 第21轮训练和预测结束
2022-05-13 01:46:22,521 7744 main.py[line:435] - INFO: 开始第22轮训练和预测
2022-05-13 01:46:26,204 7744 main.py[line:442] - INFO: 第22轮训练和预测结束
2022-05-13 01:46:26,224 7744 main.py[line:435] - INFO: 开始第23轮训练和预测
2022-05-13 01:46:29,956 7744 main.py[line:442] - INFO: 第23轮训练和预测结束
2022-05-13 01:46:29,975 7744 main.py[line:435] - INFO: 开始第24轮训练和预测
2022-05-13 01:46:33,639 7744 main.py[line:442] - INFO: 第24轮训练和预测结束
2022-05-13 01:46:33,660 7744 main.py[line:435] - INFO: 开始第25轮训练和预测
2022-05-13 01:46:37,252 7744 main.py[line:442] - INFO: 第25轮训练和预测结束
2022-05-13 01:46:37,274 7744 main.py[line:435] - INFO: 开始第26轮训练和预测
2022-05-13 01:46:40,887 7744 main.py[line:442] - INFO: 第26轮训练和预测结束
2022-05-13 01:46:40,906 7744 main.py[line:435] - INFO: 开始第27轮训练和预测
2022-05-13 01:46:44,550 7744 main.py[line:442] - INFO: 第27轮训练和预测结束
2022-05-13 01:46:44,570 7744 main.py[line:435] - INFO: 开始第28轮训练和预测
2022-05-13 01:46:48,194 7744 main.py[line:442] - INFO: 第28轮训练和预测结束
2022-05-13 01:46:48,213 7744 main.py[line:435] - INFO: 开始第29轮训练和预测
2022-05-13 01:46:51,776 7744 main.py[line:442] - INFO: 第29轮训练和预测结束
2022-05-13 01:46:51,796 7744 main.py[line:435] - INFO: 开始第30轮训练和预测
2022-05-13 01:46:53,831 15968 1233114567.py[line:258] - INFO: 计算统计特征结束
2022-05-13 01:46:53,836 15968 1233114567.py[line:264] - INFO: 开始计算词频特征
2022-05-13 01:46:55,352 7744 main.py[line:442] - INFO: 第30轮训练和预测结束
2022-05-13 01:46:55,371 7744 main.py[line:435] - INFO: 开始第31轮训练和预测
2022-05-13 01:46:59,038 7744 main.py[line:442] - INFO: 第31轮训练和预测结束
2022-05-13 01:46:59,057 7744 main.py[line:435] - INFO: 开始第32轮训练和预测
2022-05-13 01:47:02,702 15968 1233114567.py[line:274] - INFO: 计算词频特征结束
2022-05-13 01:47:02,703 7744 main.py[line:442] - INFO: 第32轮训练和预测结束
2022-05-13 01:47:02,724 7744 main.py[line:435] - INFO: 开始第33轮训练和预测
2022-05-13 01:47:04,305 15968 1233114567.py[line:285] - INFO: 最后3列为: label, sn, fault_time, 其余列均为特征
2022-05-13 01:47:04,305 15968 1233114567.py[line:286] - INFO: 数据条数: 16604, 特征个数: 303
2022-05-13 01:47:06,153 7744 main.py[line:442] - INFO: 第33轮训练和预测结束
2022-05-13 01:47:06,172 7744 main.py[line:435] - INFO: 开始第34轮训练和预测
2022-05-13 01:47:09,511 7744 main.py[line:442] - INFO: 第34轮训练和预测结束
2022-05-13 01:47:09,531 7744 main.py[line:435] - INFO: 开始第35轮训练和预测
2022-05-13 01:47:12,832 7744 main.py[line:442] - INFO: 第35轮训练和预测结束
2022-05-13 01:47:12,852 7744 main.py[line:435] - INFO: 开始第36轮训练和预测
2022-05-13 01:47:16,154 7744 main.py[line:442] - INFO: 第36轮训练和预测结束
2022-05-13 01:47:16,176 7744 main.py[line:435] - INFO: 开始第37轮训练和预测
2022-05-13 01:47:19,494 7744 main.py[line:442] - INFO: 第37轮训练和预测结束
2022-05-13 01:47:19,513 7744 main.py[line:435] - INFO: 开始第38轮训练和预测
2022-05-13 01:47:22,828 7744 main.py[line:442] - INFO: 第38轮训练和预测结束
2022-05-13 01:47:22,852 7744 main.py[line:435] - INFO: 开始第39轮训练和预测
2022-05-13 01:47:26,192 7744 main.py[line:442] - INFO: 第39轮训练和预测结束
2022-05-13 01:47:26,211 7744 main.py[line:435] - INFO: 开始第40轮训练和预测
2022-05-13 01:47:29,512 7744 main.py[line:442] - INFO: 第40轮训练和预测结束
2022-05-13 01:47:29,531 7744 main.py[line:435] - INFO: 开始第41轮训练和预测
2022-05-13 01:47:32,808 7744 main.py[line:442] - INFO: 第41轮训练和预测结束
2022-05-13 01:47:32,827 7744 main.py[line:435] - INFO: 开始第42轮训练和预测
2022-05-13 01:47:36,173 7744 main.py[line:442] - INFO: 第42轮训练和预测结束
2022-05-13 01:47:36,192 7744 main.py[line:435] - INFO: 开始第43轮训练和预测
2022-05-13 01:47:39,487 7744 main.py[line:442] - INFO: 第43轮训练和预测结束
2022-05-13 01:47:39,506 7744 main.py[line:435] - INFO: 开始第44轮训练和预测
2022-05-13 01:47:42,841 7744 main.py[line:442] - INFO: 第44轮训练和预测结束
2022-05-13 01:47:42,861 7744 main.py[line:435] - INFO: 开始第45轮训练和预测
2022-05-13 01:47:46,187 7744 main.py[line:442] - INFO: 第45轮训练和预测结束
2022-05-13 01:47:46,206 7744 main.py[line:435] - INFO: 开始第46轮训练和预测
2022-05-13 01:47:49,607 7744 main.py[line:442] - INFO: 第46轮训练和预测结束
2022-05-13 01:47:49,626 7744 main.py[line:435] - INFO: 开始第47轮训练和预测
2022-05-13 01:47:52,951 7744 main.py[line:442] - INFO: 第47轮训练和预测结束
2022-05-13 01:47:52,970 7744 main.py[line:435] - INFO: 开始第48轮训练和预测
2022-05-13 01:47:56,331 7744 main.py[line:442] - INFO: 第48轮训练和预测结束
2022-05-13 01:47:56,350 7744 main.py[line:435] - INFO: 开始第49轮训练和预测
2022-05-13 01:47:59,675 7744 main.py[line:442] - INFO: 第49轮训练和预测结束
2022-05-13 01:47:59,694 7744 main.py[line:435] - INFO: 开始第50轮训练和预测
2022-05-13 01:48:03,114 7744 main.py[line:442] - INFO: 第50轮训练和预测结束
2022-05-13 01:48:03,133 7744 main.py[line:435] - INFO: 开始第51轮训练和预测
2022-05-13 01:48:06,466 7744 main.py[line:442] - INFO: 第51轮训练和预测结束
2022-05-13 01:48:06,485 7744 main.py[line:435] - INFO: 开始第52轮训练和预测
2022-05-13 01:48:09,738 7744 main.py[line:442] - INFO: 第52轮训练和预测结束
2022-05-13 01:48:09,757 7744 main.py[line:435] - INFO: 开始第53轮训练和预测
2022-05-13 01:48:13,187 7744 main.py[line:442] - INFO: 第53轮训练和预测结束
2022-05-13 01:48:13,206 7744 main.py[line:435] - INFO: 开始第54轮训练和预测
2022-05-13 01:48:16,638 7744 main.py[line:442] - INFO: 第54轮训练和预测结束
2022-05-13 01:48:16,657 7744 main.py[line:435] - INFO: 开始第55轮训练和预测
2022-05-13 01:48:20,128 7744 main.py[line:442] - INFO: 第55轮训练和预测结束
2022-05-13 01:48:20,147 7744 main.py[line:435] - INFO: 开始第56轮训练和预测
2022-05-13 01:48:23,522 7744 main.py[line:442] - INFO: 第56轮训练和预测结束
2022-05-13 01:48:23,541 7744 main.py[line:435] - INFO: 开始第57轮训练和预测
2022-05-13 01:48:26,922 7744 main.py[line:442] - INFO: 第57轮训练和预测结束
2022-05-13 01:48:26,941 7744 main.py[line:435] - INFO: 开始第58轮训练和预测
2022-05-13 01:48:29,856 15968 2204517816.py[line:434] - INFO: 开始第0轮训练和预测
2022-05-13 01:48:30,571 7744 main.py[line:442] - INFO: 第58轮训练和预测结束
2022-05-13 01:48:30,591 7744 main.py[line:435] - INFO: 开始第59轮训练和预测
2022-05-13 01:48:37,046 15968 2204517816.py[line:441] - INFO: 第0轮训练和预测结束
2022-05-13 01:48:37,072 15968 2204517816.py[line:434] - INFO: 开始第1轮训练和预测
2022-05-13 01:48:37,153 7744 main.py[line:442] - INFO: 第59轮训练和预测结束
2022-05-13 01:48:37,172 7744 main.py[line:435] - INFO: 开始第60轮训练和预测
2022-05-13 01:48:44,117 7744 main.py[line:442] - INFO: 第60轮训练和预测结束
2022-05-13 01:48:44,137 7744 main.py[line:435] - INFO: 开始第61轮训练和预测
2022-05-13 01:48:44,490 15968 2204517816.py[line:441] - INFO: 第1轮训练和预测结束
2022-05-13 01:48:44,518 15968 2204517816.py[line:434] - INFO: 开始第2轮训练和预测
2022-05-13 01:48:50,542 7744 main.py[line:442] - INFO: 第61轮训练和预测结束
2022-05-13 01:48:50,562 7744 main.py[line:435] - INFO: 开始第62轮训练和预测
2022-05-13 01:48:51,625 15968 2204517816.py[line:441] - INFO: 第2轮训练和预测结束
2022-05-13 01:48:51,652 15968 2204517816.py[line:434] - INFO: 开始第3轮训练和预测
2022-05-13 01:48:57,080 7744 main.py[line:442] - INFO: 第62轮训练和预测结束
2022-05-13 01:48:57,100 7744 main.py[line:435] - INFO: 开始第63轮训练和预测
2022-05-13 01:48:58,846 15968 2204517816.py[line:441] - INFO: 第3轮训练和预测结束
2022-05-13 01:48:58,874 15968 2204517816.py[line:434] - INFO: 开始第4轮训练和预测
2022-05-13 01:49:03,527 7744 main.py[line:442] - INFO: 第63轮训练和预测结束
2022-05-13 01:49:03,546 7744 main.py[line:435] - INFO: 开始第64轮训练和预测
2022-05-13 01:49:06,068 15968 2204517816.py[line:441] - INFO: 第4轮训练和预测结束
2022-05-13 01:49:06,095 15968 2204517816.py[line:434] - INFO: 开始第5轮训练和预测
2022-05-13 01:49:09,730 7744 main.py[line:442] - INFO: 第64轮训练和预测结束
2022-05-13 01:49:09,750 7744 main.py[line:435] - INFO: 开始第65轮训练和预测
2022-05-13 01:49:13,270 15968 2204517816.py[line:441] - INFO: 第5轮训练和预测结束
2022-05-13 01:49:13,298 15968 2204517816.py[line:434] - INFO: 开始第6轮训练和预测
2022-05-13 01:49:16,009 7744 main.py[line:442] - INFO: 第65轮训练和预测结束
2022-05-13 01:49:16,029 7744 main.py[line:435] - INFO: 开始第66轮训练和预测
2022-05-13 01:49:20,381 15968 2204517816.py[line:441] - INFO: 第6轮训练和预测结束
2022-05-13 01:49:20,408 15968 2204517816.py[line:434] - INFO: 开始第7轮训练和预测
2022-05-13 01:49:22,410 7744 main.py[line:442] - INFO: 第66轮训练和预测结束
2022-05-13 01:49:22,431 7744 main.py[line:435] - INFO: 开始第67轮训练和预测
2022-05-13 01:49:27,667 15968 2204517816.py[line:441] - INFO: 第7轮训练和预测结束
2022-05-13 01:49:27,695 15968 2204517816.py[line:434] - INFO: 开始第8轮训练和预测
2022-05-13 01:49:28,699 7744 main.py[line:442] - INFO: 第67轮训练和预测结束
2022-05-13 01:49:28,719 7744 main.py[line:435] - INFO: 开始第68轮训练和预测
2022-05-13 01:49:35,078 15968 2204517816.py[line:441] - INFO: 第8轮训练和预测结束
2022-05-13 01:49:35,106 15968 2204517816.py[line:434] - INFO: 开始第9轮训练和预测
2022-05-13 01:49:35,364 7744 main.py[line:442] - INFO: 第68轮训练和预测结束
2022-05-13 01:49:35,384 7744 main.py[line:435] - INFO: 开始第69轮训练和预测
2022-05-13 01:49:42,281 7744 main.py[line:442] - INFO: 第69轮训练和预测结束
2022-05-13 01:49:42,301 7744 main.py[line:435] - INFO: 开始第70轮训练和预测
2022-05-13 01:49:42,394 15968 2204517816.py[line:441] - INFO: 第9轮训练和预测结束
2022-05-13 01:49:42,421 15968 2204517816.py[line:434] - INFO: 开始第10轮训练和预测
2022-05-13 01:49:49,263 7744 main.py[line:442] - INFO: 第70轮训练和预测结束
2022-05-13 01:49:49,283 7744 main.py[line:435] - INFO: 开始第71轮训练和预测
2022-05-13 01:49:49,749 15968 2204517816.py[line:441] - INFO: 第10轮训练和预测结束
2022-05-13 01:49:49,777 15968 2204517816.py[line:434] - INFO: 开始第11轮训练和预测
2022-05-13 01:49:55,602 7744 main.py[line:442] - INFO: 第71轮训练和预测结束
2022-05-13 01:49:55,622 7744 main.py[line:435] - INFO: 开始第72轮训练和预测
2022-05-13 01:49:56,843 15968 2204517816.py[line:441] - INFO: 第11轮训练和预测结束
2022-05-13 01:49:56,870 15968 2204517816.py[line:434] - INFO: 开始第12轮训练和预测
2022-05-13 01:50:02,355 7744 main.py[line:442] - INFO: 第72轮训练和预测结束
2022-05-13 01:50:02,375 7744 main.py[line:435] - INFO: 开始第73轮训练和预测
2022-05-13 01:50:03,981 15968 2204517816.py[line:441] - INFO: 第12轮训练和预测结束
2022-05-13 01:50:04,009 15968 2204517816.py[line:434] - INFO: 开始第13轮训练和预测
2022-05-13 01:50:08,632 7744 main.py[line:442] - INFO: 第73轮训练和预测结束
2022-05-13 01:50:08,651 7744 main.py[line:435] - INFO: 开始第74轮训练和预测
2022-05-13 01:50:11,305 15968 2204517816.py[line:441] - INFO: 第13轮训练和预测结束
2022-05-13 01:50:11,332 15968 2204517816.py[line:434] - INFO: 开始第14轮训练和预测
2022-05-13 01:50:14,987 7744 main.py[line:442] - INFO: 第74轮训练和预测结束
2022-05-13 01:50:15,008 7744 main.py[line:435] - INFO: 开始第75轮训练和预测
2022-05-13 01:50:18,557 15968 2204517816.py[line:441] - INFO: 第14轮训练和预测结束
2022-05-13 01:50:18,585 15968 2204517816.py[line:434] - INFO: 开始第15轮训练和预测
2022-05-13 01:50:21,340 7744 main.py[line:442] - INFO: 第75轮训练和预测结束
2022-05-13 01:50:21,360 7744 main.py[line:435] - INFO: 开始第76轮训练和预测
2022-05-13 01:50:25,830 15968 2204517816.py[line:441] - INFO: 第15轮训练和预测结束
2022-05-13 01:50:25,858 15968 2204517816.py[line:434] - INFO: 开始第16轮训练和预测
2022-05-13 01:50:27,758 7744 main.py[line:442] - INFO: 第76轮训练和预测结束
2022-05-13 01:50:27,778 7744 main.py[line:435] - INFO: 开始第77轮训练和预测
2022-05-13 01:50:33,213 15968 2204517816.py[line:441] - INFO: 第16轮训练和预测结束
2022-05-13 01:50:33,241 15968 2204517816.py[line:434] - INFO: 开始第17轮训练和预测
2022-05-13 01:50:34,211 7744 main.py[line:442] - INFO: 第77轮训练和预测结束
2022-05-13 01:50:34,231 7744 main.py[line:435] - INFO: 开始第78轮训练和预测
2022-05-13 01:50:40,543 15968 2204517816.py[line:441] - INFO: 第17轮训练和预测结束
2022-05-13 01:50:40,571 15968 2204517816.py[line:434] - INFO: 开始第18轮训练和预测
2022-05-13 01:50:40,854 7744 main.py[line:442] - INFO: 第78轮训练和预测结束
2022-05-13 01:50:40,874 7744 main.py[line:435] - INFO: 开始第79轮训练和预测
2022-05-13 01:50:47,683 7744 main.py[line:442] - INFO: 第79轮训练和预测结束
2022-05-13 01:50:47,702 7744 main.py[line:435] - INFO: 开始第80轮训练和预测
2022-05-13 01:50:48,019 15968 2204517816.py[line:441] - INFO: 第18轮训练和预测结束
2022-05-13 01:50:48,048 15968 2204517816.py[line:434] - INFO: 开始第19轮训练和预测
2022-05-13 01:50:54,092 7744 main.py[line:442] - INFO: 第80轮训练和预测结束
2022-05-13 01:50:54,112 7744 main.py[line:435] - INFO: 开始第81轮训练和预测
2022-05-13 01:50:55,378 15968 2204517816.py[line:441] - INFO: 第19轮训练和预测结束
2022-05-13 01:50:55,406 15968 2204517816.py[line:434] - INFO: 开始第20轮训练和预测
2022-05-13 01:51:00,545 7744 main.py[line:442] - INFO: 第81轮训练和预测结束
2022-05-13 01:51:00,565 7744 main.py[line:435] - INFO: 开始第82轮训练和预测
2022-05-13 01:51:02,486 15968 2204517816.py[line:441] - INFO: 第20轮训练和预测结束
2022-05-13 01:51:02,514 15968 2204517816.py[line:434] - INFO: 开始第21轮训练和预测
2022-05-13 01:51:07,050 7744 main.py[line:442] - INFO: 第82轮训练和预测结束
2022-05-13 01:51:07,071 7744 main.py[line:435] - INFO: 开始第83轮训练和预测
2022-05-13 01:51:09,697 15968 2204517816.py[line:441] - INFO: 第21轮训练和预测结束
2022-05-13 01:51:09,724 15968 2204517816.py[line:434] - INFO: 开始第22轮训练和预测
2022-05-13 01:51:13,638 7744 main.py[line:442] - INFO: 第83轮训练和预测结束
2022-05-13 01:51:13,658 7744 main.py[line:435] - INFO: 开始第84轮训练和预测
2022-05-13 01:51:16,984 15968 2204517816.py[line:441] - INFO: 第22轮训练和预测结束
2022-05-13 01:51:17,012 15968 2204517816.py[line:434] - INFO: 开始第23轮训练和预测
2022-05-13 01:51:19,869 7744 main.py[line:442] - INFO: 第84轮训练和预测结束
2022-05-13 01:51:19,888 7744 main.py[line:435] - INFO: 开始第85轮训练和预测
2022-05-13 01:51:24,022 15968 2204517816.py[line:441] - INFO: 第23轮训练和预测结束
2022-05-13 01:51:24,050 15968 2204517816.py[line:434] - INFO: 开始第24轮训练和预测
2022-05-13 01:51:26,187 7744 main.py[line:442] - INFO: 第85轮训练和预测结束
2022-05-13 01:51:26,207 7744 main.py[line:435] - INFO: 开始第86轮训练和预测
2022-05-13 01:51:31,316 15968 2204517816.py[line:441] - INFO: 第24轮训练和预测结束
2022-05-13 01:51:31,342 15968 2204517816.py[line:434] - INFO: 开始第25轮训练和预测
2022-05-13 01:51:32,437 7744 main.py[line:442] - INFO: 第86轮训练和预测结束
2022-05-13 01:51:32,457 7744 main.py[line:435] - INFO: 开始第87轮训练和预测
2022-05-13 01:51:38,544 15968 2204517816.py[line:441] - INFO: 第25轮训练和预测结束
2022-05-13 01:51:38,570 15968 2204517816.py[line:434] - INFO: 开始第26轮训练和预测
2022-05-13 01:51:39,126 7744 main.py[line:442] - INFO: 第87轮训练和预测结束
2022-05-13 01:51:39,146 7744 main.py[line:435] - INFO: 开始第88轮训练和预测
2022-05-13 01:51:45,878 15968 2204517816.py[line:441] - INFO: 第26轮训练和预测结束
2022-05-13 01:51:45,882 7744 main.py[line:442] - INFO: 第88轮训练和预测结束
2022-05-13 01:51:45,903 7744 main.py[line:435] - INFO: 开始第89轮训练和预测
2022-05-13 01:51:45,905 15968 2204517816.py[line:434] - INFO: 开始第27轮训练和预测
2022-05-13 01:51:52,659 7744 main.py[line:442] - INFO: 第89轮训练和预测结束
2022-05-13 01:51:52,679 7744 main.py[line:435] - INFO: 开始第90轮训练和预测
2022-05-13 01:51:53,132 15968 2204517816.py[line:441] - INFO: 第27轮训练和预测结束
2022-05-13 01:51:53,158 15968 2204517816.py[line:434] - INFO: 开始第28轮训练和预测
2022-05-13 01:51:59,166 7744 main.py[line:442] - INFO: 第90轮训练和预测结束
2022-05-13 01:51:59,186 7744 main.py[line:435] - INFO: 开始第91轮训练和预测
2022-05-13 01:52:00,320 15968 2204517816.py[line:441] - INFO: 第28轮训练和预测结束
2022-05-13 01:52:00,346 15968 2204517816.py[line:434] - INFO: 开始第29轮训练和预测
2022-05-13 01:52:05,547 7744 main.py[line:442] - INFO: 第91轮训练和预测结束
2022-05-13 01:52:05,567 7744 main.py[line:435] - INFO: 开始第92轮训练和预测
2022-05-13 01:52:07,543 15968 2204517816.py[line:441] - INFO: 第29轮训练和预测结束
2022-05-13 01:52:07,570 15968 2204517816.py[line:434] - INFO: 开始第30轮训练和预测
2022-05-13 01:52:11,854 7744 main.py[line:442] - INFO: 第92轮训练和预测结束
2022-05-13 01:52:11,874 7744 main.py[line:435] - INFO: 开始第93轮训练和预测
2022-05-13 01:52:14,702 15968 2204517816.py[line:441] - INFO: 第30轮训练和预测结束
2022-05-13 01:52:14,729 15968 2204517816.py[line:434] - INFO: 开始第31轮训练和预测
2022-05-13 01:52:18,279 7744 main.py[line:442] - INFO: 第93轮训练和预测结束
2022-05-13 01:52:18,300 7744 main.py[line:435] - INFO: 开始第94轮训练和预测
2022-05-13 01:52:21,781 15968 2204517816.py[line:441] - INFO: 第31轮训练和预测结束
2022-05-13 01:52:21,808 15968 2204517816.py[line:434] - INFO: 开始第32轮训练和预测
2022-05-13 01:52:24,697 7744 main.py[line:442] - INFO: 第94轮训练和预测结束
2022-05-13 01:52:24,717 7744 main.py[line:435] - INFO: 开始第95轮训练和预测
2022-05-13 01:52:29,106 15968 2204517816.py[line:441] - INFO: 第32轮训练和预测结束
2022-05-13 01:52:29,133 15968 2204517816.py[line:434] - INFO: 开始第33轮训练和预测
2022-05-13 01:52:31,227 7744 main.py[line:442] - INFO: 第95轮训练和预测结束
2022-05-13 01:52:31,247 7744 main.py[line:435] - INFO: 开始第96轮训练和预测
2022-05-13 01:52:36,347 15968 2204517816.py[line:441] - INFO: 第33轮训练和预测结束
2022-05-13 01:52:36,374 15968 2204517816.py[line:434] - INFO: 开始第34轮训练和预测
2022-05-13 01:52:37,406 7744 main.py[line:442] - INFO: 第96轮训练和预测结束
2022-05-13 01:52:37,426 7744 main.py[line:435] - INFO: 开始第97轮训练和预测
2022-05-13 01:52:43,915 15968 2204517816.py[line:441] - INFO: 第34轮训练和预测结束
2022-05-13 01:52:43,941 15968 2204517816.py[line:434] - INFO: 开始第35轮训练和预测
2022-05-13 01:52:44,213 7744 main.py[line:442] - INFO: 第97轮训练和预测结束
2022-05-13 01:52:44,232 7744 main.py[line:435] - INFO: 开始第98轮训练和预测
2022-05-13 01:52:50,996 7744 main.py[line:442] - INFO: 第98轮训练和预测结束
2022-05-13 01:52:51,016 7744 main.py[line:435] - INFO: 开始第99轮训练和预测
2022-05-13 01:52:51,337 15968 2204517816.py[line:441] - INFO: 第35轮训练和预测结束
2022-05-13 01:52:51,365 15968 2204517816.py[line:434] - INFO: 开始第36轮训练和预测
2022-05-13 01:52:57,631 7744 main.py[line:442] - INFO: 第99轮训练和预测结束
2022-05-13 01:52:57,887 7744 main.py[line:448] - INFO: 训练集评估效果: 
2022-05-13 01:52:57,895 7744 main.py[line:334] - INFO: Label 0:   Precision  0.42, Recall  0.57, F1  0.48
2022-05-13 01:52:57,897 7744 main.py[line:334] - INFO: Label 1:   Precision  0.71, Recall  0.64, F1  0.67
2022-05-13 01:52:57,898 7744 main.py[line:334] - INFO: Label 2:   Precision  0.97, Recall  0.92, F1  0.94
2022-05-13 01:52:57,900 7744 main.py[line:334] - INFO: Label 3:   Precision  0.86, Recall  0.93, F1  0.89
2022-05-13 01:52:57,900 7744 main.py[line:335] - INFO: macro_f1: 0.630914823906414

2022-05-13 01:52:58,256 15968 2204517816.py[line:441] - INFO: 第36轮训练和预测结束
2022-05-13 01:52:58,281 15968 2204517816.py[line:434] - INFO: 开始第37轮训练和预测
2022-05-13 01:53:02,925 15968 2204517816.py[line:441] - INFO: 第37轮训练和预测结束
2022-05-13 01:53:02,953 15968 2204517816.py[line:434] - INFO: 开始第38轮训练和预测
2022-05-13 01:53:08,240 15968 2204517816.py[line:441] - INFO: 第38轮训练和预测结束
2022-05-13 01:53:08,266 15968 2204517816.py[line:434] - INFO: 开始第39轮训练和预测
2022-05-13 01:53:12,999 15968 2204517816.py[line:441] - INFO: 第39轮训练和预测结束
2022-05-13 01:53:13,025 15968 2204517816.py[line:434] - INFO: 开始第40轮训练和预测
2022-05-13 01:53:17,446 15968 2204517816.py[line:441] - INFO: 第40轮训练和预测结束
2022-05-13 01:53:17,473 15968 2204517816.py[line:434] - INFO: 开始第41轮训练和预测
2022-05-13 01:53:21,910 15968 2204517816.py[line:441] - INFO: 第41轮训练和预测结束
2022-05-13 01:53:21,937 15968 2204517816.py[line:434] - INFO: 开始第42轮训练和预测
2022-05-13 01:53:26,371 15968 2204517816.py[line:441] - INFO: 第42轮训练和预测结束
2022-05-13 01:53:26,397 15968 2204517816.py[line:434] - INFO: 开始第43轮训练和预测
2022-05-13 01:53:30,788 15968 2204517816.py[line:441] - INFO: 第43轮训练和预测结束
2022-05-13 01:53:30,815 15968 2204517816.py[line:434] - INFO: 开始第44轮训练和预测
2022-05-13 01:53:35,200 15968 2204517816.py[line:441] - INFO: 第44轮训练和预测结束
2022-05-13 01:53:35,226 15968 2204517816.py[line:434] - INFO: 开始第45轮训练和预测
2022-05-13 01:53:39,638 15968 2204517816.py[line:441] - INFO: 第45轮训练和预测结束
2022-05-13 01:53:39,667 15968 2204517816.py[line:434] - INFO: 开始第46轮训练和预测
2022-05-13 01:53:44,073 15968 2204517816.py[line:441] - INFO: 第46轮训练和预测结束
2022-05-13 01:53:44,099 15968 2204517816.py[line:434] - INFO: 开始第47轮训练和预测
2022-05-13 01:53:48,550 15968 2204517816.py[line:441] - INFO: 第47轮训练和预测结束
2022-05-13 01:53:48,576 15968 2204517816.py[line:434] - INFO: 开始第48轮训练和预测
2022-05-13 01:53:52,984 15968 2204517816.py[line:441] - INFO: 第48轮训练和预测结束
2022-05-13 01:53:53,009 15968 2204517816.py[line:434] - INFO: 开始第49轮训练和预测
2022-05-13 01:53:57,427 15968 2204517816.py[line:441] - INFO: 第49轮训练和预测结束
2022-05-13 01:53:57,452 15968 2204517816.py[line:434] - INFO: 开始第50轮训练和预测
2022-05-13 01:54:01,928 15968 2204517816.py[line:441] - INFO: 第50轮训练和预测结束
2022-05-13 01:54:01,954 15968 2204517816.py[line:434] - INFO: 开始第51轮训练和预测
2022-05-13 01:54:06,355 15968 2204517816.py[line:441] - INFO: 第51轮训练和预测结束
2022-05-13 01:54:06,381 15968 2204517816.py[line:434] - INFO: 开始第52轮训练和预测
2022-05-13 01:54:10,803 15968 2204517816.py[line:441] - INFO: 第52轮训练和预测结束
2022-05-13 01:54:10,828 15968 2204517816.py[line:434] - INFO: 开始第53轮训练和预测
2022-05-13 01:54:15,183 15968 2204517816.py[line:441] - INFO: 第53轮训练和预测结束
2022-05-13 01:54:15,209 15968 2204517816.py[line:434] - INFO: 开始第54轮训练和预测
2022-05-13 01:54:19,633 15968 2204517816.py[line:441] - INFO: 第54轮训练和预测结束
2022-05-13 01:54:19,660 15968 2204517816.py[line:434] - INFO: 开始第55轮训练和预测
2022-05-13 01:54:24,087 15968 2204517816.py[line:441] - INFO: 第55轮训练和预测结束
2022-05-13 01:54:24,114 15968 2204517816.py[line:434] - INFO: 开始第56轮训练和预测
2022-05-13 01:54:28,498 15968 2204517816.py[line:441] - INFO: 第56轮训练和预测结束
2022-05-13 01:54:28,524 15968 2204517816.py[line:434] - INFO: 开始第57轮训练和预测
2022-05-13 01:54:32,958 15968 2204517816.py[line:441] - INFO: 第57轮训练和预测结束
2022-05-13 01:54:32,984 15968 2204517816.py[line:434] - INFO: 开始第58轮训练和预测
2022-05-13 01:54:37,418 15968 2204517816.py[line:441] - INFO: 第58轮训练和预测结束
2022-05-13 01:54:37,445 15968 2204517816.py[line:434] - INFO: 开始第59轮训练和预测
2022-05-13 01:54:41,830 15968 2204517816.py[line:441] - INFO: 第59轮训练和预测结束
2022-05-13 01:54:41,856 15968 2204517816.py[line:434] - INFO: 开始第60轮训练和预测
2022-05-13 01:54:46,298 15968 2204517816.py[line:441] - INFO: 第60轮训练和预测结束
2022-05-13 01:54:46,324 15968 2204517816.py[line:434] - INFO: 开始第61轮训练和预测
2022-05-13 01:54:50,697 15968 2204517816.py[line:441] - INFO: 第61轮训练和预测结束
2022-05-13 01:54:50,723 15968 2204517816.py[line:434] - INFO: 开始第62轮训练和预测
2022-05-13 01:54:55,135 15968 2204517816.py[line:441] - INFO: 第62轮训练和预测结束
2022-05-13 01:54:55,161 15968 2204517816.py[line:434] - INFO: 开始第63轮训练和预测
2022-05-13 01:54:59,605 15968 2204517816.py[line:441] - INFO: 第63轮训练和预测结束
2022-05-13 01:54:59,631 15968 2204517816.py[line:434] - INFO: 开始第64轮训练和预测
2022-05-13 01:55:04,018 15968 2204517816.py[line:441] - INFO: 第64轮训练和预测结束
2022-05-13 01:55:04,044 15968 2204517816.py[line:434] - INFO: 开始第65轮训练和预测
2022-05-13 01:55:08,455 15968 2204517816.py[line:441] - INFO: 第65轮训练和预测结束
2022-05-13 01:55:08,481 15968 2204517816.py[line:434] - INFO: 开始第66轮训练和预测
2022-05-13 01:55:12,935 15968 2204517816.py[line:441] - INFO: 第66轮训练和预测结束
2022-05-13 01:55:12,961 15968 2204517816.py[line:434] - INFO: 开始第67轮训练和预测
2022-05-13 01:55:17,389 15968 2204517816.py[line:441] - INFO: 第67轮训练和预测结束
2022-05-13 01:55:17,414 15968 2204517816.py[line:434] - INFO: 开始第68轮训练和预测
2022-05-13 01:55:21,873 15968 2204517816.py[line:441] - INFO: 第68轮训练和预测结束
2022-05-13 01:55:21,899 15968 2204517816.py[line:434] - INFO: 开始第69轮训练和预测
2022-05-13 01:55:26,313 15968 2204517816.py[line:441] - INFO: 第69轮训练和预测结束
2022-05-13 01:55:26,340 15968 2204517816.py[line:434] - INFO: 开始第70轮训练和预测
2022-05-13 01:55:30,812 15968 2204517816.py[line:441] - INFO: 第70轮训练和预测结束
2022-05-13 01:55:30,837 15968 2204517816.py[line:434] - INFO: 开始第71轮训练和预测
2022-05-13 01:55:35,296 15968 2204517816.py[line:441] - INFO: 第71轮训练和预测结束
2022-05-13 01:55:35,321 15968 2204517816.py[line:434] - INFO: 开始第72轮训练和预测
2022-05-13 01:55:39,722 15968 2204517816.py[line:441] - INFO: 第72轮训练和预测结束
2022-05-13 01:55:39,748 15968 2204517816.py[line:434] - INFO: 开始第73轮训练和预测
2022-05-13 01:55:44,180 15968 2204517816.py[line:441] - INFO: 第73轮训练和预测结束
2022-05-13 01:55:44,207 15968 2204517816.py[line:434] - INFO: 开始第74轮训练和预测
2022-05-13 01:55:48,587 15968 2204517816.py[line:441] - INFO: 第74轮训练和预测结束
2022-05-13 01:55:48,613 15968 2204517816.py[line:434] - INFO: 开始第75轮训练和预测
2022-05-13 01:55:53,050 15968 2204517816.py[line:441] - INFO: 第75轮训练和预测结束
2022-05-13 01:55:53,075 15968 2204517816.py[line:434] - INFO: 开始第76轮训练和预测
2022-05-13 01:55:57,424 15968 2204517816.py[line:441] - INFO: 第76轮训练和预测结束
2022-05-13 01:55:57,449 15968 2204517816.py[line:434] - INFO: 开始第77轮训练和预测
2022-05-13 01:56:01,822 15968 2204517816.py[line:441] - INFO: 第77轮训练和预测结束
2022-05-13 01:56:01,847 15968 2204517816.py[line:434] - INFO: 开始第78轮训练和预测
2022-05-13 01:56:06,287 15968 2204517816.py[line:441] - INFO: 第78轮训练和预测结束
2022-05-13 01:56:06,314 15968 2204517816.py[line:434] - INFO: 开始第79轮训练和预测
2022-05-13 01:56:10,768 15968 2204517816.py[line:441] - INFO: 第79轮训练和预测结束
2022-05-13 01:56:10,794 15968 2204517816.py[line:434] - INFO: 开始第80轮训练和预测
2022-05-13 01:56:15,253 15968 2204517816.py[line:441] - INFO: 第80轮训练和预测结束
2022-05-13 01:56:15,278 15968 2204517816.py[line:434] - INFO: 开始第81轮训练和预测
2022-05-13 01:56:19,725 15968 2204517816.py[line:441] - INFO: 第81轮训练和预测结束
2022-05-13 01:56:19,751 15968 2204517816.py[line:434] - INFO: 开始第82轮训练和预测
2022-05-13 01:56:24,131 15968 2204517816.py[line:441] - INFO: 第82轮训练和预测结束
2022-05-13 01:56:24,157 15968 2204517816.py[line:434] - INFO: 开始第83轮训练和预测
2022-05-13 01:56:28,593 15968 2204517816.py[line:441] - INFO: 第83轮训练和预测结束
2022-05-13 01:56:28,620 15968 2204517816.py[line:434] - INFO: 开始第84轮训练和预测
2022-05-13 01:56:33,064 15968 2204517816.py[line:441] - INFO: 第84轮训练和预测结束
2022-05-13 01:56:33,091 15968 2204517816.py[line:434] - INFO: 开始第85轮训练和预测
2022-05-13 01:56:37,556 15968 2204517816.py[line:441] - INFO: 第85轮训练和预测结束
2022-05-13 01:56:37,581 15968 2204517816.py[line:434] - INFO: 开始第86轮训练和预测
2022-05-13 01:56:42,056 15968 2204517816.py[line:441] - INFO: 第86轮训练和预测结束
2022-05-13 01:56:42,082 15968 2204517816.py[line:434] - INFO: 开始第87轮训练和预测
2022-05-13 01:56:46,479 15968 2204517816.py[line:441] - INFO: 第87轮训练和预测结束
2022-05-13 01:56:46,505 15968 2204517816.py[line:434] - INFO: 开始第88轮训练和预测
2022-05-13 01:56:50,915 15968 2204517816.py[line:441] - INFO: 第88轮训练和预测结束
2022-05-13 01:56:50,941 15968 2204517816.py[line:434] - INFO: 开始第89轮训练和预测
2022-05-13 01:56:55,577 15968 2204517816.py[line:441] - INFO: 第89轮训练和预测结束
2022-05-13 01:56:55,603 15968 2204517816.py[line:434] - INFO: 开始第90轮训练和预测
2022-05-13 01:57:00,137 15968 2204517816.py[line:441] - INFO: 第90轮训练和预测结束
2022-05-13 01:57:00,163 15968 2204517816.py[line:434] - INFO: 开始第91轮训练和预测
2022-05-13 01:57:04,685 15968 2204517816.py[line:441] - INFO: 第91轮训练和预测结束
2022-05-13 01:57:04,711 15968 2204517816.py[line:434] - INFO: 开始第92轮训练和预测
2022-05-13 01:57:09,218 15968 2204517816.py[line:441] - INFO: 第92轮训练和预测结束
2022-05-13 01:57:09,246 15968 2204517816.py[line:434] - INFO: 开始第93轮训练和预测
2022-05-13 01:57:13,773 15968 2204517816.py[line:441] - INFO: 第93轮训练和预测结束
2022-05-13 01:57:13,799 15968 2204517816.py[line:434] - INFO: 开始第94轮训练和预测
2022-05-13 01:57:18,260 15968 2204517816.py[line:441] - INFO: 第94轮训练和预测结束
2022-05-13 01:57:18,289 15968 2204517816.py[line:434] - INFO: 开始第95轮训练和预测
2022-05-13 01:57:22,775 15968 2204517816.py[line:441] - INFO: 第95轮训练和预测结束
2022-05-13 01:57:22,803 15968 2204517816.py[line:434] - INFO: 开始第96轮训练和预测
2022-05-13 01:57:27,277 15968 2204517816.py[line:441] - INFO: 第96轮训练和预测结束
2022-05-13 01:57:27,302 15968 2204517816.py[line:434] - INFO: 开始第97轮训练和预测
2022-05-13 01:57:31,773 15968 2204517816.py[line:441] - INFO: 第97轮训练和预测结束
2022-05-13 01:57:31,799 15968 2204517816.py[line:434] - INFO: 开始第98轮训练和预测
2022-05-13 01:57:36,225 15968 2204517816.py[line:441] - INFO: 第98轮训练和预测结束
2022-05-13 01:57:36,252 15968 2204517816.py[line:434] - INFO: 开始第99轮训练和预测
2022-05-13 01:57:40,670 15968 2204517816.py[line:441] - INFO: 第99轮训练和预测结束
2022-05-13 01:57:40,712 15968 2204517816.py[line:447] - INFO: 训练集评估效果: 
2022-05-13 01:57:40,720 15968 2204517816.py[line:334] - INFO: Label 0:   Precision  0.42, Recall  0.57, F1  0.49
2022-05-13 01:57:40,723 15968 2204517816.py[line:334] - INFO: Label 1:   Precision  0.70, Recall  0.63, F1  0.66
2022-05-13 01:57:40,725 15968 2204517816.py[line:334] - INFO: Label 2:   Precision  0.97, Recall  0.92, F1  0.95
2022-05-13 01:57:40,728 15968 2204517816.py[line:334] - INFO: Label 3:   Precision  0.86, Recall  0.93, F1  0.90
2022-05-13 01:57:40,728 15968 2204517816.py[line:335] - INFO: macro_f1: 0.6302652798262635

2022-05-13 01:59:29,167 15968 2625477693.py[line:434] - INFO: 开始第0轮训练和预测
2022-05-13 01:59:33,592 15968 2625477693.py[line:441] - INFO: 第0轮训练和预测结束
2022-05-13 01:59:33,619 15968 2625477693.py[line:434] - INFO: 开始第1轮训练和预测
2022-05-13 01:59:38,211 15968 2625477693.py[line:441] - INFO: 第1轮训练和预测结束
2022-05-13 01:59:38,238 15968 2625477693.py[line:434] - INFO: 开始第2轮训练和预测
2022-05-13 01:59:42,642 15968 2625477693.py[line:441] - INFO: 第2轮训练和预测结束
2022-05-13 01:59:42,668 15968 2625477693.py[line:434] - INFO: 开始第3轮训练和预测
2022-05-13 01:59:47,271 15968 2625477693.py[line:441] - INFO: 第3轮训练和预测结束
2022-05-13 01:59:47,300 15968 2625477693.py[line:434] - INFO: 开始第4轮训练和预测
2022-05-13 01:59:52,057 15968 2625477693.py[line:441] - INFO: 第4轮训练和预测结束
2022-05-13 01:59:52,083 15968 2625477693.py[line:434] - INFO: 开始第5轮训练和预测
2022-05-13 01:59:56,887 8428 main.py[line:236] - INFO: 开始拼接日志和标签数据
2022-05-13 01:59:56,987 15968 2625477693.py[line:441] - INFO: 第5轮训练和预测结束
2022-05-13 01:59:57,014 15968 2625477693.py[line:434] - INFO: 开始第6轮训练和预测
2022-05-13 01:59:57,754 8428 main.py[line:245] - INFO: 拼接日志和标签数据结束
2022-05-13 01:59:57,754 8428 main.py[line:247] - INFO: 开始匹配日志和标签
2022-05-13 01:59:57,755 8428 main.py[line:248] - INFO: 使用报错时间截断进行划分
2022-05-13 01:59:58,538 8428 main.py[line:253] - INFO: 匹配日志和标签结束
2022-05-13 01:59:58,538 8428 main.py[line:255] - INFO: 开始计算统计特征
2022-05-13 02:00:01,883 15968 2625477693.py[line:441] - INFO: 第6轮训练和预测结束
2022-05-13 02:00:01,910 15968 2625477693.py[line:434] - INFO: 开始第7轮训练和预测
2022-05-13 02:00:06,826 15968 2625477693.py[line:441] - INFO: 第7轮训练和预测结束
2022-05-13 02:00:06,853 15968 2625477693.py[line:434] - INFO: 开始第8轮训练和预测
2022-05-13 02:00:11,813 15968 2625477693.py[line:441] - INFO: 第8轮训练和预测结束
2022-05-13 02:00:11,839 15968 2625477693.py[line:434] - INFO: 开始第9轮训练和预测
2022-05-13 02:00:16,804 15968 2625477693.py[line:441] - INFO: 第9轮训练和预测结束
2022-05-13 02:00:16,830 15968 2625477693.py[line:434] - INFO: 开始第10轮训练和预测
2022-05-13 02:00:21,815 15968 2625477693.py[line:441] - INFO: 第10轮训练和预测结束
2022-05-13 02:00:21,842 15968 2625477693.py[line:434] - INFO: 开始第11轮训练和预测
2022-05-13 02:00:26,880 15968 2625477693.py[line:441] - INFO: 第11轮训练和预测结束
2022-05-13 02:00:26,906 15968 2625477693.py[line:434] - INFO: 开始第12轮训练和预测
2022-05-13 02:00:31,931 15968 2625477693.py[line:441] - INFO: 第12轮训练和预测结束
2022-05-13 02:00:31,957 15968 2625477693.py[line:434] - INFO: 开始第13轮训练和预测
2022-05-13 02:00:37,039 15968 2625477693.py[line:441] - INFO: 第13轮训练和预测结束
2022-05-13 02:00:37,065 15968 2625477693.py[line:434] - INFO: 开始第14轮训练和预测
2022-05-13 02:00:41,914 15968 2625477693.py[line:441] - INFO: 第14轮训练和预测结束
2022-05-13 02:00:41,941 15968 2625477693.py[line:434] - INFO: 开始第15轮训练和预测
2022-05-13 02:00:43,597 8428 main.py[line:258] - INFO: 计算统计特征结束
2022-05-13 02:00:43,602 8428 main.py[line:264] - INFO: 开始计算词频特征
2022-05-13 02:00:46,791 15968 2625477693.py[line:441] - INFO: 第15轮训练和预测结束
2022-05-13 02:00:46,818 15968 2625477693.py[line:434] - INFO: 开始第16轮训练和预测
2022-05-13 02:00:51,662 15968 2625477693.py[line:441] - INFO: 第16轮训练和预测结束
2022-05-13 02:00:51,689 15968 2625477693.py[line:434] - INFO: 开始第17轮训练和预测
2022-05-13 02:00:52,399 8428 main.py[line:274] - INFO: 计算词频特征结束
2022-05-13 02:00:54,001 8428 main.py[line:285] - INFO: 最后3列为: label, sn, fault_time, 其余列均为特征
2022-05-13 02:00:54,001 8428 main.py[line:286] - INFO: 数据条数: 16604, 特征个数: 303
2022-05-13 02:00:54,155 8428 main.py[line:356] - INFO: 开始训练xgb模型
2022-05-13 02:01:01,577 15968 2625477693.py[line:441] - INFO: 第17轮训练和预测结束
2022-05-13 02:01:01,608 15968 2625477693.py[line:434] - INFO: 开始第18轮训练和预测
2022-05-13 02:01:17,427 15968 2625477693.py[line:441] - INFO: 第18轮训练和预测结束
2022-05-13 02:01:17,459 15968 2625477693.py[line:434] - INFO: 开始第19轮训练和预测
2022-05-13 02:01:22,667 8428 main.py[line:358] - INFO: 训练xgb模型结束
2022-05-13 02:01:22,970 8428 main.py[line:362] - INFO: 训练集评估效果: 
2022-05-13 02:01:22,985 8428 main.py[line:334] - INFO: Label 0:   Precision  1.00, Recall  1.00, F1  1.00
2022-05-13 02:01:22,987 8428 main.py[line:334] - INFO: Label 1:   Precision  1.00, Recall  1.00, F1  1.00
2022-05-13 02:01:22,989 8428 main.py[line:334] - INFO: Label 2:   Precision  1.00, Recall  1.00, F1  1.00
2022-05-13 02:01:22,990 8428 main.py[line:334] - INFO: Label 3:   Precision  1.00, Recall  0.99, F1  1.00
2022-05-13 02:01:22,991 8428 main.py[line:335] - INFO: macro_f1: 0.9982922434479221

2022-05-13 02:01:23,024 8428 main.py[line:394] - INFO: 开始xgb模型预测
2022-05-13 02:01:23,081 8428 main.py[line:396] - INFO: xgb模型预测结束
2022-05-13 02:01:23,089 8428 main.py[line:400] - INFO: 测试集评估效果: 
2022-05-13 02:01:23,101 8428 main.py[line:334] - INFO: Label 0:   Precision  1.00, Recall  1.00, F1  1.00
2022-05-13 02:01:23,103 8428 main.py[line:334] - INFO: Label 1:   Precision  1.00, Recall  1.00, F1  1.00
2022-05-13 02:01:23,104 8428 main.py[line:334] - INFO: Label 2:   Precision  1.00, Recall  1.00, F1  1.00
2022-05-13 02:01:23,106 8428 main.py[line:334] - INFO: Label 3:   Precision  1.00, Recall  1.00, F1  1.00
2022-05-13 02:01:23,106 8428 main.py[line:335] - INFO: macro_f1: 0.9984007895996476

2022-05-13 02:01:23,122 8428 main.py[line:394] - INFO: 开始xgb模型预测
2022-05-13 02:01:23,148 8428 main.py[line:396] - INFO: xgb模型预测结束
2022-05-13 02:01:23,154 8428 main.py[line:400] - INFO: 测试集评估效果: 
2022-05-13 02:01:23,172 8428 main.py[line:334] - INFO: Label 0:   Precision  1.00, Recall  1.00, F1  1.00
2022-05-13 02:01:23,173 8428 main.py[line:334] - INFO: Label 1:   Precision  1.00, Recall  1.00, F1  1.00
2022-05-13 02:01:23,174 8428 main.py[line:334] - INFO: Label 2:   Precision  1.00, Recall  1.00, F1  1.00
2022-05-13 02:01:23,176 8428 main.py[line:334] - INFO: Label 3:   Precision  1.00, Recall  1.00, F1  1.00
2022-05-13 02:01:23,176 8428 main.py[line:335] - INFO: macro_f1: 0.9991661708820261

2022-05-13 02:01:25,531 15968 2625477693.py[line:441] - INFO: 第19轮训练和预测结束
2022-05-13 02:01:25,556 15968 2625477693.py[line:434] - INFO: 开始第20轮训练和预测
2022-05-13 02:01:30,016 15968 2625477693.py[line:441] - INFO: 第20轮训练和预测结束
2022-05-13 02:01:30,042 15968 2625477693.py[line:434] - INFO: 开始第21轮训练和预测
2022-05-13 02:01:34,643 15968 2625477693.py[line:441] - INFO: 第21轮训练和预测结束
2022-05-13 02:01:34,670 15968 2625477693.py[line:434] - INFO: 开始第22轮训练和预测
2022-05-13 02:01:39,274 15968 2625477693.py[line:441] - INFO: 第22轮训练和预测结束
2022-05-13 02:01:39,301 15968 2625477693.py[line:434] - INFO: 开始第23轮训练和预测
2022-05-13 02:01:44,138 15968 2625477693.py[line:441] - INFO: 第23轮训练和预测结束
2022-05-13 02:01:44,165 15968 2625477693.py[line:434] - INFO: 开始第24轮训练和预测
2022-05-13 02:01:45,829 21400 main.py[line:236] - INFO: 开始拼接日志和标签数据
2022-05-13 02:01:45,851 21400 main.py[line:245] - INFO: 拼接日志和标签数据结束
2022-05-13 02:01:45,851 21400 main.py[line:247] - INFO: 开始匹配日志和标签
2022-05-13 02:01:45,851 21400 main.py[line:248] - INFO: 使用报错时间截断进行划分
2022-05-13 02:01:46,638 21400 main.py[line:253] - INFO: 匹配日志和标签结束
2022-05-13 02:01:46,638 21400 main.py[line:255] - INFO: 开始计算统计特征
2022-05-13 02:01:49,135 15968 2625477693.py[line:441] - INFO: 第24轮训练和预测结束
2022-05-13 02:01:49,161 15968 2625477693.py[line:434] - INFO: 开始第25轮训练和预测
2022-05-13 02:01:54,032 15968 2625477693.py[line:441] - INFO: 第25轮训练和预测结束
2022-05-13 02:01:54,061 15968 2625477693.py[line:434] - INFO: 开始第26轮训练和预测
2022-05-13 02:01:58,898 15968 2625477693.py[line:441] - INFO: 第26轮训练和预测结束
2022-05-13 02:01:58,926 15968 2625477693.py[line:434] - INFO: 开始第27轮训练和预测
2022-05-13 02:02:03,855 15968 2625477693.py[line:441] - INFO: 第27轮训练和预测结束
2022-05-13 02:02:03,882 15968 2625477693.py[line:434] - INFO: 开始第28轮训练和预测
2022-05-13 02:02:07,346 18060 main.py[line:236] - INFO: 开始拼接日志和标签数据
2022-05-13 02:02:08,285 18060 main.py[line:245] - INFO: 拼接日志和标签数据结束
2022-05-13 02:02:08,286 18060 main.py[line:247] - INFO: 开始匹配日志和标签
2022-05-13 02:02:08,286 18060 main.py[line:248] - INFO: 使用报错时间截断进行划分
2022-05-13 02:02:08,824 15968 2625477693.py[line:441] - INFO: 第28轮训练和预测结束
2022-05-13 02:02:08,851 15968 2625477693.py[line:434] - INFO: 开始第29轮训练和预测
2022-05-13 02:02:08,935 18060 main.py[line:253] - INFO: 匹配日志和标签结束
2022-05-13 02:02:08,935 18060 main.py[line:255] - INFO: 开始计算统计特征
2022-05-13 02:02:14,331 15968 2625477693.py[line:441] - INFO: 第29轮训练和预测结束
2022-05-13 02:02:14,361 15968 2625477693.py[line:434] - INFO: 开始第30轮训练和预测
2022-05-13 02:02:19,179 15968 2625477693.py[line:441] - INFO: 第30轮训练和预测结束
2022-05-13 02:02:19,205 15968 2625477693.py[line:434] - INFO: 开始第31轮训练和预测
2022-05-13 02:02:24,437 15968 2625477693.py[line:441] - INFO: 第31轮训练和预测结束
2022-05-13 02:02:24,467 15968 2625477693.py[line:434] - INFO: 开始第32轮训练和预测
2022-05-13 02:02:29,308 15968 2625477693.py[line:441] - INFO: 第32轮训练和预测结束
2022-05-13 02:02:29,335 15968 2625477693.py[line:434] - INFO: 开始第33轮训练和预测
2022-05-13 02:02:34,661 15968 2625477693.py[line:441] - INFO: 第33轮训练和预测结束
2022-05-13 02:02:34,687 15968 2625477693.py[line:434] - INFO: 开始第34轮训练和预测
2022-05-13 02:02:39,676 15968 2625477693.py[line:441] - INFO: 第34轮训练和预测结束
2022-05-13 02:02:39,704 15968 2625477693.py[line:434] - INFO: 开始第35轮训练和预测
2022-05-13 02:02:44,626 15968 2625477693.py[line:441] - INFO: 第35轮训练和预测结束
2022-05-13 02:02:44,652 15968 2625477693.py[line:434] - INFO: 开始第36轮训练和预测
2022-05-13 02:02:49,503 15968 2625477693.py[line:441] - INFO: 第36轮训练和预测结束
2022-05-13 02:02:49,530 15968 2625477693.py[line:434] - INFO: 开始第37轮训练和预测
2022-05-13 02:02:54,371 18060 main.py[line:258] - INFO: 计算统计特征结束
2022-05-13 02:02:54,374 18060 main.py[line:264] - INFO: 开始计算词频特征
2022-05-13 02:02:54,435 15968 2625477693.py[line:441] - INFO: 第37轮训练和预测结束
2022-05-13 02:02:54,461 15968 2625477693.py[line:434] - INFO: 开始第38轮训练和预测
2022-05-13 02:02:59,555 15968 2625477693.py[line:441] - INFO: 第38轮训练和预测结束
2022-05-13 02:02:59,583 15968 2625477693.py[line:434] - INFO: 开始第39轮训练和预测
2022-05-13 02:03:03,476 18060 main.py[line:274] - INFO: 计算词频特征结束
2022-05-13 02:03:04,458 15968 2625477693.py[line:441] - INFO: 第39轮训练和预测结束
2022-05-13 02:03:04,484 15968 2625477693.py[line:434] - INFO: 开始第40轮训练和预测
2022-05-13 02:03:04,904 18060 main.py[line:285] - INFO: 最后3列为: label, sn, fault_time, 其余列均为特征
2022-05-13 02:03:04,905 18060 main.py[line:286] - INFO: 数据条数: 16604, 特征个数: 303
2022-05-13 02:03:05,036 18060 main.py[line:356] - INFO: 开始训练xgb模型
2022-05-13 02:03:17,115 15968 2625477693.py[line:441] - INFO: 第40轮训练和预测结束
2022-05-13 02:03:17,145 15968 2625477693.py[line:434] - INFO: 开始第41轮训练和预测
2022-05-13 02:03:25,741 18060 main.py[line:358] - INFO: 训练xgb模型结束
2022-05-13 02:03:26,016 18060 main.py[line:362] - INFO: 训练集评估效果: 
2022-05-13 02:03:26,029 18060 main.py[line:334] - INFO: Label 0:   Precision  1.00, Recall  1.00, F1  1.00
2022-05-13 02:03:26,030 18060 main.py[line:334] - INFO: Label 1:   Precision  1.00, Recall  1.00, F1  1.00
2022-05-13 02:03:26,032 18060 main.py[line:334] - INFO: Label 2:   Precision  1.00, Recall  1.00, F1  1.00
2022-05-13 02:03:26,033 18060 main.py[line:334] - INFO: Label 3:   Precision  1.00, Recall  1.00, F1  1.00
2022-05-13 02:03:26,033 18060 main.py[line:335] - INFO: macro_f1: 0.9986011371473663

2022-05-13 02:03:26,068 18060 main.py[line:394] - INFO: 开始xgb模型预测
2022-05-13 02:03:26,115 18060 main.py[line:396] - INFO: xgb模型预测结束
2022-05-13 02:03:26,123 18060 main.py[line:400] - INFO: 测试集评估效果: 
2022-05-13 02:03:26,135 18060 main.py[line:334] - INFO: Label 0:   Precision  1.00, Recall  1.00, F1  1.00
2022-05-13 02:03:26,136 18060 main.py[line:334] - INFO: Label 1:   Precision  1.00, Recall  1.00, F1  1.00
2022-05-13 02:03:26,138 18060 main.py[line:334] - INFO: Label 2:   Precision  1.00, Recall  1.00, F1  1.00
2022-05-13 02:03:26,139 18060 main.py[line:334] - INFO: Label 3:   Precision  1.00, Recall  1.00, F1  1.00
2022-05-13 02:03:26,140 18060 main.py[line:335] - INFO: macro_f1: 0.9986011371473663

2022-05-13 02:03:26,156 18060 main.py[line:394] - INFO: 开始xgb模型预测
2022-05-13 02:03:26,177 18060 main.py[line:396] - INFO: xgb模型预测结束
2022-05-13 02:03:26,182 18060 main.py[line:400] - INFO: 测试集评估效果: 
2022-05-13 02:03:26,198 18060 main.py[line:334] - INFO: Label 0:   Precision  0.58, Recall  0.34, F1  0.43
2022-05-13 02:03:26,199 18060 main.py[line:334] - INFO: Label 1:   Precision  0.71, Recall  0.80, F1  0.75
2022-05-13 02:03:26,201 18060 main.py[line:334] - INFO: Label 2:   Precision  0.95, Recall  0.96, F1  0.95
2022-05-13 02:03:26,202 18060 main.py[line:334] - INFO: Label 3:   Precision  0.89, Recall  0.91, F1  0.90
2022-05-13 02:03:26,202 18060 main.py[line:335] - INFO: macro_f1: 0.6372511554084912

2022-05-13 02:03:27,621 15968 2625477693.py[line:441] - INFO: 第41轮训练和预测结束
2022-05-13 02:03:27,647 15968 2625477693.py[line:434] - INFO: 开始第42轮训练和预测
2022-05-13 02:03:32,154 15968 2625477693.py[line:441] - INFO: 第42轮训练和预测结束
2022-05-13 02:03:32,180 15968 2625477693.py[line:434] - INFO: 开始第43轮训练和预测
2022-05-13 02:03:36,646 15968 2625477693.py[line:441] - INFO: 第43轮训练和预测结束
2022-05-13 02:03:36,672 15968 2625477693.py[line:434] - INFO: 开始第44轮训练和预测
2022-05-13 02:03:41,648 15968 2625477693.py[line:441] - INFO: 第44轮训练和预测结束
2022-05-13 02:03:41,676 15968 2625477693.py[line:434] - INFO: 开始第45轮训练和预测
2022-05-13 02:03:46,351 15968 2625477693.py[line:441] - INFO: 第45轮训练和预测结束
2022-05-13 02:03:46,377 15968 2625477693.py[line:434] - INFO: 开始第46轮训练和预测
2022-05-13 02:03:51,246 15968 2625477693.py[line:441] - INFO: 第46轮训练和预测结束
2022-05-13 02:03:51,273 15968 2625477693.py[line:434] - INFO: 开始第47轮训练和预测
2022-05-13 02:03:55,784 15968 2625477693.py[line:441] - INFO: 第47轮训练和预测结束
2022-05-13 02:03:55,811 15968 2625477693.py[line:434] - INFO: 开始第48轮训练和预测
2022-05-13 02:04:00,560 15968 2625477693.py[line:441] - INFO: 第48轮训练和预测结束
2022-05-13 02:04:00,592 15968 2625477693.py[line:434] - INFO: 开始第49轮训练和预测
2022-05-13 02:04:05,447 15968 2625477693.py[line:441] - INFO: 第49轮训练和预测结束
2022-05-13 02:04:05,486 15968 2625477693.py[line:447] - INFO: 训练集评估效果: 
2022-05-13 02:04:05,494 15968 2625477693.py[line:334] - INFO: Label 0:   Precision  0.42, Recall  0.57, F1  0.48
2022-05-13 02:04:05,496 15968 2625477693.py[line:334] - INFO: Label 1:   Precision  0.70, Recall  0.63, F1  0.66
2022-05-13 02:04:05,498 15968 2625477693.py[line:334] - INFO: Label 2:   Precision  0.97, Recall  0.92, F1  0.94
2022-05-13 02:04:05,501 15968 2625477693.py[line:334] - INFO: Label 3:   Precision  0.86, Recall  0.93, F1  0.89
2022-05-13 02:04:05,501 15968 2625477693.py[line:335] - INFO: macro_f1: 0.6261052299531462

2022-05-13 02:04:22,974 14132 main.py[line:236] - INFO: 开始拼接日志和标签数据
2022-05-13 02:04:23,506 14132 main.py[line:245] - INFO: 拼接日志和标签数据结束
2022-05-13 02:04:23,506 14132 main.py[line:247] - INFO: 开始匹配日志和标签
2022-05-13 02:04:23,506 14132 main.py[line:248] - INFO: 使用报错时间截断进行划分
2022-05-13 02:04:23,971 14132 main.py[line:253] - INFO: 匹配日志和标签结束
2022-05-13 02:04:23,971 14132 main.py[line:255] - INFO: 开始计算统计特征
2022-05-13 02:04:51,914 14132 main.py[line:258] - INFO: 计算统计特征结束
2022-05-13 02:04:51,917 14132 main.py[line:264] - INFO: 开始计算词频特征
2022-05-13 02:04:56,859 14132 main.py[line:274] - INFO: 计算词频特征结束
2022-05-13 02:04:57,714 14132 main.py[line:285] - INFO: 最后3列为: label, sn, fault_time, 其余列均为特征
2022-05-13 02:04:57,714 14132 main.py[line:286] - INFO: 数据条数: 16604, 特征个数: 303
2022-05-13 02:04:58,249 14132 main.py[line:356] - INFO: 开始训练xgb模型
2022-05-13 02:05:20,761 14132 main.py[line:358] - INFO: 训练xgb模型结束
2022-05-13 02:05:20,983 14132 main.py[line:362] - INFO: 训练集评估效果: 
2022-05-13 02:05:20,992 14132 main.py[line:334] - INFO: Label 0:   Precision  1.00, Recall  1.00, F1  1.00
2022-05-13 02:05:20,994 14132 main.py[line:334] - INFO: Label 1:   Precision  1.00, Recall  1.00, F1  1.00
2022-05-13 02:05:20,995 14132 main.py[line:334] - INFO: Label 2:   Precision  1.00, Recall  1.00, F1  1.00
2022-05-13 02:05:20,996 14132 main.py[line:334] - INFO: Label 3:   Precision  1.00, Recall  0.99, F1  1.00
2022-05-13 02:05:20,996 14132 main.py[line:335] - INFO: macro_f1: 0.9982922434479221

2022-05-13 02:07:02,985 15080 main.py[line:236] - INFO: 开始拼接日志和标签数据
2022-05-13 02:07:02,997 15080 main.py[line:245] - INFO: 拼接日志和标签数据结束
2022-05-13 02:07:02,997 15080 main.py[line:247] - INFO: 开始匹配日志和标签
2022-05-13 02:07:02,997 15080 main.py[line:248] - INFO: 使用报错时间截断进行划分
2022-05-13 02:07:03,456 15080 main.py[line:253] - INFO: 匹配日志和标签结束
2022-05-13 02:07:03,456 15080 main.py[line:255] - INFO: 开始计算统计特征
2022-05-13 02:07:30,889 15080 main.py[line:258] - INFO: 计算统计特征结束
2022-05-13 02:07:30,891 15080 main.py[line:264] - INFO: 开始计算词频特征
2022-05-13 02:07:35,822 15080 main.py[line:274] - INFO: 计算词频特征结束
2022-05-13 02:07:36,669 15080 main.py[line:285] - INFO: 最后3列为: label, sn, fault_time, 其余列均为特征
2022-05-13 02:07:36,669 15080 main.py[line:286] - INFO: 数据条数: 16604, 特征个数: 303
2022-05-13 02:07:37,463 15080 main.py[line:382] - INFO: 开始xgb模型预测
2022-05-13 02:07:37,508 15080 main.py[line:384] - INFO: xgb模型预测结束
2022-05-13 02:08:15,434 5276 main.py[line:236] - INFO: 开始拼接日志和标签数据
2022-05-13 02:08:15,446 5276 main.py[line:245] - INFO: 拼接日志和标签数据结束
2022-05-13 02:08:15,446 5276 main.py[line:247] - INFO: 开始匹配日志和标签
2022-05-13 02:08:15,446 5276 main.py[line:248] - INFO: 使用报错时间截断进行划分
2022-05-13 02:08:24,154 5276 main.py[line:253] - INFO: 匹配日志和标签结束
2022-05-13 02:08:24,155 5276 main.py[line:255] - INFO: 开始计算统计特征
2022-05-13 02:08:26,756 5276 main.py[line:258] - INFO: 计算统计特征结束
2022-05-13 02:08:26,756 5276 main.py[line:264] - INFO: 开始计算词频特征
2022-05-13 02:08:27,596 5276 main.py[line:274] - INFO: 计算词频特征结束
2022-05-13 02:08:27,754 5276 main.py[line:285] - INFO: 最后3列为: label, sn, fault_time, 其余列均为特征
2022-05-13 02:08:27,754 5276 main.py[line:286] - INFO: 数据条数: 3011, 特征个数: 303
2022-05-13 02:08:28,147 5276 main.py[line:382] - INFO: 开始xgb模型预测
2022-05-13 02:08:28,156 5276 main.py[line:384] - INFO: xgb模型预测结束
